#
# A fatal error has been detected by the Java Runtime Environment:
#
#  SIGSEGV (0xb) at pc=0xb6cf53d3, pid=14594, tid=2086001472
#
# JRE version: Java(TM) SE Runtime Environment (7.0_40-b43) (build 1.7.0_40-b43)
# Java VM: Java HotSpot(TM) Server VM (24.0-b56 mixed mode linux-x86 )
# Problematic frame:
# V  [libjvm.so+0x4bd3d3]  jni_ExceptionCheck+0x23
#
# Failed to write core dump. Core dumps have been disabled. To enable core dumping, try "ulimit -c unlimited" before starting Java again
#
# If you would like to submit a bug report, please visit:
#   http://bugreport.sun.com/bugreport/crash.jsp
# The crash happened outside the Java Virtual Machine in native code.
# See problematic frame for where to report the bug.
#

---------------  T H R E A D  ---------------

Current thread (0x7c25b400):  JavaThread "Lucene Merge Thread #13762" daemon [_thread_in_native, id=28578, stack(0x7c50d000,0x7c55e000)]

siginfo:si_signo=SIGSEGV: si_errno=0, si_code=1 (SEGV_MAPERR), si_addr=0x0000016c

Registers:
EAX=0x00000000, EBX=0xb70fac10, ECX=0xb7727000, EDX=0x00000000
ESP=0x7c55ccd0, EBP=0x7c55cce8, ESI=0x00000000, EDI=0x00000000
EIP=0xb6cf53d3, EFLAGS=0x00010202, CR2=0x0000016c

Top of Stack: (sp=0x7c55ccd0)
0x7c55ccd0:   7fd14650 00008000 7c25b400 b6797478
0x7c55cce0:   00000000 00000000 7c55cd58 b6787a61
0x7c55ccf0:   b7100d40 7c55cdc4 b66594a0 b66593f0
0x7c55cd00:   b704406f a9845018 a95a9410 b6a9683e
0x7c55cd10:   00000000 00000000 b6d299fb 7fd14650
0x7c55cd20:   7c25b400 7fd1465c 7c55cd78 b6d0fa4c
0x7c55cd30:   7c55cd68 b70fac10 7c55cd78 b6cf7af1
0x7c55cd40:   7c25b530 808f65a8 00000022 b6797478 

Instructions: (pc=0xb6cf53d3)
0xb6cf53b3:   57 56 53 83 ec 18 e8 00 00 00 00 5b 81 c3 52 58
0xb6cf53c3:   40 00 8b 45 08 50 e8 72 a6 01 00 89 c6 83 c4 10
0xb6cf53d3:   c7 80 6c 01 00 00 05 00 00 00 8b 83 20 e0 ff ff
0xb6cf53e3:   83 38 01 7e 14 8b 83 fc e9 ff ff 80 38 00 0f 84 

Register to memory mapping:

EAX=0x00000000 is an unknown value
EBX=0xb70fac10: <offset 0x8c2c10> in /home/edimar/jdk1.7.0_40/jre/lib/i386/server/libjvm.so at 0xb6838000
ECX=0xb7727000 is an unknown value
EDX=0x00000000 is an unknown value
ESP=0x7c55ccd0 is pointing into the stack for thread: 0x7c25b400
EBP=0x7c55cce8 is pointing into the stack for thread: 0x7c25b400
ESI=0x00000000 is an unknown value
EDI=0x00000000 is an unknown value


Stack: [0x7c50d000,0x7c55e000],  sp=0x7c55ccd0,  free space=319k
Native frames: (J=compiled Java code, j=interpreted, Vv=VM code, C=native code)
V  [libjvm.so+0x4bd3d3]  jni_ExceptionCheck+0x23
C  [libjava.so+0x13a61]  JNU_GetStringPlatformChars+0x6c1
C  [libjava.so+0x11169]  fileOpen+0x39
C  [libjava.so+0xd32b]  Java_java_io_RandomAccessFile_open+0x6b
J  java.io.RandomAccessFile.open(Ljava/lang/String;I)V

Java frames: (J=compiled Java code, j=interpreted, Vv=VM code)
J  java.io.RandomAccessFile.open(Ljava/lang/String;I)V
J  java.io.RandomAccessFile.<init>(Ljava/io/File;Ljava/lang/String;)V
J  org.apache.lucene.store.NIOFSDirectory$NIOFSIndexInput.<init>(Ljava/io/File;II)V
J  org.apache.lucene.store.FSDirectory.openInput(Ljava/lang/String;)Lorg/apache/lucene/store/IndexInput;
J  org.apache.lucene.index.CompoundFileWriter.close()V
J  org.apache.lucene.index.SegmentMerger.createCompoundFile(Ljava/lang/String;Lorg/apache/lucene/index/SegmentInfo;)Ljava/util/Collection;
J  org.apache.lucene.index.IndexWriter.mergeMiddle(Lorg/apache/lucene/index/MergePolicy$OneMerge;)I
J  org.apache.lucene.index.ConcurrentMergeScheduler$MergeThread.run()V
v  ~StubRoutines::call_stub

---------------  P R O C E S S  ---------------

Java Threads: ( => current thread )
=>0x7c25b400 JavaThread "Lucene Merge Thread #13762" daemon [_thread_in_native, id=28578, stack(0x7c50d000,0x7c55e000)]
  0x79754c00 JavaThread "Lucene Merge Thread #13522" daemon [_thread_blocked, id=28338, stack(0x7c05e000,0x7c0af000)]
  0x7c440800 JavaThread "GC-Monitor" daemon [_thread_blocked, id=14614, stack(0x7c5af000,0x7c600000)]
  0x7c8a5000 JavaThread "Scheduled Neo4j EmbeddedGraphDatabase [/media/edimar/SAMSUNG/doutorado04/neo4j/data/SWDE/job/job-careerbuilder/graph.db]-2" daemon [_thread_blocked, id=14613, stack(0x7c90d000,0x7c95e000)]
  0x7c8aa800 JavaThread "Scheduled Neo4j EmbeddedGraphDatabase [/media/edimar/SAMSUNG/doutorado04/neo4j/data/SWDE/job/job-careerbuilder/graph.db]-1" daemon [_thread_blocked, id=14612, stack(0x7c95e000,0x7c9af000)]
  0x7ccf2400 JavaThread "MuninnPageCache[1]-FlushTask" daemon [_thread_blocked, id=14611, stack(0x7c9af000,0x7ca00000)]
  0x7ccf8c00 JavaThread "MuninnPageCache[1]-EvictionTask" daemon [_thread_blocked, id=14610, stack(0x7cf17000,0x7cf68000)]
  0x7cc05000 JavaThread "Neo4j UDC Timer" daemon [_thread_blocked, id=14609, stack(0x7cf68000,0x7cfb9000)]
  0x7db29c00 JavaThread "Service Thread" daemon [_thread_blocked, id=14607, stack(0x7d4c9000,0x7d51a000)]
  0x7db28000 JavaThread "C2 CompilerThread1" daemon [_thread_blocked, id=14606, stack(0x7d51a000,0x7d59b000)]
  0x7db26000 JavaThread "C2 CompilerThread0" daemon [_thread_blocked, id=14605, stack(0x7d59b000,0x7d61c000)]
  0x7db24400 JavaThread "Signal Dispatcher" daemon [_thread_blocked, id=14604, stack(0x7d61c000,0x7d66d000)]
  0x7db14c00 JavaThread "Finalizer" daemon [_thread_blocked, id=14603, stack(0x7d9dd000,0x7da2e000)]
  0x7db12400 JavaThread "Reference Handler" daemon [_thread_blocked, id=14602, stack(0x7da2e000,0x7da7f000)]
  0xb6609000 JavaThread "main" [_thread_in_Java, id=14598, stack(0xb67a1000,0xb67f2000)]

Other Threads:
  0x7db10800 VMThread [stack: 0x7da7f000,0x7db00000] [id=14601]
  0x7db2bc00 WatcherThread [stack: 0x7d448000,0x7d4c9000] [id=14608]

VM state:not at safepoint (normal execution)

VM Mutex/Monitor currently owned by a thread: None

Heap
 PSYoungGen      total 228608K, used 186366K [0xa3940000, 0xb3480000, 0xb3540000)
  eden space 201472K, 82% used [0xa3940000,0xadbb1788,0xafe00000)
  from space 27136K, 73% used [0xafe00000,0xb118e1b0,0xb1880000)
  to   space 26624K, 0% used [0xb1a80000,0xb1a80000,0xb3480000)
 ParOldGen       total 210688K, used 158217K [0x84140000, 0x90f00000, 0xa3940000)
  object space 210688K, 75% used [0x84140000,0x8dbc2628,0x90f00000)
 PSPermGen       total 36096K, used 23670K [0x80140000, 0x82480000, 0x84140000)
  object space 36096K, 65% used [0x80140000,0x8185dab8,0x82480000)

Card table byte_map: [0x7ffa5000,0x80140000] byte_map_base: 0x7fba4600

Polling page: 0xb7728000

Code Cache  [0xb3600000, 0xb3bc8000, 0xb6600000)
 total_blobs=2723 nmethods=2540 adapters=135 free_code_cache=43302Kb largest_free_block=44292928

Compilation events (10 events):
Event: 2815,354 Thread 0x7db26000 2607             java.util.ArrayList::subList (22 bytes)
Event: 2815,357 Thread 0x7db26000 nmethod 2607 0xb3bbf088 code [0xb3bbf180, 0xb3bbf290]
Event: 2829,964 Thread 0x7db28000 2608             java.nio.DirectByteBuffer::put (123 bytes)
Event: 2829,972 Thread 0x7db28000 nmethod 2608 0xb3bbeb88 code [0xb3bbeca0, 0xb3bbeedc]
Event: 2834,280 Thread 0x7db26000 2609             org.neo4j.kernel.impl.util.collection.ArrayCollection::iterator (9 bytes)
Event: 2834,280 Thread 0x7db28000 2610             org.neo4j.kernel.impl.util.collection.ArrayCollection$1::<init> (10 bytes)
Event: 2834,281 Thread 0x7db28000 nmethod 2610 0xb3bbea08 code [0xb3bbeae0, 0xb3bbeb30]
Event: 2834,281 Thread 0x7db26000 nmethod 2609 0xb3bbe7c8 code [0xb3bbe8c0, 0xb3bbe970]
Event: 2927,745 Thread 0x7db28000 2611             java.util.Arrays::rangeCheck (74 bytes)
Event: 2927,746 Thread 0x7db28000 nmethod 2611 0xb3bbe5c8 code [0xb3bbe6c0, 0xb3bbe730]

GC Heap History (10 events):
Event: 2886,287 GC heap before
{Heap before GC invocations=148 (full 5):
 PSYoungGen      total 224512K, used 214828K [0xa3940000, 0xb3240000, 0xb3540000)
  eden space 194560K, 100% used [0xa3940000,0xaf740000,0xaf740000)
  from space 29952K, 67% used [0xb1500000,0xb28cb2d0,0xb3240000)
  to   space 30208K, 0% used [0xaf740000,0xaf740000,0xb14c0000)
 ParOldGen       total 210688K, used 149349K [0x84140000, 0x90f00000, 0xa3940000)
  object space 210688K, 70% used [0x84140000,0x8d319628,0x90f00000)
 PSPermGen       total 36096K, used 23670K [0x80140000, 0x82480000, 0x84140000)
  object space 36096K, 65% used [0x80140000,0x8185d8f0,0x82480000)
Event: 2886,377 GC heap after
Heap after GC invocations=148 (full 5):
 PSYoungGen      total 224768K, used 19115K [0xa3940000, 0xb3400000, 0xb3540000)
  eden space 194560K, 0% used [0xa3940000,0xa3940000,0xaf740000)
  from space 30208K, 63% used [0xaf740000,0xb09eafe0,0xb14c0000)
  to   space 29440K, 0% used [0xb1740000,0xb1740000,0xb3400000)
 ParOldGen       total 210688K, used 150973K [0x84140000, 0x90f00000, 0xa3940000)
  object space 210688K, 71% used [0x84140000,0x8d4af628,0x90f00000)
 PSPermGen       total 36096K, used 23670K [0x80140000, 0x82480000, 0x84140000)
  object space 36096K, 65% used [0x80140000,0x8185d8f0,0x82480000)
}
Event: 2902,096 GC heap before
{Heap before GC invocations=149 (full 5):
 PSYoungGen      total 224768K, used 213675K [0xa3940000, 0xb3400000, 0xb3540000)
  eden space 194560K, 100% used [0xa3940000,0xaf740000,0xaf740000)
  from space 30208K, 63% used [0xaf740000,0xb09eafe0,0xb14c0000)
  to   space 29440K, 0% used [0xb1740000,0xb1740000,0xb3400000)
 ParOldGen       total 210688K, used 150973K [0x84140000, 0x90f00000, 0xa3940000)
  object space 210688K, 71% used [0x84140000,0x8d4af628,0x90f00000)
 PSPermGen       total 36096K, used 23670K [0x80140000, 0x82480000, 0x84140000)
  object space 36096K, 65% used [0x80140000,0x8185d970,0x82480000)
Event: 2902,181 GC heap after
Heap after GC invocations=149 (full 5):
 PSYoungGen      total 226816K, used 18852K [0xa3940000, 0xb3300000, 0xb3540000)
  eden space 198400K, 0% used [0xa3940000,0xa3940000,0xafb00000)
  from space 28416K, 66% used [0xb1740000,0xb29a9118,0xb3300000)
  to   space 28672K, 0% used [0xafb00000,0xafb00000,0xb1700000)
 ParOldGen       total 210688K, used 153061K [0x84140000, 0x90f00000, 0xa3940000)
  object space 210688K, 72% used [0x84140000,0x8d6b9628,0x90f00000)
 PSPermGen       total 36096K, used 23670K [0x80140000, 0x82480000, 0x84140000)
  object space 36096K, 65% used [0x80140000,0x8185d970,0x82480000)
}
Event: 2917,317 GC heap before
{Heap before GC invocations=150 (full 5):
 PSYoungGen      total 226816K, used 217252K [0xa3940000, 0xb3300000, 0xb3540000)
  eden space 198400K, 100% used [0xa3940000,0xafb00000,0xafb00000)
  from space 28416K, 66% used [0xb1740000,0xb29a9118,0xb3300000)
  to   space 28672K, 0% used [0xafb00000,0xafb00000,0xb1700000)
 ParOldGen       total 210688K, used 153061K [0x84140000, 0x90f00000, 0xa3940000)
  object space 210688K, 72% used [0x84140000,0x8d6b9628,0x90f00000)
 PSPermGen       total 36096K, used 23670K [0x80140000, 0x82480000, 0x84140000)
  object space 36096K, 65% used [0x80140000,0x8185dab8,0x82480000)
Event: 2917,405 GC heap after
Heap after GC invocations=150 (full 5):
 PSYoungGen      total 227072K, used 19613K [0xa3940000, 0xb3400000, 0xb3540000)
  eden space 198400K, 0% used [0xa3940000,0xa3940000,0xafb00000)
  from space 28672K, 68% used [0xafb00000,0xb0e27680,0xb1700000)
  to   space 27904K, 0% used [0xb18c0000,0xb18c0000,0xb3400000)
 ParOldGen       total 210688K, used 154805K [0x84140000, 0x90f00000, 0xa3940000)
  object space 210688K, 73% used [0x84140000,0x8d86d628,0x90f00000)
 PSPermGen       total 36096K, used 23670K [0x80140000, 0x82480000, 0x84140000)
  object space 36096K, 65% used [0x80140000,0x8185dab8,0x82480000)
}
Event: 2932,898 GC heap before
{Heap before GC invocations=151 (full 5):
 PSYoungGen      total 227072K, used 218013K [0xa3940000, 0xb3400000, 0xb3540000)
  eden space 198400K, 100% used [0xa3940000,0xafb00000,0xafb00000)
  from space 28672K, 68% used [0xafb00000,0xb0e27680,0xb1700000)
  to   space 27904K, 0% used [0xb18c0000,0xb18c0000,0xb3400000)
 ParOldGen       total 210688K, used 154805K [0x84140000, 0x90f00000, 0xa3940000)
  object space 210688K, 73% used [0x84140000,0x8d86d628,0x90f00000)
 PSPermGen       total 36096K, used 23670K [0x80140000, 0x82480000, 0x84140000)
  object space 36096K, 65% used [0x80140000,0x8185dab8,0x82480000)
Event: 2932,982 GC heap after
Heap after GC invocations=151 (full 5):
 PSYoungGen      total 228352K, used 19237K [0xa3940000, 0xb3300000, 0xb3540000)
  eden space 201472K, 0% used [0xa3940000,0xa3940000,0xafe00000)
  from space 26880K, 71% used [0xb18c0000,0xb2b89468,0xb3300000)
  to   space 27136K, 0% used [0xafe00000,0xafe00000,0xb1880000)
 ParOldGen       total 210688K, used 156985K [0x84140000, 0x90f00000, 0xa3940000)
  object space 210688K, 74% used [0x84140000,0x8da8e628,0x90f00000)
 PSPermGen       total 36096K, used 23670K [0x80140000, 0x82480000, 0x84140000)
  object space 36096K, 65% used [0x80140000,0x8185dab8,0x82480000)
}
Event: 2949,922 GC heap before
{Heap before GC invocations=152 (full 5):
 PSYoungGen      total 228352K, used 220709K [0xa3940000, 0xb3300000, 0xb3540000)
  eden space 201472K, 100% used [0xa3940000,0xafe00000,0xafe00000)
  from space 26880K, 71% used [0xb18c0000,0xb2b89468,0xb3300000)
  to   space 27136K, 0% used [0xafe00000,0xafe00000,0xb1880000)
 ParOldGen       total 210688K, used 156985K [0x84140000, 0x90f00000, 0xa3940000)
  object space 210688K, 74% used [0x84140000,0x8da8e628,0x90f00000)
 PSPermGen       total 36096K, used 23670K [0x80140000, 0x82480000, 0x84140000)
  object space 36096K, 65% used [0x80140000,0x8185dab8,0x82480000)
Event: 2950,011 GC heap after
Heap after GC invocations=152 (full 5):
 PSYoungGen      total 228608K, used 20024K [0xa3940000, 0xb3480000, 0xb3540000)
  eden space 201472K, 0% used [0xa3940000,0xa3940000,0xafe00000)
  from space 27136K, 73% used [0xafe00000,0xb118e1b0,0xb1880000)
  to   space 26624K, 0% used [0xb1a80000,0xb1a80000,0xb3480000)
 ParOldGen       total 210688K, used 158217K [0x84140000, 0x90f00000, 0xa3940000)
  object space 210688K, 75% used [0x84140000,0x8dbc2628,0x90f00000)
 PSPermGen       total 36096K, used 23670K [0x80140000, 0x82480000, 0x84140000)
  object space 36096K, 65% used [0x80140000,0x8185dab8,0x82480000)
}

Deoptimization events (10 events):
Event: 1876,020 Thread 0xb6609000 Uncommon trap: reason=bimorphic action=maybe_recompile pc=0xb37ed354 method=org.apache.lucene.index.TermInfosReaderIndex.compareField(Lorg/apache/lucene/index/Term;ILorg/apache/lucene/util/PagedBytes$PagedBytesDataInput;)I @ 6
Event: 1876,020 Thread 0xb6609000 Uncommon trap: reason=bimorphic action=maybe_recompile pc=0xb37df070 method=org.apache.lucene.index.TermInfosReaderIndex.compareField(Lorg/apache/lucene/index/Term;ILorg/apache/lucene/util/PagedBytes$PagedBytesDataInput;)I @ 6
Event: 1876,020 Thread 0xb6609000 Uncommon trap: reason=bimorphic action=maybe_recompile pc=0xb380b870 method=org.apache.lucene.index.TermInfosReaderIndex.seekEnum(Lorg/apache/lucene/index/SegmentTermEnum;I)V @ 17
Event: 1876,036 Thread 0xb6609000 Uncommon trap: reason=bimorphic action=maybe_recompile pc=0xb37db7ec method=org.apache.lucene.index.TermInfosReaderIndex.compareField(Lorg/apache/lucene/index/Term;ILorg/apache/lucene/util/PagedBytes$PagedBytesDataInput;)I @ 6
Event: 1876,036 Thread 0xb6609000 Uncommon trap: reason=bimorphic action=maybe_recompile pc=0xb380b870 method=org.apache.lucene.index.TermInfosReaderIndex.seekEnum(Lorg/apache/lucene/index/SegmentTermEnum;I)V @ 17
Event: 1876,102 Thread 0xb6609000 Uncommon trap: reason=bimorphic action=maybe_recompile pc=0xb380b870 method=org.apache.lucene.index.TermInfosReaderIndex.seekEnum(Lorg/apache/lucene/index/SegmentTermEnum;I)V @ 17
Event: 1876,155 Thread 0xb6609000 Uncommon trap: reason=bimorphic action=maybe_recompile pc=0xb380b870 method=org.apache.lucene.index.TermInfosReaderIndex.seekEnum(Lorg/apache/lucene/index/SegmentTermEnum;I)V @ 17
Event: 2435,198 Thread 0xb6609000 Uncommon trap: reason=bimorphic action=maybe_recompile pc=0xb36ea2b8 method=java.util.HashMap.removeEntryForKey(Ljava/lang/Object;)Ljava/util/HashMap$Entry; @ 85
Event: 2437,088 Thread 0x7c440800 Uncommon trap: reason=class_check action=maybe_recompile pc=0xb39ea144 method=java.util.regex.Pattern$GroupHead.match(Ljava/util/regex/Matcher;ILjava/lang/CharSequence;)Z @ 28
Event: 2437,092 Thread 0x7c440800 Uncommon trap: reason=class_check action=maybe_recompile pc=0xb3a80058 method=java.io.Writer.write(Ljava/lang/String;)V @ 7

Internal exceptions (10 events):
Event: 1098,952 Thread 0xb6609000 Threw 0xacaeecb8 at /HUDSON/workspace/jdk7u40-2-build-linux-i586-product/jdk7u40/hotspot/src/share/vm/prims/jvm.cpp:1244
Event: 1426,719 Thread 0x7c440800 Implicit null exception at 0xb36ca5c9 to 0xb36cab91
Event: 1659,521 Thread 0x6b060800 Threw 0xae5eeb30 at /HUDSON/workspace/jdk7u40-2-build-linux-i586-product/jdk7u40/hotspot/src/share/vm/prims/jvm.cpp:1244
Event: 1753,980 Thread 0xb6609000 Threw 0xa80890b8 at /HUDSON/workspace/jdk7u40-2-build-linux-i586-product/jdk7u40/hotspot/src/share/vm/prims/jvm.cpp:1244
Event: 1845,285 Thread 0xb6609000 Threw 0xaeb3e680 at /HUDSON/workspace/jdk7u40-2-build-linux-i586-product/jdk7u40/hotspot/src/share/vm/prims/jvm.cpp:1244
Event: 1845,664 Thread 0x7c25b400 Threw 0xaf0bdeb8 at /HUDSON/workspace/jdk7u40-2-build-linux-i586-product/jdk7u40/hotspot/src/share/vm/prims/jvm.cpp:1244
Event: 1860,492 Thread 0xb6609000 Threw 0xac69a0a0 at /HUDSON/workspace/jdk7u40-2-build-linux-i586-product/jdk7u40/hotspot/src/share/vm/prims/jvm.cpp:1244
Event: 1871,788 Thread 0xb6609000 Threw 0xa7cd6218 at /HUDSON/workspace/jdk7u40-2-build-linux-i586-product/jdk7u40/hotspot/src/share/vm/prims/jvm.cpp:1244
Event: 1872,629 Thread 0xb6609000 Threw 0xa821dc28 at /HUDSON/workspace/jdk7u40-2-build-linux-i586-product/jdk7u40/hotspot/src/share/vm/prims/jvm.cpp:1244
Event: 1876,017 Thread 0xb6609000 Threw 0xacd09028 at /HUDSON/workspace/jdk7u40-2-build-linux-i586-product/jdk7u40/hotspot/src/share/vm/prims/jvm.cpp:1244

Events (10 events):
Event: 2964,019 Thread 0x57cffc00 Thread exited: 0x57cffc00
Event: 2964,122 Thread 0x57cffc00 Thread added: 0x57cffc00
Event: 2964,146 Thread 0x5bc3b400 Thread exited: 0x5bc3b400
Event: 2964,260 Thread 0x5bc3b400 Thread added: 0x5bc3b400
Event: 2964,274 Thread 0x57cffc00 Thread exited: 0x57cffc00
Event: 2964,377 Thread 0x57cffc00 Thread added: 0x57cffc00
Event: 2964,396 Thread 0x5bc3b400 Thread exited: 0x5bc3b400
Event: 2964,514 Thread 0x5bc3b400 Thread added: 0x5bc3b400
Event: 2964,528 Thread 0x57cffc00 Thread exited: 0x57cffc00
Event: 2964,647 Thread 0x5bc3b400 Thread exited: 0x5bc3b400


Dynamic libraries:
08048000-08049000 r-xp 00000000 08:05 797499     /home/edimar/jdk1.7.0_40/bin/java
08049000-0804a000 rw-p 00000000 08:05 797499     /home/edimar/jdk1.7.0_40/bin/java
08916000-093c6000 rw-p 00000000 00:00 0          [heap]
51b8f000-51d00000 rw-p 00000000 00:00 0 
51d00000-51dc0000 rw-p 00000000 00:00 0 
51dc0000-51e00000 ---p 00000000 00:00 0 
51f00000-51fff000 rw-p 00000000 00:00 0 
51fff000-52000000 ---p 00000000 00:00 0 
52000000-520ff000 rw-p 00000000 00:00 0 
520ff000-52100000 ---p 00000000 00:00 0 
52100000-521ff000 rw-p 00000000 00:00 0 
521ff000-52200000 ---p 00000000 00:00 0 
52200000-522ff000 rw-p 00000000 00:00 0 
522ff000-52300000 ---p 00000000 00:00 0 
52300000-523ff000 rw-p 00000000 00:00 0 
523ff000-52400000 ---p 00000000 00:00 0 
52400000-524ff000 rw-p 00000000 00:00 0 
524ff000-52500000 ---p 00000000 00:00 0 
52500000-525ff000 rw-p 00000000 00:00 0 
525ff000-52600000 ---p 00000000 00:00 0 
52600000-52700000 rw-p 00000000 00:00 0 
52700000-528ff000 rw-p 00000000 00:00 0 
528ff000-52900000 ---p 00000000 00:00 0 
52900000-529ff000 rw-p 00000000 00:00 0 
529ff000-52a00000 ---p 00000000 00:00 0 
52a00000-52aff000 rw-p 00000000 00:00 0 
52aff000-52b00000 ---p 00000000 00:00 0 
52b00000-52bff000 rw-p 00000000 00:00 0 
52bff000-52c00000 ---p 00000000 00:00 0 
52c00000-52cff000 rw-p 00000000 00:00 0 
52cff000-52d00000 ---p 00000000 00:00 0 
52d00000-52dff000 rw-p 00000000 00:00 0 
52dff000-52e00000 ---p 00000000 00:00 0 
52e00000-52eff000 rw-p 00000000 00:00 0 
52eff000-52f00000 ---p 00000000 00:00 0 
52f00000-52fff000 rw-p 00000000 00:00 0 
52fff000-53000000 ---p 00000000 00:00 0 
53000000-530ff000 rw-p 00000000 00:00 0 
530ff000-53100000 ---p 00000000 00:00 0 
53100000-531ff000 rw-p 00000000 00:00 0 
531ff000-53200000 ---p 00000000 00:00 0 
53200000-532ff000 rw-p 00000000 00:00 0 
532ff000-53300000 ---p 00000000 00:00 0 
53300000-533ff000 rw-p 00000000 00:00 0 
533ff000-53400000 ---p 00000000 00:00 0 
53400000-534ff000 rw-p 00000000 00:00 0 
534ff000-53500000 ---p 00000000 00:00 0 
53500000-536ff000 rw-p 00000000 00:00 0 
536ff000-53700000 ---p 00000000 00:00 0 
53700000-537ff000 rw-p 00000000 00:00 0 
537ff000-53800000 ---p 00000000 00:00 0 
53800000-538ff000 rw-p 00000000 00:00 0 
538ff000-53900000 ---p 00000000 00:00 0 
53900000-539ff000 rw-p 00000000 00:00 0 
539ff000-53a00000 ---p 00000000 00:00 0 
53a00000-53aff000 rw-p 00000000 00:00 0 
53aff000-53b00000 ---p 00000000 00:00 0 
53b00000-53bff000 rw-p 00000000 00:00 0 
53bff000-53c00000 ---p 00000000 00:00 0 
53c00000-53cff000 rw-p 00000000 00:00 0 
53cff000-53d00000 ---p 00000000 00:00 0 
53d00000-53dff000 rw-p 00000000 00:00 0 
53dff000-53e00000 ---p 00000000 00:00 0 
53e00000-53f00000 rw-p 00000000 00:00 0 
53f00000-53fff000 rw-p 00000000 00:00 0 
53fff000-54000000 ---p 00000000 00:00 0 
54000000-540ff000 rw-p 00000000 00:00 0 
540ff000-54100000 ---p 00000000 00:00 0 
54100000-541ff000 rw-p 00000000 00:00 0 
541ff000-54200000 ---p 00000000 00:00 0 
54200000-542ff000 rw-p 00000000 00:00 0 
542ff000-54300000 ---p 00000000 00:00 0 
54300000-543ff000 rw-p 00000000 00:00 0 
543ff000-54400000 ---p 00000000 00:00 0 
54400000-544ff000 rw-p 00000000 00:00 0 
544ff000-54500000 ---p 00000000 00:00 0 
54500000-545ff000 rw-p 00000000 00:00 0 
545ff000-54600000 ---p 00000000 00:00 0 
54600000-546ff000 rw-p 00000000 00:00 0 
546ff000-54700000 ---p 00000000 00:00 0 
54700000-547ff000 rw-p 00000000 00:00 0 
547ff000-54800000 ---p 00000000 00:00 0 
54800000-548ff000 rw-p 00000000 00:00 0 
548ff000-54900000 ---p 00000000 00:00 0 
54900000-549ff000 rw-p 00000000 00:00 0 
549ff000-54a00000 ---p 00000000 00:00 0 
54a00000-54aff000 rw-p 00000000 00:00 0 
54aff000-54b00000 ---p 00000000 00:00 0 
54b00000-54bff000 rw-p 00000000 00:00 0 
54bff000-54c00000 ---p 00000000 00:00 0 
54c00000-54cff000 rw-p 00000000 00:00 0 
54cff000-54d00000 ---p 00000000 00:00 0 
54d00000-54dff000 rw-p 00000000 00:00 0 
54dff000-54e00000 ---p 00000000 00:00 0 
54e00000-54f00000 rw-p 00000000 00:00 0 
54f00000-54fff000 rw-p 00000000 00:00 0 
54fff000-55000000 ---p 00000000 00:00 0 
55000000-550ff000 rw-p 00000000 00:00 0 
550ff000-55100000 ---p 00000000 00:00 0 
55100000-551ff000 rw-p 00000000 00:00 0 
551ff000-55200000 ---p 00000000 00:00 0 
55200000-552ff000 rw-p 00000000 00:00 0 
552ff000-55300000 ---p 00000000 00:00 0 
55300000-553ff000 rw-p 00000000 00:00 0 
553ff000-55400000 ---p 00000000 00:00 0 
55400000-554ff000 rw-p 00000000 00:00 0 
554ff000-55500000 ---p 00000000 00:00 0 
55500000-555ff000 rw-p 00000000 00:00 0 
555ff000-55600000 ---p 00000000 00:00 0 
55600000-556ff000 rw-p 00000000 00:00 0 
556ff000-55700000 ---p 00000000 00:00 0 
55700000-557ff000 rw-p 00000000 00:00 0 
557ff000-55800000 ---p 00000000 00:00 0 
55800000-558ff000 rw-p 00000000 00:00 0 
558ff000-55900000 ---p 00000000 00:00 0 
55900000-559ff000 rw-p 00000000 00:00 0 
559ff000-55a00000 ---p 00000000 00:00 0 
55a00000-55aff000 rw-p 00000000 00:00 0 
55aff000-55b00000 ---p 00000000 00:00 0 
55b00000-55bff000 rw-p 00000000 00:00 0 
55bff000-55c00000 ---p 00000000 00:00 0 
55c00000-55cff000 rw-p 00000000 00:00 0 
55cff000-55d00000 ---p 00000000 00:00 0 
55d00000-55dff000 rw-p 00000000 00:00 0 
55dff000-55e00000 ---p 00000000 00:00 0 
55e00000-55eff000 rw-p 00000000 00:00 0 
55eff000-55f00000 ---p 00000000 00:00 0 
55f00000-55fff000 rw-p 00000000 00:00 0 
55fff000-56000000 ---p 00000000 00:00 0 
56000000-560ff000 rw-p 00000000 00:00 0 
560ff000-56100000 ---p 00000000 00:00 0 
56100000-561ff000 rw-p 00000000 00:00 0 
561ff000-56200000 ---p 00000000 00:00 0 
56200000-562ff000 rw-p 00000000 00:00 0 
562ff000-56300000 ---p 00000000 00:00 0 
56300000-563ff000 rw-p 00000000 00:00 0 
563ff000-56400000 ---p 00000000 00:00 0 
56400000-564ff000 rw-p 00000000 00:00 0 
564ff000-56500000 ---p 00000000 00:00 0 
56500000-565ff000 rw-p 00000000 00:00 0 
565ff000-56600000 ---p 00000000 00:00 0 
56600000-566ff000 rw-p 00000000 00:00 0 
566ff000-56700000 ---p 00000000 00:00 0 
56700000-567ff000 rw-p 00000000 00:00 0 
567ff000-56800000 ---p 00000000 00:00 0 
56800000-568ff000 rw-p 00000000 00:00 0 
568ff000-56900000 ---p 00000000 00:00 0 
56900000-569ff000 rw-p 00000000 00:00 0 
569ff000-56a00000 ---p 00000000 00:00 0 
56a00000-56aff000 rw-p 00000000 00:00 0 
56aff000-56b00000 ---p 00000000 00:00 0 
56b00000-56bff000 rw-p 00000000 00:00 0 
56bff000-56c00000 ---p 00000000 00:00 0 
56c00000-56cff000 rw-p 00000000 00:00 0 
56cff000-56d00000 ---p 00000000 00:00 0 
56d00000-56dff000 rw-p 00000000 00:00 0 
56dff000-56e00000 ---p 00000000 00:00 0 
56e00000-56eff000 rw-p 00000000 00:00 0 
56eff000-56f00000 ---p 00000000 00:00 0 
56f00000-56ffb000 rw-p 00000000 00:00 0 
56ffb000-57000000 ---p 00000000 00:00 0 
57100000-571ff000 rw-p 00000000 00:00 0 
571ff000-57200000 ---p 00000000 00:00 0 
57200000-572fa000 rw-p 00000000 00:00 0 
572fa000-57300000 ---p 00000000 00:00 0 
57300000-573ff000 rw-p 00000000 00:00 0 
573ff000-57400000 ---p 00000000 00:00 0 
57400000-574ff000 rw-p 00000000 00:00 0 
574ff000-57500000 ---p 00000000 00:00 0 
57500000-575ff000 rw-p 00000000 00:00 0 
575ff000-57600000 ---p 00000000 00:00 0 
57600000-576ff000 rw-p 00000000 00:00 0 
576ff000-57700000 ---p 00000000 00:00 0 
57700000-577ff000 rw-p 00000000 00:00 0 
577ff000-57800000 ---p 00000000 00:00 0 
57800000-578ff000 rw-p 00000000 00:00 0 
578ff000-57900000 ---p 00000000 00:00 0 
57900000-579ff000 rw-p 00000000 00:00 0 
579ff000-57a00000 ---p 00000000 00:00 0 
57a00000-57aff000 rw-p 00000000 00:00 0 
57aff000-57b00000 ---p 00000000 00:00 0 
57b00000-57bff000 rw-p 00000000 00:00 0 
57bff000-57c00000 ---p 00000000 00:00 0 
57c00000-57d00000 rw-p 00000000 00:00 0 
57d00000-57dff000 rw-p 00000000 00:00 0 
57dff000-57e00000 ---p 00000000 00:00 0 
57e00000-57f00000 rw-p 00000000 00:00 0 
57f00000-57fff000 rw-p 00000000 00:00 0 
57fff000-58000000 ---p 00000000 00:00 0 
58000000-580ff000 rw-p 00000000 00:00 0 
580ff000-58100000 ---p 00000000 00:00 0 
58100000-581ff000 rw-p 00000000 00:00 0 
581ff000-58200000 ---p 00000000 00:00 0 
58200000-582ff000 rw-p 00000000 00:00 0 
582ff000-58300000 ---p 00000000 00:00 0 
58300000-583ff000 rw-p 00000000 00:00 0 
583ff000-58400000 ---p 00000000 00:00 0 
58400000-584ff000 rw-p 00000000 00:00 0 
584ff000-58500000 ---p 00000000 00:00 0 
58500000-585ff000 rw-p 00000000 00:00 0 
585ff000-58600000 ---p 00000000 00:00 0 
58600000-586ff000 rw-p 00000000 00:00 0 
586ff000-58700000 ---p 00000000 00:00 0 
58700000-587ff000 rw-p 00000000 00:00 0 
587ff000-58800000 ---p 00000000 00:00 0 
58800000-588ff000 rw-p 00000000 00:00 0 
588ff000-58900000 ---p 00000000 00:00 0 
58900000-589ff000 rw-p 00000000 00:00 0 
589ff000-58a00000 ---p 00000000 00:00 0 
58a00000-58aff000 rw-p 00000000 00:00 0 
58aff000-58b00000 ---p 00000000 00:00 0 
58b00000-58bff000 rw-p 00000000 00:00 0 
58bff000-58c00000 ---p 00000000 00:00 0 
58c00000-58cff000 rw-p 00000000 00:00 0 
58cff000-58d00000 ---p 00000000 00:00 0 
58d00000-58dff000 rw-p 00000000 00:00 0 
58dff000-58e00000 ---p 00000000 00:00 0 
58e00000-58eff000 rw-p 00000000 00:00 0 
58eff000-58f00000 ---p 00000000 00:00 0 
58f00000-58fff000 rw-p 00000000 00:00 0 
58fff000-59000000 ---p 00000000 00:00 0 
59000000-590ff000 rw-p 00000000 00:00 0 
590ff000-59100000 ---p 00000000 00:00 0 
59100000-591ff000 rw-p 00000000 00:00 0 
591ff000-59200000 ---p 00000000 00:00 0 
59200000-592ff000 rw-p 00000000 00:00 0 
592ff000-59300000 ---p 00000000 00:00 0 
59300000-593ff000 rw-p 00000000 00:00 0 
593ff000-59400000 ---p 00000000 00:00 0 
59400000-594ff000 rw-p 00000000 00:00 0 
594ff000-59500000 ---p 00000000 00:00 0 
59500000-595ff000 rw-p 00000000 00:00 0 
595ff000-59600000 ---p 00000000 00:00 0 
59600000-596ff000 rw-p 00000000 00:00 0 
596ff000-59700000 ---p 00000000 00:00 0 
59700000-597ff000 rw-p 00000000 00:00 0 
597ff000-59800000 ---p 00000000 00:00 0 
59800000-598ff000 rw-p 00000000 00:00 0 
598ff000-59900000 ---p 00000000 00:00 0 
59900000-599ff000 rw-p 00000000 00:00 0 
599ff000-59a00000 ---p 00000000 00:00 0 
59a00000-59aff000 rw-p 00000000 00:00 0 
59aff000-59b00000 ---p 00000000 00:00 0 
59b00000-59bff000 rw-p 00000000 00:00 0 
59bff000-59c00000 ---p 00000000 00:00 0 
59c00000-59cff000 rw-p 00000000 00:00 0 
59cff000-59d00000 ---p 00000000 00:00 0 
59d00000-59dff000 rw-p 00000000 00:00 0 
59dff000-59e00000 ---p 00000000 00:00 0 
59e00000-59eff000 rw-p 00000000 00:00 0 
59eff000-59f00000 ---p 00000000 00:00 0 
59f00000-59fff000 rw-p 00000000 00:00 0 
59fff000-5a000000 ---p 00000000 00:00 0 
5a000000-5a0ff000 rw-p 00000000 00:00 0 
5a0ff000-5a100000 ---p 00000000 00:00 0 
5a100000-5a1ff000 rw-p 00000000 00:00 0 
5a1ff000-5a200000 ---p 00000000 00:00 0 
5a200000-5a2ff000 rw-p 00000000 00:00 0 
5a2ff000-5a300000 ---p 00000000 00:00 0 
5a300000-5a3ff000 rw-p 00000000 00:00 0 
5a3ff000-5a400000 ---p 00000000 00:00 0 
5a400000-5a4ff000 rw-p 00000000 00:00 0 
5a4ff000-5a500000 ---p 00000000 00:00 0 
5a500000-5a5ff000 rw-p 00000000 00:00 0 
5a5ff000-5a600000 ---p 00000000 00:00 0 
5a600000-5a6ff000 rw-p 00000000 00:00 0 
5a6ff000-5a700000 ---p 00000000 00:00 0 
5a700000-5a7ff000 rw-p 00000000 00:00 0 
5a7ff000-5a800000 ---p 00000000 00:00 0 
5a800000-5a8ff000 rw-p 00000000 00:00 0 
5a8ff000-5a900000 ---p 00000000 00:00 0 
5a900000-5a9ff000 rw-p 00000000 00:00 0 
5a9ff000-5aa00000 ---p 00000000 00:00 0 
5aa00000-5aaff000 rw-p 00000000 00:00 0 
5aaff000-5ab00000 ---p 00000000 00:00 0 
5ab00000-5abff000 rw-p 00000000 00:00 0 
5abff000-5ac00000 ---p 00000000 00:00 0 
5ac00000-5ad00000 rw-p 00000000 00:00 0 
5ad00000-5aeff000 rw-p 00000000 00:00 0 
5aeff000-5af00000 ---p 00000000 00:00 0 
5af00000-5afff000 rw-p 00000000 00:00 0 
5afff000-5b000000 ---p 00000000 00:00 0 
5b000000-5b0ff000 rw-p 00000000 00:00 0 
5b0ff000-5b100000 ---p 00000000 00:00 0 
5b100000-5b1ff000 rw-p 00000000 00:00 0 
5b1ff000-5b200000 ---p 00000000 00:00 0 
5b200000-5b2ff000 rw-p 00000000 00:00 0 
5b2ff000-5b300000 ---p 00000000 00:00 0 
5b300000-5b3ff000 rw-p 00000000 00:00 0 
5b3ff000-5b400000 ---p 00000000 00:00 0 
5b400000-5b4ff000 rw-p 00000000 00:00 0 
5b4ff000-5b500000 ---p 00000000 00:00 0 
5b500000-5b5ff000 rw-p 00000000 00:00 0 
5b5ff000-5b600000 ---p 00000000 00:00 0 
5b600000-5b6ff000 rw-p 00000000 00:00 0 
5b6ff000-5b700000 ---p 00000000 00:00 0 
5b700000-5b7ff000 rw-p 00000000 00:00 0 
5b7ff000-5b800000 ---p 00000000 00:00 0 
5b800000-5b8ff000 rw-p 00000000 00:00 0 
5b8ff000-5b900000 ---p 00000000 00:00 0 
5b900000-5b9fe000 rw-p 00000000 00:00 0 
5b9fe000-5ba00000 ---p 00000000 00:00 0 
5ba00000-5bb00000 rw-p 00000000 00:00 0 
5bb00000-5bbfd000 rw-p 00000000 00:00 0 
5bbfd000-5bc00000 ---p 00000000 00:00 0 
5bc00000-5bd00000 rw-p 00000000 00:00 0 
5bd00000-5bdff000 rw-p 00000000 00:00 0 
5bdff000-5be00000 ---p 00000000 00:00 0 
5be00000-5beff000 rw-p 00000000 00:00 0 
5beff000-5bf00000 ---p 00000000 00:00 0 
5bf00000-5bfff000 rw-p 00000000 00:00 0 
5bfff000-5c000000 ---p 00000000 00:00 0 
5c000000-5c0ff000 rw-p 00000000 00:00 0 
5c0ff000-5c100000 ---p 00000000 00:00 0 
5c100000-5c1ff000 rw-p 00000000 00:00 0 
5c1ff000-5c200000 ---p 00000000 00:00 0 
5c200000-5c2ff000 rw-p 00000000 00:00 0 
5c2ff000-5c300000 ---p 00000000 00:00 0 
5c300000-5c3ff000 rw-p 00000000 00:00 0 
5c3ff000-5c400000 ---p 00000000 00:00 0 
5c400000-5c4ff000 rw-p 00000000 00:00 0 
5c4ff000-5c500000 ---p 00000000 00:00 0 
5c500000-5c5ff000 rw-p 00000000 00:00 0 
5c5ff000-5c600000 ---p 00000000 00:00 0 
5c600000-5c6ff000 rw-p 00000000 00:00 0 
5c6ff000-5c700000 ---p 00000000 00:00 0 
5c700000-5c7ff000 rw-p 00000000 00:00 0 
5c7ff000-5c800000 ---p 00000000 00:00 0 
5c800000-5c8ff000 rw-p 00000000 00:00 0 
5c8ff000-5c900000 ---p 00000000 00:00 0 
5c900000-5c9ff000 rw-p 00000000 00:00 0 
5c9ff000-5ca00000 ---p 00000000 00:00 0 
5ca00000-5caff000 rw-p 00000000 00:00 0 
5caff000-5cb00000 ---p 00000000 00:00 0 
5cb00000-5cbff000 rw-p 00000000 00:00 0 
5cbff000-5cc00000 ---p 00000000 00:00 0 
5cc00000-5ccff000 rw-p 00000000 00:00 0 
5ccff000-5cd00000 ---p 00000000 00:00 0 
5cd00000-5cdff000 rw-p 00000000 00:00 0 
5cdff000-5ce00000 ---p 00000000 00:00 0 
5ce00000-5ceff000 rw-p 00000000 00:00 0 
5ceff000-5cf00000 ---p 00000000 00:00 0 
5cf00000-5cfff000 rw-p 00000000 00:00 0 
5cfff000-5d000000 ---p 00000000 00:00 0 
5d000000-5d0ff000 rw-p 00000000 00:00 0 
5d0ff000-5d100000 ---p 00000000 00:00 0 
5d100000-5d1ff000 rw-p 00000000 00:00 0 
5d1ff000-5d200000 ---p 00000000 00:00 0 
5d200000-5d2ff000 rw-p 00000000 00:00 0 
5d2ff000-5d300000 ---p 00000000 00:00 0 
5d300000-5d3ff000 rw-p 00000000 00:00 0 
5d3ff000-5d400000 ---p 00000000 00:00 0 
5d400000-5d4ff000 rw-p 00000000 00:00 0 
5d4ff000-5d500000 ---p 00000000 00:00 0 
5d500000-5d5ff000 rw-p 00000000 00:00 0 
5d5ff000-5d600000 ---p 00000000 00:00 0 
5d600000-5d6ff000 rw-p 00000000 00:00 0 
5d6ff000-5d700000 ---p 00000000 00:00 0 
5d700000-5d7ff000 rw-p 00000000 00:00 0 
5d7ff000-5d800000 ---p 00000000 00:00 0 
5d800000-5d8ff000 rw-p 00000000 00:00 0 
5d8ff000-5d900000 ---p 00000000 00:00 0 
5d900000-5d9ff000 rw-p 00000000 00:00 0 
5d9ff000-5da00000 ---p 00000000 00:00 0 
5da00000-5daff000 rw-p 00000000 00:00 0 
5daff000-5db00000 ---p 00000000 00:00 0 
5db00000-5dbff000 rw-p 00000000 00:00 0 
5dbff000-5dc00000 ---p 00000000 00:00 0 
5dc00000-5dcff000 rw-p 00000000 00:00 0 
5dcff000-5dd00000 ---p 00000000 00:00 0 
5dd00000-5ddff000 rw-p 00000000 00:00 0 
5ddff000-5de00000 ---p 00000000 00:00 0 
5de00000-5deff000 rw-p 00000000 00:00 0 
5deff000-5df00000 ---p 00000000 00:00 0 
5df00000-5dfff000 rw-p 00000000 00:00 0 
5dfff000-5e000000 ---p 00000000 00:00 0 
5e000000-5e0ff000 rw-p 00000000 00:00 0 
5e0ff000-5e100000 ---p 00000000 00:00 0 
5e100000-5e1ff000 rw-p 00000000 00:00 0 
5e1ff000-5e200000 ---p 00000000 00:00 0 
5e200000-5e2ff000 rw-p 00000000 00:00 0 
5e2ff000-5e300000 ---p 00000000 00:00 0 
5e300000-5e3ff000 rw-p 00000000 00:00 0 
5e3ff000-5e400000 ---p 00000000 00:00 0 
5e400000-5e4ff000 rw-p 00000000 00:00 0 
5e4ff000-5e500000 ---p 00000000 00:00 0 
5e500000-5e5ff000 rw-p 00000000 00:00 0 
5e5ff000-5e600000 ---p 00000000 00:00 0 
5e600000-5e6ff000 rw-p 00000000 00:00 0 
5e6ff000-5e700000 ---p 00000000 00:00 0 
5e700000-5e7ff000 rw-p 00000000 00:00 0 
5e7ff000-5e800000 ---p 00000000 00:00 0 
5e800000-5e8ff000 rw-p 00000000 00:00 0 
5e8ff000-5e900000 ---p 00000000 00:00 0 
5e900000-5e9ff000 rw-p 00000000 00:00 0 
5e9ff000-5ea00000 ---p 00000000 00:00 0 
5ea00000-5eaff000 rw-p 00000000 00:00 0 
5eaff000-5eb00000 ---p 00000000 00:00 0 
5eb00000-5ebff000 rw-p 00000000 00:00 0 
5ebff000-5ec00000 ---p 00000000 00:00 0 
5ec00000-5ecff000 rw-p 00000000 00:00 0 
5ecff000-5ed00000 ---p 00000000 00:00 0 
5ed00000-5edff000 rw-p 00000000 00:00 0 
5edff000-5ee00000 ---p 00000000 00:00 0 
5ee00000-5eeff000 rw-p 00000000 00:00 0 
5eeff000-5ef00000 ---p 00000000 00:00 0 
5ef00000-5efff000 rw-p 00000000 00:00 0 
5efff000-5f000000 ---p 00000000 00:00 0 
5f000000-5f100000 rw-p 00000000 00:00 0 
5f100000-5f1ff000 rw-p 00000000 00:00 0 
5f1ff000-5f200000 ---p 00000000 00:00 0 
5f200000-5f2ff000 rw-p 00000000 00:00 0 
5f2ff000-5f300000 ---p 00000000 00:00 0 
5f300000-5f3ff000 rw-p 00000000 00:00 0 
5f3ff000-5f400000 ---p 00000000 00:00 0 
5f400000-5f4ff000 rw-p 00000000 00:00 0 
5f4ff000-5f500000 ---p 00000000 00:00 0 
5f500000-5f5ff000 rw-p 00000000 00:00 0 
5f5ff000-5f600000 ---p 00000000 00:00 0 
5f600000-5f6ff000 rw-p 00000000 00:00 0 
5f6ff000-5f700000 ---p 00000000 00:00 0 
5f700000-5f7ff000 rw-p 00000000 00:00 0 
5f7ff000-5f800000 ---p 00000000 00:00 0 
5f800000-5f8ff000 rw-p 00000000 00:00 0 
5f8ff000-5f900000 ---p 00000000 00:00 0 
5f900000-5f9ff000 rw-p 00000000 00:00 0 
5f9ff000-5fa00000 ---p 00000000 00:00 0 
5fa00000-5faff000 rw-p 00000000 00:00 0 
5faff000-5fb00000 ---p 00000000 00:00 0 
5fb00000-5fbff000 rw-p 00000000 00:00 0 
5fbff000-5fc00000 ---p 00000000 00:00 0 
5fc00000-5fcff000 rw-p 00000000 00:00 0 
5fcff000-5fd00000 ---p 00000000 00:00 0 
5fd00000-5fdff000 rw-p 00000000 00:00 0 
5fdff000-5fe00000 ---p 00000000 00:00 0 
5fe00000-5feff000 rw-p 00000000 00:00 0 
5feff000-5ff00000 ---p 00000000 00:00 0 
5ff00000-5ffff000 rw-p 00000000 00:00 0 
5ffff000-60000000 ---p 00000000 00:00 0 
60000000-60100000 rw-p 00000000 00:00 0 
60100000-601ff000 rw-p 00000000 00:00 0 
601ff000-60200000 ---p 00000000 00:00 0 
60200000-602ff000 rw-p 00000000 00:00 0 
602ff000-60300000 ---p 00000000 00:00 0 
60300000-603ff000 rw-p 00000000 00:00 0 
603ff000-60400000 ---p 00000000 00:00 0 
60400000-60500000 rw-p 00000000 00:00 0 
60500000-605ff000 rw-p 00000000 00:00 0 
605ff000-60600000 ---p 00000000 00:00 0 
60600000-60700000 rw-p 00000000 00:00 0 
60700000-607ff000 rw-p 00000000 00:00 0 
607ff000-60800000 ---p 00000000 00:00 0 
60800000-60900000 rw-p 00000000 00:00 0 
60900000-609ff000 rw-p 00000000 00:00 0 
609ff000-60a00000 ---p 00000000 00:00 0 
60a00000-60aff000 rw-p 00000000 00:00 0 
60aff000-60b00000 ---p 00000000 00:00 0 
60b00000-60bff000 rw-p 00000000 00:00 0 
60bff000-60c00000 ---p 00000000 00:00 0 
60c00000-60cff000 rw-p 00000000 00:00 0 
60cff000-60d00000 ---p 00000000 00:00 0 
60d00000-60dff000 rw-p 00000000 00:00 0 
60dff000-60e00000 ---p 00000000 00:00 0 
60e00000-60eff000 rw-p 00000000 00:00 0 
60eff000-60f00000 ---p 00000000 00:00 0 
60f00000-60fff000 rw-p 00000000 00:00 0 
60fff000-61000000 ---p 00000000 00:00 0 
61000000-610ff000 rw-p 00000000 00:00 0 
610ff000-61100000 ---p 00000000 00:00 0 
61100000-611ff000 rw-p 00000000 00:00 0 
611ff000-61200000 ---p 00000000 00:00 0 
61200000-612ff000 rw-p 00000000 00:00 0 
612ff000-61300000 ---p 00000000 00:00 0 
61300000-613ff000 rw-p 00000000 00:00 0 
613ff000-61400000 ---p 00000000 00:00 0 
61400000-614ff000 rw-p 00000000 00:00 0 
614ff000-61500000 ---p 00000000 00:00 0 
61500000-615ff000 rw-p 00000000 00:00 0 
615ff000-61600000 ---p 00000000 00:00 0 
61600000-616ff000 rw-p 00000000 00:00 0 
616ff000-61700000 ---p 00000000 00:00 0 
61700000-617ff000 rw-p 00000000 00:00 0 
617ff000-61800000 ---p 00000000 00:00 0 
61800000-618ff000 rw-p 00000000 00:00 0 
618ff000-61900000 ---p 00000000 00:00 0 
61900000-619ff000 rw-p 00000000 00:00 0 
619ff000-61a00000 ---p 00000000 00:00 0 
61a00000-61aff000 rw-p 00000000 00:00 0 
61aff000-61b00000 ---p 00000000 00:00 0 
61b00000-61bff000 rw-p 00000000 00:00 0 
61bff000-61c00000 ---p 00000000 00:00 0 
61c00000-61cff000 rw-p 00000000 00:00 0 
61cff000-61d00000 ---p 00000000 00:00 0 
61d00000-61dff000 rw-p 00000000 00:00 0 
61dff000-61e00000 ---p 00000000 00:00 0 
61e00000-61eff000 rw-p 00000000 00:00 0 
61eff000-61f00000 ---p 00000000 00:00 0 
61f00000-61fff000 rw-p 00000000 00:00 0 
61fff000-62000000 ---p 00000000 00:00 0 
62000000-620ff000 rw-p 00000000 00:00 0 
620ff000-62100000 ---p 00000000 00:00 0 
62100000-621ff000 rw-p 00000000 00:00 0 
621ff000-62200000 ---p 00000000 00:00 0 
62200000-622ff000 rw-p 00000000 00:00 0 
622ff000-62300000 ---p 00000000 00:00 0 
62300000-623ff000 rw-p 00000000 00:00 0 
623ff000-62400000 ---p 00000000 00:00 0 
62400000-624ff000 rw-p 00000000 00:00 0 
624ff000-62500000 ---p 00000000 00:00 0 
62500000-625ff000 rw-p 00000000 00:00 0 
625ff000-62600000 ---p 00000000 00:00 0 
62600000-626ff000 rw-p 00000000 00:00 0 
626ff000-62700000 ---p 00000000 00:00 0 
62700000-627ff000 rw-p 00000000 00:00 0 
627ff000-62800000 ---p 00000000 00:00 0 
62800000-628ff000 rw-p 00000000 00:00 0 
628ff000-62900000 ---p 00000000 00:00 0 
62900000-629ff000 rw-p 00000000 00:00 0 
629ff000-62a00000 ---p 00000000 00:00 0 
62a00000-62aff000 rw-p 00000000 00:00 0 
62aff000-62b00000 ---p 00000000 00:00 0 
62b00000-62bff000 rw-p 00000000 00:00 0 
62bff000-62c00000 ---p 00000000 00:00 0 
62c00000-62cff000 rw-p 00000000 00:00 0 
62cff000-62d00000 ---p 00000000 00:00 0 
62d00000-62dff000 rw-p 00000000 00:00 0 
62dff000-62e00000 ---p 00000000 00:00 0 
62e00000-62eff000 rw-p 00000000 00:00 0 
62eff000-62f00000 ---p 00000000 00:00 0 
62f00000-62fff000 rw-p 00000000 00:00 0 
62fff000-63000000 ---p 00000000 00:00 0 
63000000-630ff000 rw-p 00000000 00:00 0 
630ff000-63100000 ---p 00000000 00:00 0 
63100000-631ff000 rw-p 00000000 00:00 0 
631ff000-63200000 ---p 00000000 00:00 0 
63200000-632ff000 rw-p 00000000 00:00 0 
632ff000-63300000 ---p 00000000 00:00 0 
63300000-633ff000 rw-p 00000000 00:00 0 
633ff000-63400000 ---p 00000000 00:00 0 
63400000-634ff000 rw-p 00000000 00:00 0 
634ff000-63500000 ---p 00000000 00:00 0 
63500000-635ff000 rw-p 00000000 00:00 0 
635ff000-63600000 ---p 00000000 00:00 0 
63600000-636ff000 rw-p 00000000 00:00 0 
636ff000-63700000 ---p 00000000 00:00 0 
63700000-637ff000 rw-p 00000000 00:00 0 
637ff000-63800000 ---p 00000000 00:00 0 
63800000-638ff000 rw-p 00000000 00:00 0 
638ff000-63900000 ---p 00000000 00:00 0 
63900000-639ff000 rw-p 00000000 00:00 0 
639ff000-63a00000 ---p 00000000 00:00 0 
63a00000-63aff000 rw-p 00000000 00:00 0 
63aff000-63b00000 ---p 00000000 00:00 0 
63b00000-63bff000 rw-p 00000000 00:00 0 
63bff000-63c00000 ---p 00000000 00:00 0 
63c00000-63cff000 rw-p 00000000 00:00 0 
63cff000-63d00000 ---p 00000000 00:00 0 
63d00000-63dff000 rw-p 00000000 00:00 0 
63dff000-63e00000 ---p 00000000 00:00 0 
63e00000-63eff000 rw-p 00000000 00:00 0 
63eff000-63f00000 ---p 00000000 00:00 0 
63f00000-63fff000 rw-p 00000000 00:00 0 
63fff000-64000000 ---p 00000000 00:00 0 
64000000-640ff000 rw-p 00000000 00:00 0 
640ff000-64100000 ---p 00000000 00:00 0 
64100000-641ff000 rw-p 00000000 00:00 0 
641ff000-64200000 ---p 00000000 00:00 0 
64200000-642ff000 rw-p 00000000 00:00 0 
642ff000-64300000 ---p 00000000 00:00 0 
64300000-643ff000 rw-p 00000000 00:00 0 
643ff000-64400000 ---p 00000000 00:00 0 
64400000-644ff000 rw-p 00000000 00:00 0 
644ff000-64500000 ---p 00000000 00:00 0 
64500000-645ff000 rw-p 00000000 00:00 0 
645ff000-64600000 ---p 00000000 00:00 0 
64600000-646ff000 rw-p 00000000 00:00 0 
646ff000-64700000 ---p 00000000 00:00 0 
64700000-647ff000 rw-p 00000000 00:00 0 
647ff000-64800000 ---p 00000000 00:00 0 
64800000-648ff000 rw-p 00000000 00:00 0 
648ff000-64900000 ---p 00000000 00:00 0 
64900000-649ff000 rw-p 00000000 00:00 0 
649ff000-64a00000 ---p 00000000 00:00 0 
64a00000-64afd000 rw-p 00000000 00:00 0 
64afd000-64b00000 ---p 00000000 00:00 0 
64b00000-64bff000 rw-p 00000000 00:00 0 
64bff000-64c00000 ---p 00000000 00:00 0 
64c00000-64cff000 rw-p 00000000 00:00 0 
64cff000-64d00000 ---p 00000000 00:00 0 
64d00000-64dff000 rw-p 00000000 00:00 0 
64dff000-64e00000 ---p 00000000 00:00 0 
64e00000-64eff000 rw-p 00000000 00:00 0 
64eff000-64f00000 ---p 00000000 00:00 0 
64f00000-64fff000 rw-p 00000000 00:00 0 
64fff000-65000000 ---p 00000000 00:00 0 
65000000-650ff000 rw-p 00000000 00:00 0 
650ff000-65100000 ---p 00000000 00:00 0 
65100000-651ff000 rw-p 00000000 00:00 0 
651ff000-65200000 ---p 00000000 00:00 0 
65200000-652ff000 rw-p 00000000 00:00 0 
652ff000-65300000 ---p 00000000 00:00 0 
65300000-653e7000 rw-p 00000000 00:00 0 
653e7000-65400000 ---p 00000000 00:00 0 
65400000-654ff000 rw-p 00000000 00:00 0 
654ff000-65500000 ---p 00000000 00:00 0 
65500000-655ff000 rw-p 00000000 00:00 0 
655ff000-65600000 ---p 00000000 00:00 0 
65600000-656ff000 rw-p 00000000 00:00 0 
656ff000-65700000 ---p 00000000 00:00 0 
65700000-657ff000 rw-p 00000000 00:00 0 
657ff000-65800000 ---p 00000000 00:00 0 
65800000-658ff000 rw-p 00000000 00:00 0 
658ff000-65900000 ---p 00000000 00:00 0 
65900000-659ff000 rw-p 00000000 00:00 0 
659ff000-65a00000 ---p 00000000 00:00 0 
65a00000-65aff000 rw-p 00000000 00:00 0 
65aff000-65b00000 ---p 00000000 00:00 0 
65b00000-65bff000 rw-p 00000000 00:00 0 
65bff000-65c00000 ---p 00000000 00:00 0 
65c00000-65cff000 rw-p 00000000 00:00 0 
65cff000-65d00000 ---p 00000000 00:00 0 
65d00000-65dff000 rw-p 00000000 00:00 0 
65dff000-65e00000 ---p 00000000 00:00 0 
65e00000-65eff000 rw-p 00000000 00:00 0 
65eff000-65f00000 ---p 00000000 00:00 0 
65f00000-65fff000 rw-p 00000000 00:00 0 
65fff000-66000000 ---p 00000000 00:00 0 
66000000-660ff000 rw-p 00000000 00:00 0 
660ff000-66100000 ---p 00000000 00:00 0 
66100000-661ff000 rw-p 00000000 00:00 0 
661ff000-66200000 ---p 00000000 00:00 0 
66200000-662ff000 rw-p 00000000 00:00 0 
662ff000-66300000 ---p 00000000 00:00 0 
66300000-663ff000 rw-p 00000000 00:00 0 
663ff000-66400000 ---p 00000000 00:00 0 
66400000-664ff000 rw-p 00000000 00:00 0 
664ff000-66500000 ---p 00000000 00:00 0 
66500000-665ff000 rw-p 00000000 00:00 0 
665ff000-66600000 ---p 00000000 00:00 0 
66600000-666ff000 rw-p 00000000 00:00 0 
666ff000-66700000 ---p 00000000 00:00 0 
66700000-667ff000 rw-p 00000000 00:00 0 
667ff000-66800000 ---p 00000000 00:00 0 
66800000-668ff000 rw-p 00000000 00:00 0 
668ff000-66900000 ---p 00000000 00:00 0 
66900000-669ff000 rw-p 00000000 00:00 0 
669ff000-66a00000 ---p 00000000 00:00 0 
66a00000-66aff000 rw-p 00000000 00:00 0 
66aff000-66b00000 ---p 00000000 00:00 0 
66b00000-66bff000 rw-p 00000000 00:00 0 
66bff000-66c00000 ---p 00000000 00:00 0 
66c00000-66d00000 rw-p 00000000 00:00 0 
66d00000-66dff000 rw-p 00000000 00:00 0 
66dff000-66e00000 ---p 00000000 00:00 0 
66e00000-66eff000 rw-p 00000000 00:00 0 
66eff000-66f00000 ---p 00000000 00:00 0 
66f00000-66fff000 rw-p 00000000 00:00 0 
66fff000-67000000 ---p 00000000 00:00 0 
67000000-670ff000 rw-p 00000000 00:00 0 
670ff000-67100000 ---p 00000000 00:00 0 
67100000-671ff000 rw-p 00000000 00:00 0 
671ff000-67200000 ---p 00000000 00:00 0 
67200000-672ff000 rw-p 00000000 00:00 0 
672ff000-67300000 ---p 00000000 00:00 0 
67300000-673ff000 rw-p 00000000 00:00 0 
673ff000-67400000 ---p 00000000 00:00 0 
67400000-674ff000 rw-p 00000000 00:00 0 
674ff000-67500000 ---p 00000000 00:00 0 
67500000-675ff000 rw-p 00000000 00:00 0 
675ff000-67600000 ---p 00000000 00:00 0 
67600000-676ff000 rw-p 00000000 00:00 0 
676ff000-67700000 ---p 00000000 00:00 0 
67700000-677ff000 rw-p 00000000 00:00 0 
677ff000-67800000 ---p 00000000 00:00 0 
67800000-678ff000 rw-p 00000000 00:00 0 
678ff000-67900000 ---p 00000000 00:00 0 
67900000-679ff000 rw-p 00000000 00:00 0 
679ff000-67a00000 ---p 00000000 00:00 0 
67a00000-67aff000 rw-p 00000000 00:00 0 
67aff000-67b00000 ---p 00000000 00:00 0 
67b00000-67bff000 rw-p 00000000 00:00 0 
67bff000-67c00000 ---p 00000000 00:00 0 
67c00000-67cff000 rw-p 00000000 00:00 0 
67cff000-67d00000 ---p 00000000 00:00 0 
67d00000-67dff000 rw-p 00000000 00:00 0 
67dff000-67e00000 ---p 00000000 00:00 0 
67e00000-67eff000 rw-p 00000000 00:00 0 
67eff000-67f00000 ---p 00000000 00:00 0 
67f00000-67fff000 rw-p 00000000 00:00 0 
67fff000-68000000 ---p 00000000 00:00 0 
68000000-680ff000 rw-p 00000000 00:00 0 
680ff000-68100000 ---p 00000000 00:00 0 
68100000-681ff000 rw-p 00000000 00:00 0 
681ff000-68200000 ---p 00000000 00:00 0 
68200000-682ff000 rw-p 00000000 00:00 0 
682ff000-68300000 ---p 00000000 00:00 0 
68300000-683ff000 rw-p 00000000 00:00 0 
683ff000-68400000 ---p 00000000 00:00 0 
68400000-684ff000 rw-p 00000000 00:00 0 
684ff000-68500000 ---p 00000000 00:00 0 
68500000-685ff000 rw-p 00000000 00:00 0 
685ff000-68600000 ---p 00000000 00:00 0 
68600000-686ff000 rw-p 00000000 00:00 0 
686ff000-68700000 ---p 00000000 00:00 0 
68700000-687ff000 rw-p 00000000 00:00 0 
687ff000-68800000 ---p 00000000 00:00 0 
68800000-688ff000 rw-p 00000000 00:00 0 
688ff000-68900000 ---p 00000000 00:00 0 
68900000-689ff000 rw-p 00000000 00:00 0 
689ff000-68a00000 ---p 00000000 00:00 0 
68a00000-68aff000 rw-p 00000000 00:00 0 
68aff000-68b00000 ---p 00000000 00:00 0 
68b00000-68bff000 rw-p 00000000 00:00 0 
68bff000-68c00000 ---p 00000000 00:00 0 
68c00000-68cff000 rw-p 00000000 00:00 0 
68cff000-68d00000 ---p 00000000 00:00 0 
68d00000-68dff000 rw-p 00000000 00:00 0 
68dff000-68e00000 ---p 00000000 00:00 0 
68e00000-68eff000 rw-p 00000000 00:00 0 
68eff000-68f00000 ---p 00000000 00:00 0 
68f00000-68fff000 rw-p 00000000 00:00 0 
68fff000-69000000 ---p 00000000 00:00 0 
69000000-690ff000 rw-p 00000000 00:00 0 
690ff000-69100000 ---p 00000000 00:00 0 
69100000-691ff000 rw-p 00000000 00:00 0 
691ff000-69200000 ---p 00000000 00:00 0 
69200000-692ff000 rw-p 00000000 00:00 0 
692ff000-69300000 ---p 00000000 00:00 0 
69300000-693ff000 rw-p 00000000 00:00 0 
693ff000-69400000 ---p 00000000 00:00 0 
69400000-694ff000 rw-p 00000000 00:00 0 
694ff000-69500000 ---p 00000000 00:00 0 
69500000-695ff000 rw-p 00000000 00:00 0 
695ff000-69600000 ---p 00000000 00:00 0 
69600000-696ff000 rw-p 00000000 00:00 0 
696ff000-69700000 ---p 00000000 00:00 0 
69700000-697ff000 rw-p 00000000 00:00 0 
697ff000-69800000 ---p 00000000 00:00 0 
69800000-698ff000 rw-p 00000000 00:00 0 
698ff000-69900000 ---p 00000000 00:00 0 
69900000-699ff000 rw-p 00000000 00:00 0 
699ff000-69a00000 ---p 00000000 00:00 0 
69a00000-69aff000 rw-p 00000000 00:00 0 
69aff000-69b00000 ---p 00000000 00:00 0 
69b00000-69bff000 rw-p 00000000 00:00 0 
69bff000-69c00000 ---p 00000000 00:00 0 
69c00000-69cff000 rw-p 00000000 00:00 0 
69cff000-69d00000 ---p 00000000 00:00 0 
69d00000-69f00000 rw-p 00000000 00:00 0 
69f00000-6a100000 rw-p 00000000 00:00 0 
6a100000-6a1ff000 rw-p 00000000 00:00 0 
6a1ff000-6a200000 ---p 00000000 00:00 0 
6a200000-6a300000 rw-p 00000000 00:00 0 
6a300000-6a3ff000 rw-p 00000000 00:00 0 
6a3ff000-6a400000 ---p 00000000 00:00 0 
6a400000-6a4ff000 rw-p 00000000 00:00 0 
6a4ff000-6a500000 ---p 00000000 00:00 0 
6a500000-6a5ff000 rw-p 00000000 00:00 0 
6a5ff000-6a600000 ---p 00000000 00:00 0 
6a600000-6a6ff000 rw-p 00000000 00:00 0 
6a6ff000-6a700000 ---p 00000000 00:00 0 
6a700000-6a7ff000 rw-p 00000000 00:00 0 
6a7ff000-6a800000 ---p 00000000 00:00 0 
6a800000-6a8ff000 rw-p 00000000 00:00 0 
6a8ff000-6a900000 ---p 00000000 00:00 0 
6a900000-6a9ff000 rw-p 00000000 00:00 0 
6a9ff000-6aa00000 ---p 00000000 00:00 0 
6aa00000-6aaff000 rw-p 00000000 00:00 0 
6aaff000-6ab00000 ---p 00000000 00:00 0 
6ab00000-6abff000 rw-p 00000000 00:00 0 
6abff000-6ac00000 ---p 00000000 00:00 0 
6ac00000-6acff000 rw-p 00000000 00:00 0 
6acff000-6ad00000 ---p 00000000 00:00 0 
6ad00000-6af00000 rw-p 00000000 00:00 0 
6af00000-6afff000 rw-p 00000000 00:00 0 
6afff000-6b000000 ---p 00000000 00:00 0 
6b000000-6b0ff000 rw-p 00000000 00:00 0 
6b0ff000-6b100000 ---p 00000000 00:00 0 
6b100000-6b1ff000 rw-p 00000000 00:00 0 
6b1ff000-6b200000 ---p 00000000 00:00 0 
6b200000-6b2ff000 rw-p 00000000 00:00 0 
6b2ff000-6b300000 ---p 00000000 00:00 0 
6b300000-6b3ff000 rw-p 00000000 00:00 0 
6b3ff000-6b400000 ---p 00000000 00:00 0 
6b400000-6b4ff000 rw-p 00000000 00:00 0 
6b4ff000-6b500000 ---p 00000000 00:00 0 
6b500000-6b5ff000 rw-p 00000000 00:00 0 
6b5ff000-6b600000 ---p 00000000 00:00 0 
6b600000-6b6ff000 rw-p 00000000 00:00 0 
6b6ff000-6b700000 ---p 00000000 00:00 0 
6b700000-6b7ff000 rw-p 00000000 00:00 0 
6b7ff000-6b800000 ---p 00000000 00:00 0 
6b800000-6b8ff000 rw-p 00000000 00:00 0 
6b8ff000-6b900000 ---p 00000000 00:00 0 
6b900000-6b9ff000 rw-p 00000000 00:00 0 
6b9ff000-6ba00000 ---p 00000000 00:00 0 
6ba00000-6baff000 rw-p 00000000 00:00 0 
6baff000-6bb00000 ---p 00000000 00:00 0 
6bb00000-6bbff000 rw-p 00000000 00:00 0 
6bbff000-6bc00000 ---p 00000000 00:00 0 
6bc00000-6bcff000 rw-p 00000000 00:00 0 
6bcff000-6bd00000 ---p 00000000 00:00 0 
6bd00000-6bdff000 rw-p 00000000 00:00 0 
6bdff000-6be00000 ---p 00000000 00:00 0 
6be00000-6beff000 rw-p 00000000 00:00 0 
6beff000-6bf00000 ---p 00000000 00:00 0 
6bf00000-6bfff000 rw-p 00000000 00:00 0 
6bfff000-6c000000 ---p 00000000 00:00 0 
6c000000-6c0ff000 rw-p 00000000 00:00 0 
6c0ff000-6c100000 ---p 00000000 00:00 0 
6c100000-6c1ff000 rw-p 00000000 00:00 0 
6c1ff000-6c200000 ---p 00000000 00:00 0 
6c200000-6c2ff000 rw-p 00000000 00:00 0 
6c2ff000-6c300000 ---p 00000000 00:00 0 
6c300000-6c3ff000 rw-p 00000000 00:00 0 
6c3ff000-6c400000 ---p 00000000 00:00 0 
6c400000-6c4ff000 rw-p 00000000 00:00 0 
6c4ff000-6c500000 ---p 00000000 00:00 0 
6c500000-6c5ff000 rw-p 00000000 00:00 0 
6c5ff000-6c600000 ---p 00000000 00:00 0 
6c600000-6c6ff000 rw-p 00000000 00:00 0 
6c6ff000-6c700000 ---p 00000000 00:00 0 
6c700000-6c7ff000 rw-p 00000000 00:00 0 
6c7ff000-6c800000 ---p 00000000 00:00 0 
6c800000-6c8ff000 rw-p 00000000 00:00 0 
6c8ff000-6c900000 ---p 00000000 00:00 0 
6c900000-6c9ff000 rw-p 00000000 00:00 0 
6c9ff000-6ca00000 ---p 00000000 00:00 0 
6ca00000-6caff000 rw-p 00000000 00:00 0 
6caff000-6cb00000 ---p 00000000 00:00 0 
6cb00000-6cbff000 rw-p 00000000 00:00 0 
6cbff000-6cc00000 ---p 00000000 00:00 0 
6cc00000-6ccff000 rw-p 00000000 00:00 0 
6ccff000-6cd00000 ---p 00000000 00:00 0 
6cd00000-6cdff000 rw-p 00000000 00:00 0 
6cdff000-6ce00000 ---p 00000000 00:00 0 
6ce00000-6ceff000 rw-p 00000000 00:00 0 
6ceff000-6cf00000 ---p 00000000 00:00 0 
6cf00000-6cfff000 rw-p 00000000 00:00 0 
6cfff000-6d000000 ---p 00000000 00:00 0 
6d000000-6d0ff000 rw-p 00000000 00:00 0 
6d0ff000-6d100000 ---p 00000000 00:00 0 
6d100000-6d1ff000 rw-p 00000000 00:00 0 
6d1ff000-6d200000 ---p 00000000 00:00 0 
6d200000-6d2ff000 rw-p 00000000 00:00 0 
6d2ff000-6d300000 ---p 00000000 00:00 0 
6d300000-6d3ff000 rw-p 00000000 00:00 0 
6d3ff000-6d400000 ---p 00000000 00:00 0 
6d400000-6d4ff000 rw-p 00000000 00:00 0 
6d4ff000-6d500000 ---p 00000000 00:00 0 
6d500000-6d5ff000 rw-p 00000000 00:00 0 
6d5ff000-6d600000 ---p 00000000 00:00 0 
6d600000-6d6ff000 rw-p 00000000 00:00 0 
6d6ff000-6d700000 ---p 00000000 00:00 0 
6d700000-6d7ff000 rw-p 00000000 00:00 0 
6d7ff000-6d800000 ---p 00000000 00:00 0 
6d800000-6d8ff000 rw-p 00000000 00:00 0 
6d8ff000-6d900000 ---p 00000000 00:00 0 
6d900000-6d9ff000 rw-p 00000000 00:00 0 
6d9ff000-6da00000 ---p 00000000 00:00 0 
6da00000-6daff000 rw-p 00000000 00:00 0 
6daff000-6db00000 ---p 00000000 00:00 0 
6db00000-6dbff000 rw-p 00000000 00:00 0 
6dbff000-6dc00000 ---p 00000000 00:00 0 
6dc00000-6dcff000 rw-p 00000000 00:00 0 
6dcff000-6dd00000 ---p 00000000 00:00 0 
6dd00000-6ddff000 rw-p 00000000 00:00 0 
6ddff000-6de00000 ---p 00000000 00:00 0 
6de00000-6deff000 rw-p 00000000 00:00 0 
6deff000-6df00000 ---p 00000000 00:00 0 
6df00000-6dfff000 rw-p 00000000 00:00 0 
6dfff000-6e000000 ---p 00000000 00:00 0 
6e000000-6e0ff000 rw-p 00000000 00:00 0 
6e0ff000-6e100000 ---p 00000000 00:00 0 
6e100000-6e2ff000 rw-p 00000000 00:00 0 
6e2ff000-6e300000 ---p 00000000 00:00 0 
6e300000-6e3ff000 rw-p 00000000 00:00 0 
6e3ff000-6e400000 ---p 00000000 00:00 0 
6e400000-6e4ff000 rw-p 00000000 00:00 0 
6e4ff000-6e500000 ---p 00000000 00:00 0 
6e500000-6e5ff000 rw-p 00000000 00:00 0 
6e5ff000-6e600000 ---p 00000000 00:00 0 
6e600000-6e6ff000 rw-p 00000000 00:00 0 
6e6ff000-6e700000 ---p 00000000 00:00 0 
6e700000-6e7ff000 rw-p 00000000 00:00 0 
6e7ff000-6e800000 ---p 00000000 00:00 0 
6e800000-6e8ff000 rw-p 00000000 00:00 0 
6e8ff000-6e900000 ---p 00000000 00:00 0 
6e900000-6e9ff000 rw-p 00000000 00:00 0 
6e9ff000-6ea00000 ---p 00000000 00:00 0 
6ea00000-6eaff000 rw-p 00000000 00:00 0 
6eaff000-6eb00000 ---p 00000000 00:00 0 
6eb00000-6ebff000 rw-p 00000000 00:00 0 
6ebff000-6ec00000 ---p 00000000 00:00 0 
6ec00000-6ecff000 rw-p 00000000 00:00 0 
6ecff000-6ed00000 ---p 00000000 00:00 0 
6ed00000-6edff000 rw-p 00000000 00:00 0 
6edff000-6ee00000 ---p 00000000 00:00 0 
6ee00000-6eeff000 rw-p 00000000 00:00 0 
6eeff000-6ef00000 ---p 00000000 00:00 0 
6ef00000-6efff000 rw-p 00000000 00:00 0 
6efff000-6f000000 ---p 00000000 00:00 0 
6f000000-6f0ff000 rw-p 00000000 00:00 0 
6f0ff000-6f100000 ---p 00000000 00:00 0 
6f100000-6f1ff000 rw-p 00000000 00:00 0 
6f1ff000-6f200000 ---p 00000000 00:00 0 
6f200000-6f2ff000 rw-p 00000000 00:00 0 
6f2ff000-6f300000 ---p 00000000 00:00 0 
6f300000-6f3ff000 rw-p 00000000 00:00 0 
6f3ff000-6f400000 ---p 00000000 00:00 0 
6f400000-6f4ff000 rw-p 00000000 00:00 0 
6f4ff000-6f500000 ---p 00000000 00:00 0 
6f500000-6f5ff000 rw-p 00000000 00:00 0 
6f5ff000-6f600000 ---p 00000000 00:00 0 
6f600000-6f6ff000 rw-p 00000000 00:00 0 
6f6ff000-6f700000 ---p 00000000 00:00 0 
6f700000-6f7ff000 rw-p 00000000 00:00 0 
6f7ff000-6f800000 ---p 00000000 00:00 0 
6f800000-6f8ff000 rw-p 00000000 00:00 0 
6f8ff000-6f900000 ---p 00000000 00:00 0 
6f900000-6f9ff000 rw-p 00000000 00:00 0 
6f9ff000-6fa00000 ---p 00000000 00:00 0 
6fa00000-6faff000 rw-p 00000000 00:00 0 
6faff000-6fb00000 ---p 00000000 00:00 0 
6fb00000-6fbff000 rw-p 00000000 00:00 0 
6fbff000-6fc00000 ---p 00000000 00:00 0 
6fc00000-6fcff000 rw-p 00000000 00:00 0 
6fcff000-6fd00000 ---p 00000000 00:00 0 
6fd00000-6fdff000 rw-p 00000000 00:00 0 
6fdff000-6fe00000 ---p 00000000 00:00 0 
6fe00000-6feff000 rw-p 00000000 00:00 0 
6feff000-6ff00000 ---p 00000000 00:00 0 
6ff00000-6ffff000 rw-p 00000000 00:00 0 
6ffff000-70000000 ---p 00000000 00:00 0 
70000000-700ff000 rw-p 00000000 00:00 0 
700ff000-70100000 ---p 00000000 00:00 0 
70100000-701ff000 rw-p 00000000 00:00 0 
701ff000-70200000 ---p 00000000 00:00 0 
70200000-702ff000 rw-p 00000000 00:00 0 
702ff000-70300000 ---p 00000000 00:00 0 
70300000-703ff000 rw-p 00000000 00:00 0 
703ff000-70400000 ---p 00000000 00:00 0 
70400000-704ff000 rw-p 00000000 00:00 0 
704ff000-70500000 ---p 00000000 00:00 0 
70500000-705ff000 rw-p 00000000 00:00 0 
705ff000-70600000 ---p 00000000 00:00 0 
70600000-706ff000 rw-p 00000000 00:00 0 
706ff000-70700000 ---p 00000000 00:00 0 
70700000-707ff000 rw-p 00000000 00:00 0 
707ff000-70800000 ---p 00000000 00:00 0 
70800000-708ff000 rw-p 00000000 00:00 0 
708ff000-70900000 ---p 00000000 00:00 0 
70900000-709ff000 rw-p 00000000 00:00 0 
709ff000-70a00000 ---p 00000000 00:00 0 
70a00000-70aff000 rw-p 00000000 00:00 0 
70aff000-70b00000 ---p 00000000 00:00 0 
70b00000-70bff000 rw-p 00000000 00:00 0 
70bff000-70c00000 ---p 00000000 00:00 0 
70c00000-70cff000 rw-p 00000000 00:00 0 
70cff000-70d00000 ---p 00000000 00:00 0 
70d00000-70dff000 rw-p 00000000 00:00 0 
70dff000-70e00000 ---p 00000000 00:00 0 
70e00000-70eff000 rw-p 00000000 00:00 0 
70eff000-70f00000 ---p 00000000 00:00 0 
70f00000-70fff000 rw-p 00000000 00:00 0 
70fff000-71000000 ---p 00000000 00:00 0 
71000000-710ff000 rw-p 00000000 00:00 0 
710ff000-71100000 ---p 00000000 00:00 0 
71100000-711fe000 rw-p 00000000 00:00 0 
711fe000-71200000 ---p 00000000 00:00 0 
71200000-712f1000 rw-p 00000000 00:00 0 
712f1000-71300000 ---p 00000000 00:00 0 
71300000-713ff000 rw-p 00000000 00:00 0 
713ff000-71400000 ---p 00000000 00:00 0 
71500000-715ff000 rw-p 00000000 00:00 0 
715ff000-71600000 ---p 00000000 00:00 0 
71600000-716fa000 rw-p 00000000 00:00 0 
716fa000-71700000 ---p 00000000 00:00 0 
71700000-717ff000 rw-p 00000000 00:00 0 
717ff000-71800000 ---p 00000000 00:00 0 
71800000-718ff000 rw-p 00000000 00:00 0 
718ff000-71900000 ---p 00000000 00:00 0 
71900000-719ff000 rw-p 00000000 00:00 0 
719ff000-71a00000 ---p 00000000 00:00 0 
71a00000-71aff000 rw-p 00000000 00:00 0 
71aff000-71b00000 ---p 00000000 00:00 0 
71b00000-71bff000 rw-p 00000000 00:00 0 
71bff000-71c00000 ---p 00000000 00:00 0 
71c00000-71cff000 rw-p 00000000 00:00 0 
71cff000-71d00000 ---p 00000000 00:00 0 
71d00000-71dff000 rw-p 00000000 00:00 0 
71dff000-71e00000 ---p 00000000 00:00 0 
71e00000-71eff000 rw-p 00000000 00:00 0 
71eff000-71f00000 ---p 00000000 00:00 0 
71f00000-71fff000 rw-p 00000000 00:00 0 
71fff000-72000000 ---p 00000000 00:00 0 
72000000-720ff000 rw-p 00000000 00:00 0 
720ff000-72100000 ---p 00000000 00:00 0 
72100000-721ff000 rw-p 00000000 00:00 0 
721ff000-72200000 ---p 00000000 00:00 0 
72200000-722ff000 rw-p 00000000 00:00 0 
722ff000-72300000 ---p 00000000 00:00 0 
72300000-723ff000 rw-p 00000000 00:00 0 
723ff000-72400000 ---p 00000000 00:00 0 
72400000-724ff000 rw-p 00000000 00:00 0 
724ff000-72500000 ---p 00000000 00:00 0 
72500000-725ff000 rw-p 00000000 00:00 0 
725ff000-72600000 ---p 00000000 00:00 0 
72600000-726ff000 rw-p 00000000 00:00 0 
726ff000-72700000 ---p 00000000 00:00 0 
72700000-727ff000 rw-p 00000000 00:00 0 
727ff000-72800000 ---p 00000000 00:00 0 
72800000-728ff000 rw-p 00000000 00:00 0 
728ff000-72900000 ---p 00000000 00:00 0 
72900000-729ff000 rw-p 00000000 00:00 0 
729ff000-72a00000 ---p 00000000 00:00 0 
72a00000-72aff000 rw-p 00000000 00:00 0 
72aff000-72b00000 ---p 00000000 00:00 0 
72b00000-72cff000 rw-p 00000000 00:00 0 
72cff000-72d00000 ---p 00000000 00:00 0 
72d00000-72dff000 rw-p 00000000 00:00 0 
72dff000-72e00000 ---p 00000000 00:00 0 
72e00000-72eff000 rw-p 00000000 00:00 0 
72eff000-72f00000 ---p 00000000 00:00 0 
72f00000-72fff000 rw-p 00000000 00:00 0 
72fff000-73000000 ---p 00000000 00:00 0 
73000000-730ff000 rw-p 00000000 00:00 0 
730ff000-73100000 ---p 00000000 00:00 0 
73100000-731ff000 rw-p 00000000 00:00 0 
731ff000-73200000 ---p 00000000 00:00 0 
73200000-732ff000 rw-p 00000000 00:00 0 
732ff000-73300000 ---p 00000000 00:00 0 
73300000-733ff000 rw-p 00000000 00:00 0 
733ff000-73400000 ---p 00000000 00:00 0 
73400000-734ff000 rw-p 00000000 00:00 0 
734ff000-73500000 ---p 00000000 00:00 0 
73500000-735ff000 rw-p 00000000 00:00 0 
735ff000-73600000 ---p 00000000 00:00 0 
73600000-736ff000 rw-p 00000000 00:00 0 
736ff000-73700000 ---p 00000000 00:00 0 
73700000-737ff000 rw-p 00000000 00:00 0 
737ff000-73800000 ---p 00000000 00:00 0 
73800000-738ff000 rw-p 00000000 00:00 0 
738ff000-73900000 ---p 00000000 00:00 0 
73900000-739ff000 rw-p 00000000 00:00 0 
739ff000-73a00000 ---p 00000000 00:00 0 
73a00000-73aff000 rw-p 00000000 00:00 0 
73aff000-73b00000 ---p 00000000 00:00 0 
73b00000-73bff000 rw-p 00000000 00:00 0 
73bff000-73c00000 ---p 00000000 00:00 0 
73c00000-73cff000 rw-p 00000000 00:00 0 
73cff000-73d00000 ---p 00000000 00:00 0 
73d00000-73dff000 rw-p 00000000 00:00 0 
73dff000-73e00000 ---p 00000000 00:00 0 
73e00000-73eff000 rw-p 00000000 00:00 0 
73eff000-73f00000 ---p 00000000 00:00 0 
73f00000-73fff000 rw-p 00000000 00:00 0 
73fff000-74000000 ---p 00000000 00:00 0 
74000000-740ff000 rw-p 00000000 00:00 0 
740ff000-74100000 ---p 00000000 00:00 0 
74100000-741ff000 rw-p 00000000 00:00 0 
741ff000-74200000 ---p 00000000 00:00 0 
74200000-742ff000 rw-p 00000000 00:00 0 
742ff000-74300000 ---p 00000000 00:00 0 
74300000-743ff000 rw-p 00000000 00:00 0 
743ff000-74400000 ---p 00000000 00:00 0 
74400000-744ff000 rw-p 00000000 00:00 0 
744ff000-74500000 ---p 00000000 00:00 0 
74500000-745ff000 rw-p 00000000 00:00 0 
745ff000-74600000 ---p 00000000 00:00 0 
74600000-746ff000 rw-p 00000000 00:00 0 
746ff000-74700000 ---p 00000000 00:00 0 
74700000-747ff000 rw-p 00000000 00:00 0 
747ff000-74800000 ---p 00000000 00:00 0 
74800000-748ff000 rw-p 00000000 00:00 0 
748ff000-74900000 ---p 00000000 00:00 0 
74900000-749ff000 rw-p 00000000 00:00 0 
749ff000-74a00000 ---p 00000000 00:00 0 
74a00000-74aff000 rw-p 00000000 00:00 0 
74aff000-74b00000 ---p 00000000 00:00 0 
74b00000-74bff000 rw-p 00000000 00:00 0 
74bff000-74c00000 ---p 00000000 00:00 0 
74c00000-74cff000 rw-p 00000000 00:00 0 
74cff000-74d00000 ---p 00000000 00:00 0 
74d00000-74dff000 rw-p 00000000 00:00 0 
74dff000-74e00000 ---p 00000000 00:00 0 
74e00000-74eff000 rw-p 00000000 00:00 0 
74eff000-74f00000 ---p 00000000 00:00 0 
74f00000-74fff000 rw-p 00000000 00:00 0 
74fff000-75000000 ---p 00000000 00:00 0 
75000000-750ff000 rw-p 00000000 00:00 0 
750ff000-75100000 ---p 00000000 00:00 0 
75100000-751ff000 rw-p 00000000 00:00 0 
751ff000-75200000 ---p 00000000 00:00 0 
75200000-752ff000 rw-p 00000000 00:00 0 
752ff000-75300000 ---p 00000000 00:00 0 
75300000-753ff000 rw-p 00000000 00:00 0 
753ff000-75400000 ---p 00000000 00:00 0 
75400000-754ff000 rw-p 00000000 00:00 0 
754ff000-75500000 ---p 00000000 00:00 0 
75500000-755ff000 rw-p 00000000 00:00 0 
755ff000-75600000 ---p 00000000 00:00 0 
75600000-756ff000 rw-p 00000000 00:00 0 
756ff000-75700000 ---p 00000000 00:00 0 
75700000-757ff000 rw-p 00000000 00:00 0 
757ff000-75800000 ---p 00000000 00:00 0 
75800000-758ff000 rw-p 00000000 00:00 0 
758ff000-75900000 ---p 00000000 00:00 0 
75900000-759ff000 rw-p 00000000 00:00 0 
759ff000-75a00000 ---p 00000000 00:00 0 
75a00000-75aff000 rw-p 00000000 00:00 0 
75aff000-75b00000 ---p 00000000 00:00 0 
75b00000-75bff000 rw-p 00000000 00:00 0 
75bff000-75c00000 ---p 00000000 00:00 0 
75c00000-75cff000 rw-p 00000000 00:00 0 
75cff000-75d00000 ---p 00000000 00:00 0 
75d00000-75dff000 rw-p 00000000 00:00 0 
75dff000-75e00000 ---p 00000000 00:00 0 
75e00000-75eff000 rw-p 00000000 00:00 0 
75eff000-75f00000 ---p 00000000 00:00 0 
75f00000-75fff000 rw-p 00000000 00:00 0 
75fff000-76000000 ---p 00000000 00:00 0 
76000000-760ff000 rw-p 00000000 00:00 0 
760ff000-76100000 ---p 00000000 00:00 0 
76100000-761ff000 rw-p 00000000 00:00 0 
761ff000-76200000 ---p 00000000 00:00 0 
76200000-762ff000 rw-p 00000000 00:00 0 
762ff000-76300000 ---p 00000000 00:00 0 
76300000-763ff000 rw-p 00000000 00:00 0 
763ff000-76400000 ---p 00000000 00:00 0 
76400000-764ff000 rw-p 00000000 00:00 0 
764ff000-76500000 ---p 00000000 00:00 0 
76500000-765ff000 rw-p 00000000 00:00 0 
765ff000-76600000 ---p 00000000 00:00 0 
76600000-766ff000 rw-p 00000000 00:00 0 
766ff000-76700000 ---p 00000000 00:00 0 
76700000-767ff000 rw-p 00000000 00:00 0 
767ff000-76800000 ---p 00000000 00:00 0 
76800000-768ff000 rw-p 00000000 00:00 0 
768ff000-76900000 ---p 00000000 00:00 0 
76900000-769ff000 rw-p 00000000 00:00 0 
769ff000-76a00000 ---p 00000000 00:00 0 
76a00000-76aff000 rw-p 00000000 00:00 0 
76aff000-76b00000 ---p 00000000 00:00 0 
76b00000-76bff000 rw-p 00000000 00:00 0 
76bff000-76c00000 ---p 00000000 00:00 0 
76c00000-76cff000 rw-p 00000000 00:00 0 
76cff000-76d00000 ---p 00000000 00:00 0 
76d00000-76dff000 rw-p 00000000 00:00 0 
76dff000-76e00000 ---p 00000000 00:00 0 
76e00000-76eff000 rw-p 00000000 00:00 0 
76eff000-76f00000 ---p 00000000 00:00 0 
76f00000-76fff000 rw-p 00000000 00:00 0 
76fff000-77000000 ---p 00000000 00:00 0 
77000000-770ff000 rw-p 00000000 00:00 0 
770ff000-77100000 ---p 00000000 00:00 0 
77100000-771ff000 rw-p 00000000 00:00 0 
771ff000-77200000 ---p 00000000 00:00 0 
77200000-772ff000 rw-p 00000000 00:00 0 
772ff000-77300000 ---p 00000000 00:00 0 
77300000-773ff000 rw-p 00000000 00:00 0 
773ff000-77400000 ---p 00000000 00:00 0 
77400000-774ff000 rw-p 00000000 00:00 0 
774ff000-77500000 ---p 00000000 00:00 0 
77500000-775ff000 rw-p 00000000 00:00 0 
775ff000-77600000 ---p 00000000 00:00 0 
77600000-776ff000 rw-p 00000000 00:00 0 
776ff000-77700000 ---p 00000000 00:00 0 
77700000-777ff000 rw-p 00000000 00:00 0 
777ff000-77800000 ---p 00000000 00:00 0 
77800000-778ff000 rw-p 00000000 00:00 0 
778ff000-77900000 ---p 00000000 00:00 0 
77900000-779ff000 rw-p 00000000 00:00 0 
779ff000-77a00000 ---p 00000000 00:00 0 
77a00000-77aff000 rw-p 00000000 00:00 0 
77aff000-77b00000 ---p 00000000 00:00 0 
77b00000-77bff000 rw-p 00000000 00:00 0 
77bff000-77c00000 ---p 00000000 00:00 0 
77c00000-77cff000 rw-p 00000000 00:00 0 
77cff000-77d00000 ---p 00000000 00:00 0 
77d00000-77dff000 rw-p 00000000 00:00 0 
77dff000-77e00000 ---p 00000000 00:00 0 
77e00000-77eff000 rw-p 00000000 00:00 0 
77eff000-77f00000 ---p 00000000 00:00 0 
77f00000-77fff000 rw-p 00000000 00:00 0 
77fff000-78000000 ---p 00000000 00:00 0 
78000000-780ff000 rw-p 00000000 00:00 0 
780ff000-78100000 ---p 00000000 00:00 0 
78100000-781ff000 rw-p 00000000 00:00 0 
781ff000-78200000 ---p 00000000 00:00 0 
78200000-782ff000 rw-p 00000000 00:00 0 
782ff000-78300000 ---p 00000000 00:00 0 
78300000-783fd000 rw-p 00000000 00:00 0 
783fd000-78400000 ---p 00000000 00:00 0 
78500000-78600000 rw-p 00000000 00:00 0 
78600000-78700000 rw-p 00000000 00:00 0 
78700000-787ff000 rw-p 00000000 00:00 0 
787ff000-78800000 ---p 00000000 00:00 0 
78800000-788ff000 rw-p 00000000 00:00 0 
788ff000-78900000 ---p 00000000 00:00 0 
78900000-789ff000 rw-p 00000000 00:00 0 
789ff000-78a00000 ---p 00000000 00:00 0 
78a00000-78aff000 rw-p 00000000 00:00 0 
78aff000-78b00000 ---p 00000000 00:00 0 
78b00000-78bff000 rw-p 00000000 00:00 0 
78bff000-78c00000 ---p 00000000 00:00 0 
78c00000-78cff000 rw-p 00000000 00:00 0 
78cff000-78d00000 ---p 00000000 00:00 0 
78d00000-78dff000 rw-p 00000000 00:00 0 
78dff000-78e00000 ---p 00000000 00:00 0 
78e00000-78eff000 rw-p 00000000 00:00 0 
78eff000-78f00000 ---p 00000000 00:00 0 
78f00000-78fff000 rw-p 00000000 00:00 0 
78fff000-79000000 ---p 00000000 00:00 0 
79000000-790ff000 rw-p 00000000 00:00 0 
790ff000-79100000 ---p 00000000 00:00 0 
79100000-791ff000 rw-p 00000000 00:00 0 
791ff000-79200000 ---p 00000000 00:00 0 
79200000-792ff000 rw-p 00000000 00:00 0 
792ff000-79300000 ---p 00000000 00:00 0 
79300000-793ff000 rw-p 00000000 00:00 0 
793ff000-79400000 ---p 00000000 00:00 0 
79500000-795ff000 rw-p 00000000 00:00 0 
795ff000-79600000 ---p 00000000 00:00 0 
79600000-796fb000 rw-p 00000000 00:00 0 
796fb000-79700000 ---p 00000000 00:00 0 
79700000-79800000 rw-p 00000000 00:00 0 
79858000-79900000 rw-p 00000000 00:00 0 
79900000-799ff000 rw-p 00000000 00:00 0 
799ff000-79a00000 ---p 00000000 00:00 0 
79a00000-79aff000 rw-p 00000000 00:00 0 
79aff000-79b00000 ---p 00000000 00:00 0 
79b00000-79bff000 rw-p 00000000 00:00 0 
79bff000-79c00000 ---p 00000000 00:00 0 
79c00000-79cff000 rw-p 00000000 00:00 0 
79cff000-79d00000 ---p 00000000 00:00 0 
79d00000-79dff000 rw-p 00000000 00:00 0 
79dff000-79e00000 ---p 00000000 00:00 0 
79e00000-79eff000 rw-p 00000000 00:00 0 
79eff000-79f00000 ---p 00000000 00:00 0 
79f00000-79fff000 rw-p 00000000 00:00 0 
79fff000-7a000000 ---p 00000000 00:00 0 
7a000000-7a0ff000 rw-p 00000000 00:00 0 
7a0ff000-7a100000 ---p 00000000 00:00 0 
7a100000-7a1ff000 rw-p 00000000 00:00 0 
7a1ff000-7a200000 ---p 00000000 00:00 0 
7a200000-7a2ff000 rw-p 00000000 00:00 0 
7a2ff000-7a300000 ---p 00000000 00:00 0 
7a300000-7a3ff000 rw-p 00000000 00:00 0 
7a3ff000-7a400000 ---p 00000000 00:00 0 
7a400000-7a4ff000 rw-p 00000000 00:00 0 
7a4ff000-7a500000 ---p 00000000 00:00 0 
7a500000-7a5ff000 rw-p 00000000 00:00 0 
7a5ff000-7a600000 ---p 00000000 00:00 0 
7a600000-7a6ff000 rw-p 00000000 00:00 0 
7a6ff000-7a700000 ---p 00000000 00:00 0 
7a700000-7a7ff000 rw-p 00000000 00:00 0 
7a7ff000-7a800000 ---p 00000000 00:00 0 
7a800000-7a8ff000 rw-p 00000000 00:00 0 
7a8ff000-7a900000 ---p 00000000 00:00 0 
7a900000-7a9ff000 rw-p 00000000 00:00 0 
7a9ff000-7aa00000 ---p 00000000 00:00 0 
7aa00000-7aaff000 rw-p 00000000 00:00 0 
7aaff000-7ab00000 ---p 00000000 00:00 0 
7ab00000-7abff000 rw-p 00000000 00:00 0 
7abff000-7ac00000 ---p 00000000 00:00 0 
7ac00000-7acff000 rw-p 00000000 00:00 0 
7acff000-7ad00000 ---p 00000000 00:00 0 
7ad00000-7adff000 rw-p 00000000 00:00 0 
7adff000-7ae00000 ---p 00000000 00:00 0 
7ae00000-7aeff000 rw-p 00000000 00:00 0 
7aeff000-7af00000 ---p 00000000 00:00 0 
7af00000-7afff000 rw-p 00000000 00:00 0 
7afff000-7b000000 ---p 00000000 00:00 0 
7b000000-7b0ff000 rw-p 00000000 00:00 0 
7b0ff000-7b100000 ---p 00000000 00:00 0 
7b100000-7b1ff000 rw-p 00000000 00:00 0 
7b1ff000-7b200000 ---p 00000000 00:00 0 
7b200000-7b2ff000 rw-p 00000000 00:00 0 
7b2ff000-7b300000 ---p 00000000 00:00 0 
7b300000-7b3ff000 rw-p 00000000 00:00 0 
7b3ff000-7b400000 ---p 00000000 00:00 0 
7b400000-7b4ff000 rw-p 00000000 00:00 0 
7b4ff000-7b500000 ---p 00000000 00:00 0 
7b500000-7b5ff000 rw-p 00000000 00:00 0 
7b5ff000-7b600000 ---p 00000000 00:00 0 
7b600000-7b700000 rw-p 00000000 00:00 0 
7b700000-7b7ff000 rw-p 00000000 00:00 0 
7b7ff000-7b800000 ---p 00000000 00:00 0 
7b800000-7b900000 rw-p 00000000 00:00 0 
7b900000-7b9ff000 rw-p 00000000 00:00 0 
7b9ff000-7ba00000 ---p 00000000 00:00 0 
7ba00000-7bb00000 rw-p 00000000 00:00 0 
7bb00000-7bbff000 rw-p 00000000 00:00 0 
7bbff000-7bc00000 ---p 00000000 00:00 0 
7bc00000-7bcff000 rw-p 00000000 00:00 0 
7bcff000-7bd00000 ---p 00000000 00:00 0 
7bd00000-7bdff000 rw-p 00000000 00:00 0 
7bdff000-7be00000 ---p 00000000 00:00 0 
7be00000-7beff000 rw-p 00000000 00:00 0 
7beff000-7bf00000 ---p 00000000 00:00 0 
7bf00000-7bfff000 rw-p 00000000 00:00 0 
7bfff000-7c000000 ---p 00000000 00:00 0 
7c02c000-7c03f000 r-xp 00000000 08:05 923186     /lib/i386-linux-gnu/libresolv-2.19.so
7c03f000-7c040000 ---p 00013000 08:05 923186     /lib/i386-linux-gnu/libresolv-2.19.so
7c040000-7c041000 r--p 00013000 08:05 923186     /lib/i386-linux-gnu/libresolv-2.19.so
7c041000-7c042000 rw-p 00014000 08:05 923186     /lib/i386-linux-gnu/libresolv-2.19.so
7c042000-7c044000 rw-p 00000000 00:00 0 
7c05e000-7c061000 ---p 00000000 00:00 0 
7c061000-7c0af000 rw-p 00000000 00:00 0          [stack:28338]
7c0af000-7c0b2000 ---p 00000000 00:00 0 
7c0b2000-7c100000 rw-p 00000000 00:00 0 
7c100000-7c1f2000 rw-p 00000000 00:00 0 
7c1f2000-7c200000 ---p 00000000 00:00 0 
7c200000-7c300000 rw-p 00000000 00:00 0 
7c300000-7c3f8000 rw-p 00000000 00:00 0 
7c3f8000-7c400000 ---p 00000000 00:00 0 
7c400000-7c500000 rw-p 00000000 00:00 0 
7c50d000-7c510000 ---p 00000000 00:00 0 
7c510000-7c55e000 rw-p 00000000 00:00 0          [stack:28578]
7c55e000-7c561000 ---p 00000000 00:00 0 
7c561000-7c5af000 rw-p 00000000 00:00 0          [stack:28615]
7c5af000-7c5b2000 ---p 00000000 00:00 0 
7c5b2000-7c600000 rw-p 00000000 00:00 0          [stack:14614]
7c600000-7c6f7000 rw-p 00000000 00:00 0 
7c6f7000-7c700000 ---p 00000000 00:00 0 
7c700000-7c800000 rw-p 00000000 00:00 0 
7c800000-7c900000 rw-p 00000000 00:00 0 
7c90d000-7c910000 ---p 00000000 00:00 0 
7c910000-7c95e000 rw-p 00000000 00:00 0          [stack:14613]
7c95e000-7c961000 ---p 00000000 00:00 0 
7c961000-7c9af000 rw-p 00000000 00:00 0          [stack:14612]
7c9af000-7c9b2000 ---p 00000000 00:00 0 
7c9b2000-7ca00000 rw-p 00000000 00:00 0          [stack:14611]
7ca00000-7caf4000 rw-p 00000000 00:00 0 
7caf4000-7cb00000 ---p 00000000 00:00 0 
7cb00000-7cbff000 rw-p 00000000 00:00 0 
7cbff000-7cc00000 ---p 00000000 00:00 0 
7cc00000-7ccff000 rw-p 00000000 00:00 0 
7ccff000-7cd00000 ---p 00000000 00:00 0 
7cd00000-7cdfe000 rw-p 00000000 00:00 0 
7cdfe000-7ce00000 ---p 00000000 00:00 0 
7ce00000-7cf00000 rw-p 00000000 00:00 0 
7cf03000-7cf04000 rw-p 00000000 00:00 0 
7cf04000-7cf08000 r--s 000f7000 08:05 798645     /home/edimar/jdk1.7.0_40/jre/lib/ext/localedata.jar
7cf08000-7cf0d000 r-xp 00000000 08:05 923182     /lib/i386-linux-gnu/libnss_dns-2.19.so
7cf0d000-7cf0e000 r--p 00004000 08:05 923182     /lib/i386-linux-gnu/libnss_dns-2.19.so
7cf0e000-7cf0f000 rw-p 00005000 08:05 923182     /lib/i386-linux-gnu/libnss_dns-2.19.so
7cf0f000-7cf11000 r-xp 00000000 08:05 929767     /lib/i386-linux-gnu/libnss_mdns4_minimal.so.2
7cf11000-7cf12000 r--p 00001000 08:05 929767     /lib/i386-linux-gnu/libnss_mdns4_minimal.so.2
7cf12000-7cf13000 rw-p 00002000 08:05 929767     /lib/i386-linux-gnu/libnss_mdns4_minimal.so.2
7cf13000-7cf17000 r--s 0008a000 08:05 798755     /home/edimar/jdk1.7.0_40/jre/lib/jsse.jar
7cf17000-7cf1a000 ---p 00000000 00:00 0 
7cf1a000-7cf68000 rw-p 00000000 00:00 0          [stack:14610]
7cf68000-7cf6b000 ---p 00000000 00:00 0 
7cf6b000-7cfb9000 rw-p 00000000 00:00 0          [stack:14609]
7cfb9000-7cfcd000 r-xp 00000000 08:05 798708     /home/edimar/jdk1.7.0_40/jre/lib/i386/libnet.so
7cfcd000-7cfce000 rw-p 00014000 08:05 798708     /home/edimar/jdk1.7.0_40/jre/lib/i386/libnet.so
7cfce000-7cfdc000 r-xp 00000000 08:05 798721     /home/edimar/jdk1.7.0_40/jre/lib/i386/libnio.so
7cfdc000-7cfdd000 rw-p 0000e000 08:05 798721     /home/edimar/jdk1.7.0_40/jre/lib/i386/libnio.so
7cfdd000-7cfe4000 r-xp 00000000 08:05 798702     /home/edimar/jdk1.7.0_40/jre/lib/i386/libmanagement.so
7cfe4000-7cfe5000 rw-p 00006000 08:05 798702     /home/edimar/jdk1.7.0_40/jre/lib/i386/libmanagement.so
7cfe5000-7cfe7000 r--s 00009000 08:05 818077     /home/edimar/.m2/repository/org/neo4j/neo4j-import-tool/2.3.0-M02/neo4j-import-tool-2.3.0-M02.jar
7cfe7000-7d000000 r--s 00135000 08:05 789253     /home/edimar/.m2/repository/xerces/xercesImpl/2.11.0/xercesImpl-2.11.0.jar
7d000000-7d0f9000 rw-p 00000000 00:00 0 
7d0f9000-7d100000 ---p 00000000 00:00 0 
7d100000-7d109000 r--s 0002d000 08:05 789255     /home/edimar/.m2/repository/xml-apis/xml-apis/1.4.01/xml-apis-1.4.01.jar
7d109000-7d10b000 r--s 0001d000 08:05 788866     /home/edimar/.m2/repository/net/sourceforge/nekohtml/nekohtml/1.9.22/nekohtml-1.9.22.jar
7d10b000-7d10f000 r--s 00016000 08:05 807875     /home/edimar/.m2/repository/javax/xml/bind/jaxb-api/2.2.12/jaxb-api-2.2.12.jar
7d10f000-7d111000 r--s 00004000 08:05 807872     /home/edimar/.m2/repository/javax/xml/stream/stax-api/1.0-2/stax-api-1.0-2.jar
7d111000-7d114000 r--s 0001b000 08:05 807870     /home/edimar/.m2/repository/xpp3/xpp3/1.1.4c/xpp3-1.1.4c.jar
7d114000-7d11a000 r--s 00033000 08:05 807867     /home/edimar/.m2/repository/jaxen/jaxen/1.1.6/jaxen-1.1.6.jar
7d11a000-7d11d000 r--s 00017000 08:05 807865     /home/edimar/.m2/repository/pull-parser/pull-parser/2/pull-parser-2.jar
7d11d000-7d122000 r--s 00034000 08:05 807859     /home/edimar/.m2/repository/net/java/dev/msv/xsdlib/2013.6.1/xsdlib-2013.6.1.jar
7d122000-7d127000 r--s 00048000 08:05 807857     /home/edimar/.m2/repository/org/dom4j/dom4j/2.0.0-RC1/dom4j-2.0.0-RC1.jar
7d127000-7d12f000 r--s 00049000 08:05 807855     /home/edimar/.m2/repository/org/neo4j/neo4j-consistency-check/2.2.3/neo4j-consistency-check-2.2.3.jar
7d12f000-7d201000 r--s 00912000 08:05 807839     /home/edimar/.m2/repository/org/neo4j/neo4j-cypher-compiler-2.2/2.2.3/neo4j-cypher-compiler-2.2-2.2.3.jar
7d201000-7d2a1000 r--s 006df000 08:05 807836     /home/edimar/.m2/repository/org/neo4j/neo4j-cypher-compiler-2.1/2.1.8/neo4j-cypher-compiler-2.1-2.1.8.jar
7d2a1000-7d313000 r--s 004c5000 08:05 807834     /home/edimar/.m2/repository/org/neo4j/neo4j-cypher-compiler-2.0/2.0.4/neo4j-cypher-compiler-2.0-2.0.4.jar
7d313000-7d358000 r--s 002a1000 08:05 807824     /home/edimar/.m2/repository/org/neo4j/neo4j-cypher-compiler-1.9/2.0.4/neo4j-cypher-compiler-1.9-2.0.4.jar
7d358000-7d38d000 r--s 002da000 08:05 807821     /home/edimar/.m2/repository/org/scala-lang/scala-reflect/2.10.5/scala-reflect-2.10.5.jar
7d38d000-7d3ff000 r--s 0065b000 08:05 807820     /home/edimar/.m2/repository/org/scala-lang/scala-library/2.10.5/scala-library-2.10.5.jar
7d3ff000-7d448000 r--s 002dc000 08:05 807729     /home/edimar/.m2/repository/org/neo4j/neo4j-kernel/2.2.3/neo4j-kernel-2.2.3.jar
7d448000-7d449000 ---p 00000000 00:00 0 
7d449000-7d4c9000 rw-p 00000000 00:00 0          [stack:14608]
7d4c9000-7d4cc000 ---p 00000000 00:00 0 
7d4cc000-7d51a000 rw-p 00000000 00:00 0          [stack:14607]
7d51a000-7d51d000 ---p 00000000 00:00 0 
7d51d000-7d59b000 rw-p 00000000 00:00 0          [stack:14606]
7d59b000-7d59e000 ---p 00000000 00:00 0 
7d59e000-7d61c000 rw-p 00000000 00:00 0          [stack:14605]
7d61c000-7d61f000 ---p 00000000 00:00 0 
7d61f000-7d66d000 rw-p 00000000 00:00 0          [stack:14604]
7d66d000-7d7dd000 r--p 002ca000 08:05 1054165    /usr/lib/locale/locale-archive
7d7dd000-7d9dd000 r--p 00000000 08:05 1054165    /usr/lib/locale/locale-archive
7d9dd000-7d9e0000 ---p 00000000 00:00 0 
7d9e0000-7da2e000 rw-p 00000000 00:00 0          [stack:14603]
7da2e000-7da31000 ---p 00000000 00:00 0 
7da31000-7da7f000 rw-p 00000000 00:00 0          [stack:14602]
7da7f000-7da80000 ---p 00000000 00:00 0 
7da80000-7db00000 rw-p 00000000 00:00 0          [stack:14601]
7db00000-7dbfc000 rw-p 00000000 00:00 0 
7dbfc000-7dc00000 ---p 00000000 00:00 0 
7dc00000-7dc01000 rw-p 00000000 00:00 0 
7dc01000-7dc02000 r--s 00004000 08:05 807862     /home/edimar/.m2/repository/relaxngDatatype/relaxngDatatype/20020414/relaxngDatatype-20020414.jar
7dc02000-7dc03000 r--s 00004000 08:05 790502     /home/edimar/.m2/repository/br/edimarmanica/HtmltoCSVtoNeo4j/1.0-SNAPSHOT/HtmltoCSVtoNeo4j-1.0-SNAPSHOT.jar
7dc03000-7dc05000 r--s 00000000 08:05 801685     /home/edimar/.m2/repository/br/edimarmanica/Configuration/1.0-SNAPSHOT/Configuration-1.0-SNAPSHOT.jar
7dc05000-7dc07000 r--s 00008000 08:05 803835     /home/edimar/.m2/repository/org/apache/commons/commons-csv/1.2/commons-csv-1.2.jar
7dc07000-7dc0b000 r--s 00019000 08:05 807849     /home/edimar/.m2/repository/com/googlecode/concurrentlinkedhashmap/concurrentlinkedhashmap-lru/1.4/concurrentlinkedhashmap-lru-1.4.jar
7dc0b000-7dc24000 r--s 0015f000 08:05 807785     /home/edimar/.m2/repository/org/apache/lucene/lucene-core/3.6.2/lucene-core-3.6.2.jar
7dc24000-7dc6f000 rw-p 00000000 00:00 0 
7dc6f000-7de2c000 r--s 039d3000 08:05 797516     /home/edimar/jdk1.7.0_40/jre/lib/rt.jar
7de2c000-7fb00000 rw-p 00000000 00:00 0 
7fb00000-7fbfd000 rw-p 00000000 00:00 0 
7fbfd000-7fc00000 ---p 00000000 00:00 0 
7fc00000-7fc10000 r--s 000af000 08:05 807815     /home/edimar/.m2/repository/org/neo4j/neo4j-cypher/2.2.3/neo4j-cypher-2.2.3.jar
7fc10000-7fc7f000 rw-p 00000000 00:00 0 
7fc7f000-7fc80000 ---p 00000000 00:00 0 
7fc80000-7fd00000 rw-p 00000000 00:00 0          [stack:14600]
7fd00000-7fdc6000 rw-p 00000000 00:00 0 
7fdc6000-7fe00000 ---p 00000000 00:00 0 
7fe00000-7fe02000 r--s 0000a000 08:05 807852     /home/edimar/.m2/repository/org/neo4j/neo4j-jmx/2.2.3/neo4j-jmx-2.2.3.jar
7fe02000-7fe03000 r--s 00004000 08:05 807847     /home/edimar/.m2/repository/net/sf/opencsv/opencsv/2.3/opencsv-2.3.jar
7fe03000-7fe08000 r--s 00029000 08:05 807844     /home/edimar/.m2/repository/org/parboiled/parboiled-core/1.1.7/parboiled-core-1.1.7.jar
7fe08000-7fe09000 ---p 00000000 00:00 0 
7fe09000-7fe9b000 rw-p 00000000 00:00 0          [stack:14599]
7fe9b000-7fea9000 rw-p 00000000 00:00 0 
7fea9000-7ff10000 rw-p 00000000 00:00 0 
7ff10000-7ffa5000 rw-p 00000000 00:00 0 
7ffa5000-7ffb7000 rw-p 00000000 00:00 0 
7ffb7000-7ffc5000 rw-p 00000000 00:00 0 
7ffc5000-8002c000 rw-p 00000000 00:00 0 
8002c000-800c1000 rw-p 00000000 00:00 0 
800c1000-8013f000 rw-p 00000000 00:00 0 
8013f000-82480000 rw-p 00000000 00:00 0 
82480000-84140000 rw-p 00000000 00:00 0 
84140000-90f00000 rw-p 00000000 00:00 0 
90f00000-a3940000 rw-p 00000000 00:00 0 
a3940000-b3480000 rw-p 00000000 00:00 0 
b3480000-b3540000 ---p 00000000 00:00 0 
b3540000-b3558000 rw-p 00000000 00:00 0 
b3558000-b3600000 rw-p 00000000 00:00 0 
b3600000-b3bc8000 rwxp 00000000 00:00 0 
b3bc8000-b66f4000 rw-p 00000000 00:00 0 
b66f4000-b6700000 ---p 00000000 00:00 0 
b6700000-b6705000 r--s 00035000 08:05 807842     /home/edimar/.m2/repository/org/parboiled/parboiled-scala_2.10/1.1.7/parboiled-scala_2.10-1.1.7.jar
b6705000-b6707000 r--s 0000b000 08:05 807811     /home/edimar/.m2/repository/org/neo4j/neo4j-graph-matching/2.2.3/neo4j-graph-matching-2.2.3.jar
b6707000-b670b000 r--s 00024000 08:05 807794     /home/edimar/.m2/repository/org/neo4j/neo4j-graph-algo/2.2.3/neo4j-graph-algo-2.2.3.jar
b670b000-b6710000 r--s 00036000 08:05 807772     /home/edimar/.m2/repository/org/neo4j/neo4j-lucene-index/2.2.3/neo4j-lucene-index-2.2.3.jar
b6710000-b6727000 r-xp 00000000 08:05 798742     /home/edimar/jdk1.7.0_40/jre/lib/i386/libzip.so
b6727000-b6728000 rw-p 00017000 08:05 798742     /home/edimar/jdk1.7.0_40/jre/lib/i386/libzip.so
b6728000-b6733000 r-xp 00000000 08:05 923188     /lib/i386-linux-gnu/libnss_files-2.19.so
b6733000-b6734000 r--p 0000a000 08:05 923188     /lib/i386-linux-gnu/libnss_files-2.19.so
b6734000-b6735000 rw-p 0000b000 08:05 923188     /lib/i386-linux-gnu/libnss_files-2.19.so
b6735000-b673f000 r-xp 00000000 08:05 923174     /lib/i386-linux-gnu/libnss_nis-2.19.so
b673f000-b6740000 r--p 00009000 08:05 923174     /lib/i386-linux-gnu/libnss_nis-2.19.so
b6740000-b6741000 rw-p 0000a000 08:05 923174     /lib/i386-linux-gnu/libnss_nis-2.19.so
b6741000-b6756000 r-xp 00000000 08:05 923175     /lib/i386-linux-gnu/libnsl-2.19.so
b6756000-b6757000 r--p 00015000 08:05 923175     /lib/i386-linux-gnu/libnsl-2.19.so
b6757000-b6758000 rw-p 00016000 08:05 923175     /lib/i386-linux-gnu/libnsl-2.19.so
b6758000-b675a000 rw-p 00000000 00:00 0 
b675a000-b675c000 r--s 00008000 08:05 807797     /home/edimar/.m2/repository/org/neo4j/neo4j-udc/2.2.3/neo4j-udc-2.2.3.jar
b675c000-b675f000 r--s 0000f000 08:05 807731     /home/edimar/.m2/repository/org/neo4j/neo4j-csv/2.2.3/neo4j-csv-2.2.3.jar
b675f000-b6762000 r--s 00017000 08:05 807725     /home/edimar/.m2/repository/org/neo4j/neo4j-io/2.2.3/neo4j-io-2.2.3.jar
b6762000-b6763000 r--s 00002000 08:05 807727     /home/edimar/.m2/repository/org/neo4j/neo4j-unsafe/2.2.3/neo4j-unsafe-2.2.3.jar
b6763000-b676a000 r--s 00028000 08:05 807723     /home/edimar/.m2/repository/org/neo4j/neo4j-primitive-collections/2.2.3/neo4j-primitive-collections-2.2.3.jar
b676a000-b676c000 r--s 0000a000 08:05 794569     /home/edimar/.m2/repository/br/edimarmanica/Expressiveness/1.0-SNAPSHOT/Expressiveness-1.0-SNAPSHOT.jar
b676c000-b6774000 rw-s 00000000 08:05 656940     /tmp/hsperfdata_edimar/14594
b6774000-b6797000 r-xp 00000000 08:05 798684     /home/edimar/jdk1.7.0_40/jre/lib/i386/libjava.so
b6797000-b6798000 rw-p 00022000 08:05 798684     /home/edimar/jdk1.7.0_40/jre/lib/i386/libjava.so
b6798000-b679f000 r-xp 00000000 08:05 923189     /lib/i386-linux-gnu/librt-2.19.so
b679f000-b67a0000 r--p 00006000 08:05 923189     /lib/i386-linux-gnu/librt-2.19.so
b67a0000-b67a1000 rw-p 00007000 08:05 923189     /lib/i386-linux-gnu/librt-2.19.so
b67a1000-b67a4000 ---p 00000000 00:00 0 
b67a4000-b67f2000 rw-p 00000000 00:00 0          [stack:14598]
b67f2000-b6836000 r-xp 00000000 08:05 923179     /lib/i386-linux-gnu/libm-2.19.so
b6836000-b6837000 r--p 00043000 08:05 923179     /lib/i386-linux-gnu/libm-2.19.so
b6837000-b6838000 rw-p 00044000 08:05 923179     /lib/i386-linux-gnu/libm-2.19.so
b6838000-b70af000 r-xp 00000000 08:05 798741     /home/edimar/jdk1.7.0_40/jre/lib/i386/server/libjvm.so
b70af000-b7113000 rw-p 00877000 08:05 798741     /home/edimar/jdk1.7.0_40/jre/lib/i386/server/libjvm.so
b7113000-b7537000 rw-p 00000000 00:00 0 
b7537000-b76df000 r-xp 00000000 08:05 923170     /lib/i386-linux-gnu/libc-2.19.so
b76df000-b76e1000 r--p 001a8000 08:05 923170     /lib/i386-linux-gnu/libc-2.19.so
b76e1000-b76e2000 rw-p 001aa000 08:05 923170     /lib/i386-linux-gnu/libc-2.19.so
b76e2000-b76e5000 rw-p 00000000 00:00 0 
b76e5000-b76e8000 r-xp 00000000 08:05 923171     /lib/i386-linux-gnu/libdl-2.19.so
b76e8000-b76e9000 r--p 00002000 08:05 923171     /lib/i386-linux-gnu/libdl-2.19.so
b76e9000-b76ea000 rw-p 00003000 08:05 923171     /lib/i386-linux-gnu/libdl-2.19.so
b76ea000-b76fd000 r-xp 00000000 08:05 798692     /home/edimar/jdk1.7.0_40/jre/lib/i386/jli/libjli.so
b76fd000-b76fe000 rw-p 00012000 08:05 798692     /home/edimar/jdk1.7.0_40/jre/lib/i386/jli/libjli.so
b76fe000-b76ff000 rw-p 00000000 00:00 0 
b76ff000-b7717000 r-xp 00000000 08:05 923184     /lib/i386-linux-gnu/libpthread-2.19.so
b7717000-b7718000 r--p 00018000 08:05 923184     /lib/i386-linux-gnu/libpthread-2.19.so
b7718000-b7719000 rw-p 00019000 08:05 923184     /lib/i386-linux-gnu/libpthread-2.19.so
b7719000-b771b000 rw-p 00000000 00:00 0 
b771b000-b771c000 r--s 00005000 08:05 807690     /home/edimar/.m2/repository/org/neo4j/neo4j/2.2.3/neo4j-2.2.3.jar
b771c000-b771e000 r--s 00009000 08:05 803840     /home/edimar/.m2/repository/br/edimarmanica/Dataset/1.0-SNAPSHOT/Dataset-1.0-SNAPSHOT.jar
b771e000-b7725000 r-xp 00000000 08:05 923180     /lib/i386-linux-gnu/libnss_compat-2.19.so
b7725000-b7726000 r--p 00006000 08:05 923180     /lib/i386-linux-gnu/libnss_compat-2.19.so
b7726000-b7727000 rw-p 00007000 08:05 923180     /lib/i386-linux-gnu/libnss_compat-2.19.so
b7727000-b7728000 rw-p 00000000 00:00 0 
b7728000-b7729000 r--p 00000000 00:00 0 
b7729000-b7734000 r-xp 00000000 08:05 798659     /home/edimar/jdk1.7.0_40/jre/lib/i386/libverify.so
b7734000-b7735000 rw-p 0000b000 08:05 798659     /home/edimar/jdk1.7.0_40/jre/lib/i386/libverify.so
b7735000-b7737000 rw-p 00000000 00:00 0 
b7737000-b7738000 r-xp 00000000 00:00 0          [vdso]
b7738000-b7758000 r-xp 00000000 08:05 923173     /lib/i386-linux-gnu/ld-2.19.so
b7758000-b7759000 r--p 0001f000 08:05 923173     /lib/i386-linux-gnu/ld-2.19.so
b7759000-b775a000 rw-p 00020000 08:05 923173     /lib/i386-linux-gnu/ld-2.19.so
bfadb000-bfafd000 rw-p 00000000 00:00 0          [stack]

VM Arguments:
java_command: br.edimarmanica.intrasite.rules.SetTemplate02
Launcher Type: SUN_STANDARD

Environment Variables:
JAVA_HOME=/home/edimar/jdk1.7.0_40
PATH=/usr/local/sbin:/usr/local/bin:/usr/sbin:/usr/bin:/sbin:/bin:/usr/games:/usr/local/games
LD_LIBRARY_PATH=/home/edimar/jdk1.7.0_40/jre/lib/amd64:/home/edimar/jdk1.7.0_40/jre/lib/i386:
SHELL=/bin/bash
DISPLAY=:0

Signal Handlers:
SIGSEGV: [libjvm.so+0x7dcc00], sa_mask[0]=0x7ffbfeff, sa_flags=0x10000004
SIGBUS: [libjvm.so+0x7dcc00], sa_mask[0]=0x7ffbfeff, sa_flags=0x10000004
SIGFPE: [libjvm.so+0x678400], sa_mask[0]=0x7ffbfeff, sa_flags=0x10000004
SIGPIPE: [libjvm.so+0x678400], sa_mask[0]=0x7ffbfeff, sa_flags=0x10000004
SIGXFSZ: [libjvm.so+0x678400], sa_mask[0]=0x7ffbfeff, sa_flags=0x10000004
SIGILL: [libjvm.so+0x678400], sa_mask[0]=0x7ffbfeff, sa_flags=0x10000004
SIGUSR1: SIG_DFL, sa_mask[0]=0x00000000, sa_flags=0x00000000
SIGUSR2: [libjvm.so+0x6798f0], sa_mask[0]=0x00000004, sa_flags=0x10000004
SIGHUP: [libjvm.so+0x67aa40], sa_mask[0]=0x7ffbfeff, sa_flags=0x10000004
SIGINT: SIG_IGN, sa_mask[0]=0x00000000, sa_flags=0x00000000
SIGTERM: [libjvm.so+0x67aa40], sa_mask[0]=0x7ffbfeff, sa_flags=0x10000004
SIGQUIT: [libjvm.so+0x67aa40], sa_mask[0]=0x7ffbfeff, sa_flags=0x10000004


---------------  S Y S T E M  ---------------

OS:jessie/sid

uname:Linux 3.13.0-71-generic #114-Ubuntu SMP Tue Dec 1 02:35:20 UTC 2015 i686
libc:glibc 2.19 NPTL 2.19 
rlimit: STACK 8192k, CORE 0k, NPROC 23954, NOFILE 4096, AS infinity
load average:1,49 1,60 1,74

/proc/meminfo:
MemTotal:        3092848 kB
MemFree:          156136 kB
Buffers:          393956 kB
Cached:           390848 kB
SwapCached:        18144 kB
Active:          1875072 kB
Inactive:         910148 kB
Active(anon):    1537204 kB
Inactive(anon):   591064 kB
Active(file):     337868 kB
Inactive(file):   319084 kB
Unevictable:         100 kB
Mlocked:             100 kB
HighTotal:       2222524 kB
HighFree:          69344 kB
LowTotal:         870324 kB
LowFree:           86792 kB
SwapTotal:       3314684 kB
SwapFree:        3125592 kB
Dirty:               200 kB
Writeback:           300 kB
AnonPages:       1984812 kB
Mapped:            69232 kB
Shmem:            127732 kB
Slab:             115268 kB
SReclaimable:      93016 kB
SUnreclaim:        22252 kB
KernelStack:        3840 kB
PageTables:        12636 kB
NFS_Unstable:          0 kB
Bounce:                0 kB
WritebackTmp:          0 kB
CommitLimit:     4861108 kB
Committed_AS:    4775868 kB
VmallocTotal:     122880 kB
VmallocUsed:       19644 kB
VmallocChunk:      94972 kB
HardwareCorrupted:     0 kB
AnonHugePages:   1058816 kB
HugePages_Total:       0
HugePages_Free:        0
HugePages_Rsvd:        0
HugePages_Surp:        0
Hugepagesize:       2048 kB
DirectMap4k:       22520 kB
DirectMap2M:      890880 kB


CPU:total 2 (2 cores per cpu, 1 threads per core) family 6 model 23 stepping 10, cmov, cx8, fxsr, mmx, sse, sse2, sse3, ssse3, sse4.1, tsc

/proc/cpuinfo:
processor	: 0
vendor_id	: GenuineIntel
cpu family	: 6
model		: 23
model name	: Intel(R) Core(TM)2 Duo CPU     T6400  @ 2.00GHz
stepping	: 10
microcode	: 0xa07
cpu MHz		: 1600.000
cache size	: 2048 KB
physical id	: 0
siblings	: 2
core id		: 0
cpu cores	: 2
apicid		: 0
initial apicid	: 0
fdiv_bug	: no
f00f_bug	: no
coma_bug	: no
fpu		: yes
fpu_exception	: yes
cpuid level	: 13
wp		: yes
flags		: fpu vme de pse tsc msr pae mce cx8 apic sep mtrr pge mca cmov pat pse36 clflush dts acpi mmx fxsr sse sse2 ss ht tm pbe nx lm constant_tsc arch_perfmon pebs bts aperfmperf pni dtes64 monitor ds_cpl est tm2 ssse3 cx16 xtpr pdcm sse4_1 xsave lahf_lm dtherm
bogomips	: 3989.92
clflush size	: 64
cache_alignment	: 64
address sizes	: 36 bits physical, 48 bits virtual
power management:

processor	: 1
vendor_id	: GenuineIntel
cpu family	: 6
model		: 23
model name	: Intel(R) Core(TM)2 Duo CPU     T6400  @ 2.00GHz
stepping	: 10
microcode	: 0xa07
cpu MHz		: 2000.000
cache size	: 2048 KB
physical id	: 0
siblings	: 2
core id		: 1
cpu cores	: 2
apicid		: 1
initial apicid	: 1
fdiv_bug	: no
f00f_bug	: no
coma_bug	: no
fpu		: yes
fpu_exception	: yes
cpuid level	: 13
wp		: yes
flags		: fpu vme de pse tsc msr pae mce cx8 apic sep mtrr pge mca cmov pat pse36 clflush dts acpi mmx fxsr sse sse2 ss ht tm pbe nx lm constant_tsc arch_perfmon pebs bts aperfmperf pni dtes64 monitor ds_cpl est tm2 ssse3 cx16 xtpr pdcm sse4_1 xsave lahf_lm dtherm
bogomips	: 3989.92
clflush size	: 64
cache_alignment	: 64
address sizes	: 36 bits physical, 48 bits virtual
power management:



Memory: 4k page, physical 3092848k(156136k free), swap 3314684k(3125592k free)

vm_info: Java HotSpot(TM) Server VM (24.0-b56) for linux-x86 JRE (1.7.0_40-b43), built on Aug 26 2013 22:01:21 by "java_re" with gcc 4.3.0 20080428 (Red Hat 4.3.0-8)

time: Wed Dec 23 21:33:03 2015
elapsed time: 2965 seconds

