#
# A fatal error has been detected by the Java Runtime Environment:
#
#  SIGSEGV (0xb) at pc=0xb3ab0d36, pid=8111, tid=1854597952
#
# JRE version: 7.0_25-b15
# Java VM: Java HotSpot(TM) Server VM (23.25-b01 mixed mode linux-x86 )
# Problematic frame:
# J  org.neo4j.kernel.impl.store.NodeStore.loadRecord(JLorg/neo4j/kernel/impl/store/record/NodeRecord;)Lorg/neo4j/kernel/impl/store/record/NodeRecord;
#
# Failed to write core dump. Core dumps have been disabled. To enable core dumping, try "ulimit -c unlimited" before starting Java again
#
# If you would like to submit a bug report, please visit:
#   http://bugreport.sun.com/bugreport/crash.jsp
#

---------------  T H R E A D  ---------------

Current thread (0x6e9aa400):  JavaThread "AWT-EventQueue-0" [_thread_in_Java, id=8129, stack(0x6e85e000,0x6e8af000)]

siginfo:si_signo=SIGSEGV: si_errno=0, si_code=1 (SEGV_MAPERR), si_addr=0x9e00c156

Registers:
EAX=0x0000010e, EBX=0x00000000, ECX=0x9e00c048, EDX=0x00000000
ESP=0x6e8aca00, EBP=0x00002000, ESI=0x924f3558, EDI=0x9e00c156
EIP=0xb3ab0d36, EFLAGS=0x00010296, CR2=0x9e00c156

Top of Stack: (sp=0x6e8aca00)
0x6e8aca00:   000001f6 00000000 00002000 00000000
0x6e8aca10:   926d5730 0000010e a29761a8 a2928c48
0x6e8aca20:   924f3558 00000000 0000010f a2976318
0x6e8aca30:   72e47c70 6e9aa400 a2928d18 a0ad37c0
0x6e8aca40:   6e9aa400 a295cc28 72e47c70 a29762e8
0x6e8aca50:   72e47c70 6e9aa400 a4dedc30 a0ad37c0
0x6e8aca60:   a0ad37c0 a295ce18 00000001 b3b16370
0x6e8aca70:   00042ebe 00000000 a2976158 a2976178 

Instructions: (pc=0xb3ab0d36)
0xb3ab0d16:   20 89 74 24 14 89 7b 34 89 7c 24 28 89 5c 24 1c
0xb3ab0d26:   8b f0 8b 4e 20 8b 5e 24 8b 44 24 14 8b f8 03 f9
0xb3ab0d36:   0f b6 07 8b d8 83 e3 01 b9 88 8c 52 78 8b 49 10
0xb3ab0d46:   ba 01 00 00 00 33 ed 3b d9 0f 45 d5 89 54 24 2c 

Register to memory mapping:

EAX=0x0000010e is an unknown value
EBX=0x00000000 is an unknown value
ECX=0x9e00c048 is an unallocated location in the heap
EDX=0x00000000 is an unknown value
ESP=0x6e8aca00 is pointing into the stack for thread: 0x6e9aa400
EBP=0x00002000 is an unknown value
ESI=0x924f3558 is an oop
org.neo4j.io.pagecache.impl.muninn.MuninnPage 
 - klass: 'org/neo4j/io/pagecache/impl/muninn/MuninnPage'
EDI=0x9e00c156 is an unallocated location in the heap


Stack: [0x6e85e000,0x6e8af000],  sp=0x6e8aca00,  free space=314k
Native frames: (J=compiled Java code, j=interpreted, Vv=VM code, C=native code)
J  org.neo4j.kernel.impl.store.NodeStore.loadRecord(JLorg/neo4j/kernel/impl/store/record/NodeRecord;)Lorg/neo4j/kernel/impl/store/record/NodeRecord;

[error occurred during error reporting (printing native stack), id 0xb]


---------------  P R O C E S S  ---------------

Java Threads: ( => current thread )
  0x516fec00 JavaThread "GC-Monitor" daemon [_thread_blocked, id=8499, stack(0x6dc0d000,0x6dc5e000)]
  0x515fe800 JavaThread "Scheduled Neo4j EmbeddedGraphDatabase [/home/edimar/neo4j-community-2.2.3/data/graph.db]-2" daemon [_thread_blocked, id=8498, stack(0x6e22e000,0x6e27f000)]
  0x6d7be400 JavaThread "Scheduled Neo4j EmbeddedGraphDatabase [/home/edimar/neo4j-community-2.2.3/data/graph.db]-1" daemon [_thread_blocked, id=8497, stack(0x6d8af000,0x6d900000)]
  0x6e68b400 JavaThread "MuninnPageCache[4]-FlushTask" daemon [_thread_blocked, id=8496, stack(0x6e27f000,0x6e2d0000)]
  0x6dfd7c00 JavaThread "MuninnPageCache[4]-EvictionTask" daemon [_thread_blocked, id=8495, stack(0x6dcaf000,0x6dd00000)]
  0x6e09ac00 JavaThread "Neo4j UDC Timer" daemon [_thread_blocked, id=8494, stack(0x6dc5e000,0x6dcaf000)]
  0x6e671800 JavaThread "TimerQueue" daemon [_thread_blocked, id=8130, stack(0x6e2d0000,0x6e321000)]
  0xb6707c00 JavaThread "DestroyJavaVM" [_thread_blocked, id=8115, stack(0xb68dd000,0xb692e000)]
=>0x6e9aa400 JavaThread "AWT-EventQueue-0" [_thread_in_Java, id=8129, stack(0x6e85e000,0x6e8af000)]
  0x6e9a9400 JavaThread "AWT-Shutdown" [_thread_blocked, id=8128, stack(0x6e8af000,0x6e900000)]
  0x6eee6400 JavaThread "AWT-XAWT" daemon [_thread_in_native, id=8127, stack(0x6eace000,0x6eb1f000)]
  0x6eec4400 JavaThread "Java2D Disposer" daemon [_thread_blocked, id=8126, stack(0x6eb4d000,0x6eb9e000)]
  0x6f979400 JavaThread "Service Thread" daemon [_thread_blocked, id=8124, stack(0x6f3ec000,0x6f43d000)]
  0x6f977800 JavaThread "C2 CompilerThread1" daemon [_thread_blocked, id=8123, stack(0x6f43d000,0x6f4be000)]
  0x6f975800 JavaThread "C2 CompilerThread0" daemon [_thread_blocked, id=8122, stack(0x6f4be000,0x6f53f000)]
  0x6f973c00 JavaThread "Signal Dispatcher" daemon [_thread_blocked, id=8121, stack(0x6f53f000,0x6f590000)]
  0x6f938000 JavaThread "Finalizer" daemon [_thread_blocked, id=8120, stack(0x6fa1d000,0x6fa6e000)]
  0x6f936400 JavaThread "Reference Handler" daemon [_thread_blocked, id=8119, stack(0x7282e000,0x7287f000)]

Other Threads:
  0x6f930800 VMThread [stack: 0x6fa6e000,0x6faef000] [id=8118]
  0x6f97b000 WatcherThread [stack: 0x6f36b000,0x6f3ec000] [id=8125]

VM state:not at safepoint (normal execution)

VM Mutex/Monitor currently owned by a thread: None

Heap
 PSYoungGen      total 210112K, used 94671K [0x9f3a0000, 0xb3640000, 0xb3640000)
  eden space 110208K, 85% used [0x9f3a0000,0xa5013f18,0xa5f40000)
  from space 99904K, 0% used [0xad4b0000,0xad4b0000,0xb3640000)
  to   space 110080K, 0% used [0xa5f40000,0xa5f40000,0xacac0000)
 ParOldGen       total 452992K, used 452991K [0x76e40000, 0x928a0000, 0x9f3a0000)
  object space 452992K, 99% used [0x76e40000,0x9289ffa8,0x928a0000)
 PSPermGen       total 45312K, used 31777K [0x72e40000, 0x75a80000, 0x76e40000)
  object space 45312K, 70% used [0x72e40000,0x74d48578,0x75a80000)

Card table byte_map: [0x72c3b000,0x72e40000] byte_map_base: 0x728a3e00

Polling page: 0xb7790000

Code Cache  [0xb3700000, 0xb3b80000, 0xb6700000)
 total_blobs=2381 nmethods=2091 adapters=240 free_code_cache=44597Kb largest_free_block=45630208

Compilation events (10 events):
Event: 1089,568 Thread 0x6f977800 nmethod 2245 0xb3b78e48 code [0xb3b790e0, 0xb3b7a12c]
Event: 1089,568 Thread 0x6f977800 2248             scala.collection.Iterator$$anon$14::hasNext (68 bytes)
Event: 1089,570 Thread 0x6f975800 nmethod 2247 0xb3adedc8 code [0xb3adeee0, 0xb3adf110]
Event: 1089,577 Thread 0x6f977800 nmethod 2248 0xb3addd08 code [0xb3addee0, 0xb3ade444]
Event: 1093,561 Thread 0x6f975800 2249             org.neo4j.helpers.Pair$1::other (5 bytes)
Event: 1093,562 Thread 0x6f975800 nmethod 2249 0xb3b65948 code [0xb3b65a20, 0xb3b65a70]
Event: 1098,984 Thread 0x6f975800 2250             org.neo4j.kernel.impl.cache.SizeOfs::withReference (5 bytes)
Event: 1098,985 Thread 0x6f975800 nmethod 2250 0xb39ac348 code [0xb39ac420, 0xb39ac450]
Event: 1103,983 Thread 0x6f975800 2251             scala.collection.mutable.OpenHashMap::findIndex (143 bytes)
Event: 1103,986 Thread 0x6f975800 nmethod 2251 0xb3b66bc8 code [0xb3b66d00, 0xb3b66f24]

GC Heap History (10 events):
Event: 1099,264 GC heap before
{Heap before GC invocations=85 (full 7):
 PSYoungGen      total 207040K, used 207029K [0x9f3a0000, 0xb2070000, 0xb3640000)
  eden space 149440K, 100% used [0x9f3a0000,0xa8590000,0xa8590000)
  from space 57600K, 99% used [0xa8590000,0xabdcd778,0xabdd0000)
  to   space 77568K, 0% used [0xad4b0000,0xad4b0000,0xb2070000)
 ParOldGen       total 452992K, used 376818K [0x76e40000, 0x928a0000, 0x9f3a0000)
  object space 452992K, 83% used [0x76e40000,0x8de3c8b8,0x928a0000)
 PSPermGen       total 47616K, used 31773K [0x72e40000, 0x75cc0000, 0x76e40000)
  object space 47616K, 66% used [0x72e40000,0x74d476b0,0x75cc0000)
Event: 1099,526 GC heap after
Heap after GC invocations=85 (full 7):
 PSYoungGen      total 209600K, used 77552K [0x9f3a0000, 0xb3640000, 0xb3640000)
  eden space 132032K, 0% used [0x9f3a0000,0x9f3a0000,0xa7490000)
  from space 77568K, 99% used [0xad4b0000,0xb206c288,0xb2070000)
  to   space 98432K, 0% used [0xa7490000,0xa7490000,0xad4b0000)
 ParOldGen       total 452992K, used 390148K [0x76e40000, 0x928a0000, 0x9f3a0000)
  object space 452992K, 86% used [0x76e40000,0x8eb41298,0x928a0000)
 PSPermGen       total 47616K, used 31773K [0x72e40000, 0x75cc0000, 0x76e40000)
  object space 47616K, 66% used [0x72e40000,0x74d476b0,0x75cc0000)
}
Event: 1104,085 GC heap before
{Heap before GC invocations=86 (full 7):
 PSYoungGen      total 209600K, used 209584K [0x9f3a0000, 0xb3640000, 0xb3640000)
  eden space 132032K, 100% used [0x9f3a0000,0xa7490000,0xa7490000)
  from space 77568K, 99% used [0xad4b0000,0xb206c288,0xb2070000)
  to   space 98432K, 0% used [0xa7490000,0xa7490000,0xad4b0000)
 ParOldGen       total 452992K, used 390148K [0x76e40000, 0x928a0000, 0x9f3a0000)
  object space 452992K, 86% used [0x76e40000,0x8eb41298,0x928a0000)
 PSPermGen       total 47616K, used 31774K [0x72e40000, 0x75cc0000, 0x76e40000)
  object space 47616K, 66% used [0x72e40000,0x74d47a10,0x75cc0000)
Event: 1104,337 GC heap after
Heap after GC invocations=86 (full 7):
 PSYoungGen      total 230464K, used 98425K [0x9f3a0000, 0xb3640000, 0xb3640000)
  eden space 132032K, 0% used [0x9f3a0000,0x9f3a0000,0xa7490000)
  from space 98432K, 99% used [0xa7490000,0xad4ae5e8,0xad4b0000)
  to   space 99904K, 0% used [0xad4b0000,0xad4b0000,0xb3640000)
 ParOldGen       total 452992K, used 398216K [0x76e40000, 0x928a0000, 0x9f3a0000)
  object space 452992K, 87% used [0x76e40000,0x8f322298,0x928a0000)
 PSPermGen       total 47616K, used 31774K [0x72e40000, 0x75cc0000, 0x76e40000)
  object space 47616K, 66% used [0x72e40000,0x74d47a10,0x75cc0000)
}
Event: 1106,956 GC heap before
{Heap before GC invocations=87 (full 7):
 PSYoungGen      total 230464K, used 230457K [0x9f3a0000, 0xb3640000, 0xb3640000)
  eden space 132032K, 100% used [0x9f3a0000,0xa7490000,0xa7490000)
  from space 98432K, 99% used [0xa7490000,0xad4ae5e8,0xad4b0000)
  to   space 99904K, 0% used [0xad4b0000,0xad4b0000,0xb3640000)
 ParOldGen       total 452992K, used 398216K [0x76e40000, 0x928a0000, 0x9f3a0000)
  object space 452992K, 87% used [0x76e40000,0x8f322298,0x928a0000)
 PSPermGen       total 47616K, used 31775K [0x72e40000, 0x75cc0000, 0x76e40000)
  object space 47616K, 66% used [0x72e40000,0x74d47ea0,0x75cc0000)
Event: 1107,388 GC heap after
Heap after GC invocations=87 (full 7):
 PSYoungGen      total 210112K, used 99888K [0x9f3a0000, 0xb3640000, 0xb3640000)
  eden space 110208K, 0% used [0x9f3a0000,0x9f3a0000,0xa5f40000)
  from space 99904K, 99% used [0xad4b0000,0xb363c388,0xb3640000)
  to   space 110080K, 0% used [0xa5f40000,0xa5f40000,0xacac0000)
 ParOldGen       total 452992K, used 426604K [0x76e40000, 0x928a0000, 0x9f3a0000)
  object space 452992K, 94% used [0x76e40000,0x90edb098,0x928a0000)
 PSPermGen       total 47616K, used 31775K [0x72e40000, 0x75cc0000, 0x76e40000)
  object space 47616K, 66% used [0x72e40000,0x74d47ea0,0x75cc0000)
}
Event: 1107,388 GC heap before
{Heap before GC invocations=88 (full 8):
 PSYoungGen      total 210112K, used 99888K [0x9f3a0000, 0xb3640000, 0xb3640000)
  eden space 110208K, 0% used [0x9f3a0000,0x9f3a0000,0xa5f40000)
  from space 99904K, 99% used [0xad4b0000,0xb363c388,0xb3640000)
  to   space 110080K, 0% used [0xa5f40000,0xa5f40000,0xacac0000)
 ParOldGen       total 452992K, used 426604K [0x76e40000, 0x928a0000, 0x9f3a0000)
  object space 452992K, 94% used [0x76e40000,0x90edb098,0x928a0000)
 PSPermGen       total 47616K, used 31775K [0x72e40000, 0x75cc0000, 0x76e40000)
  object space 47616K, 66% used [0x72e40000,0x74d47ea0,0x75cc0000)
Event: 1111,796 GC heap after
Heap after GC invocations=88 (full 8):
 PSYoungGen      total 210112K, used 68396K [0x9f3a0000, 0xb3640000, 0xb3640000)
  eden space 110208K, 0% used [0x9f3a0000,0x9f3a0000,0xa5f40000)
  from space 99904K, 68% used [0xad4b0000,0xb177b098,0xb3640000)
  to   space 110080K, 0% used [0xa5f40000,0xa5f40000,0xacac0000)
 ParOldGen       total 452992K, used 452990K [0x76e40000, 0x928a0000, 0x9f3a0000)
  object space 452992K, 99% used [0x76e40000,0x9289fb98,0x928a0000)
 PSPermGen       total 46848K, used 31774K [0x72e40000, 0x75c00000, 0x76e40000)
  object space 46848K, 67% used [0x72e40000,0x74d478a0,0x75c00000)
}
Event: 1206,487 GC heap before
{Heap before GC invocations=89 (full 9):
 PSYoungGen      total 210112K, used 178604K [0x9f3a0000, 0xb3640000, 0xb3640000)
  eden space 110208K, 100% used [0x9f3a0000,0xa5f40000,0xa5f40000)
  from space 99904K, 68% used [0xad4b0000,0xb177b098,0xb3640000)
  to   space 110080K, 0% used [0xa5f40000,0xa5f40000,0xacac0000)
 ParOldGen       total 452992K, used 452990K [0x76e40000, 0x928a0000, 0x9f3a0000)
  object space 452992K, 99% used [0x76e40000,0x9289fb98,0x928a0000)
 PSPermGen       total 46848K, used 31777K [0x72e40000, 0x75c00000, 0x76e40000)
  object space 46848K, 67% used [0x72e40000,0x74d48578,0x75c00000)
Event: 1213,428 GC heap after
Heap after GC invocations=89 (full 9):
 PSYoungGen      total 210112K, used 92149K [0x9f3a0000, 0xb3640000, 0xb3640000)
  eden space 110208K, 83% used [0x9f3a0000,0xa4d9d720,0xa5f40000)
  from space 99904K, 0% used [0xad4b0000,0xad4b0000,0xb3640000)
  to   space 110080K, 0% used [0xa5f40000,0xa5f40000,0xacac0000)
 ParOldGen       total 452992K, used 452991K [0x76e40000, 0x928a0000, 0x9f3a0000)
  object space 452992K, 99% used [0x76e40000,0x9289ffa8,0x928a0000)
 PSPermGen       total 45312K, used 31777K [0x72e40000, 0x75a80000, 0x76e40000)
  object space 45312K, 70% used [0x72e40000,0x74d48578,0x75a80000)
}

Deoptimization events (10 events):
Event: 1089,163 Thread 0x6e9aa400 Uncommon trap -34 fr.pc 0xb3b2f5e8
Event: 1089,163 Thread 0x6e9aa400 Uncommon trap -34 fr.pc 0xb3a63944
Event: 1089,163 Thread 0x6e9aa400 Uncommon trap -34 fr.pc 0xb3a63944
Event: 1089,163 Thread 0x6e9aa400 Uncommon trap -34 fr.pc 0xb38f2e70
Event: 1089,163 Thread 0x6e9aa400 Uncommon trap -83 fr.pc 0xb3b2b9e8
Event: 1089,163 Thread 0x6e9aa400 Uncommon trap -83 fr.pc 0xb3ab5ab4
Event: 1089,163 Thread 0x6e9aa400 Uncommon trap -34 fr.pc 0xb3a7410c
Event: 1089,163 Thread 0x6e9aa400 Uncommon trap -34 fr.pc 0xb3a7410c
Event: 1089,163 Thread 0x6e9aa400 Uncommon trap -34 fr.pc 0xb3b303ac
Event: 1089,179 Thread 0x6e9aa400 Uncommon trap -34 fr.pc 0xb3a7410c

Internal exceptions (10 events):
Event: 1089,277 Thread 0x6e9aa400 Threw 0xa2676f38 at /HUDSON/workspace/jdk7u25-2-build-linux-i586-product/jdk7u25/hotspot/src/share/vm/prims/jvm.cpp:1235
Event: 1089,278 Thread 0x6e9aa400 Threw 0xa267d530 at /HUDSON/workspace/jdk7u25-2-build-linux-i586-product/jdk7u25/hotspot/src/share/vm/prims/jvm.cpp:1235
Event: 1089,278 Thread 0x6e9aa400 Threw 0xa26846f0 at /HUDSON/workspace/jdk7u25-2-build-linux-i586-product/jdk7u25/hotspot/src/share/vm/prims/jvm.cpp:1235
Event: 1089,382 Thread 0x6e9aa400 Threw 0xa29e3d10 at /HUDSON/workspace/jdk7u25-2-build-linux-i586-product/jdk7u25/hotspot/src/share/vm/prims/jvm.cpp:1235
Event: 1089,401 Thread 0x6e9aa400 Threw 0xa29ea988 at /HUDSON/workspace/jdk7u25-2-build-linux-i586-product/jdk7u25/hotspot/src/share/vm/prims/jvm.cpp:1235
Event: 1089,411 Thread 0x6e9aa400 Threw 0xa29ef440 at /HUDSON/workspace/jdk7u25-2-build-linux-i586-product/jdk7u25/hotspot/src/share/vm/prims/jvm.cpp:1235
Event: 1089,412 Thread 0x6e9aa400 Threw 0xa29f4da0 at /HUDSON/workspace/jdk7u25-2-build-linux-i586-product/jdk7u25/hotspot/src/share/vm/prims/jvm.cpp:1235
Event: 1089,413 Thread 0x6e9aa400 Threw 0xa29fc4a8 at /HUDSON/workspace/jdk7u25-2-build-linux-i586-product/jdk7u25/hotspot/src/share/vm/prims/jvm.cpp:1235
Event: 1089,414 Thread 0x6e9aa400 Threw 0xa2a08640 at /HUDSON/workspace/jdk7u25-2-build-linux-i586-product/jdk7u25/hotspot/src/share/vm/prims/jvm.cpp:1235
Event: 1089,415 Thread 0x6e9aa400 Threw 0xa2a0d888 at /HUDSON/workspace/jdk7u25-2-build-linux-i586-product/jdk7u25/hotspot/src/share/vm/prims/jvm.cpp:1235

Events (10 events):
Event: 1099,264 Executing VM operation: ParallelGCFailedAllocation
Event: 1099,526 Executing VM operation: ParallelGCFailedAllocation done
Event: 1104,084 Executing VM operation: ParallelGCFailedAllocation
Event: 1104,337 Executing VM operation: ParallelGCFailedAllocation done
Event: 1106,956 Executing VM operation: ParallelGCFailedAllocation
Event: 1111,796 Executing VM operation: ParallelGCFailedAllocation done
Event: 1112,062 Executing VM operation: RevokeBias
Event: 1112,105 Executing VM operation: RevokeBias done
Event: 1205,720 Executing VM operation: ParallelGCFailedAllocation
Event: 1215,262 Executing VM operation: ParallelGCFailedAllocation done


Dynamic libraries:
08048000-08049000 r-xp 00000000 08:05 921216     /usr/local/jdk1.7.0_25/bin/java
08049000-0804a000 rw-p 00000000 08:05 921216     /usr/local/jdk1.7.0_25/bin/java
08112000-08a36000 rw-p 00000000 00:00 0          [heap]
45500000-455ff000 rw-p 00000000 00:00 0 
455ff000-45600000 ---p 00000000 00:00 0 
45600000-456ff000 rw-p 00000000 00:00 0 
456ff000-45700000 ---p 00000000 00:00 0 
45700000-457ff000 rw-p 00000000 00:00 0 
457ff000-45800000 ---p 00000000 00:00 0 
45800000-458ff000 rw-p 00000000 00:00 0 
458ff000-45900000 ---p 00000000 00:00 0 
45900000-459ff000 rw-p 00000000 00:00 0 
459ff000-45a00000 ---p 00000000 00:00 0 
45a00000-45aff000 rw-p 00000000 00:00 0 
45aff000-45b00000 ---p 00000000 00:00 0 
45b00000-45bff000 rw-p 00000000 00:00 0 
45bff000-45c00000 ---p 00000000 00:00 0 
45c00000-45cff000 rw-p 00000000 00:00 0 
45cff000-45d00000 ---p 00000000 00:00 0 
45d00000-45dff000 rw-p 00000000 00:00 0 
45dff000-45e00000 ---p 00000000 00:00 0 
45e00000-45eff000 rw-p 00000000 00:00 0 
45eff000-45f00000 ---p 00000000 00:00 0 
45f00000-45fff000 rw-p 00000000 00:00 0 
45fff000-46000000 ---p 00000000 00:00 0 
46000000-460ff000 rw-p 00000000 00:00 0 
460ff000-46100000 ---p 00000000 00:00 0 
46100000-461ff000 rw-p 00000000 00:00 0 
461ff000-46200000 ---p 00000000 00:00 0 
46200000-462ff000 rw-p 00000000 00:00 0 
462ff000-46300000 ---p 00000000 00:00 0 
46300000-463ff000 rw-p 00000000 00:00 0 
463ff000-46400000 ---p 00000000 00:00 0 
46400000-464ff000 rw-p 00000000 00:00 0 
464ff000-46500000 ---p 00000000 00:00 0 
46500000-465ff000 rw-p 00000000 00:00 0 
465ff000-46600000 ---p 00000000 00:00 0 
46600000-466ff000 rw-p 00000000 00:00 0 
466ff000-46700000 ---p 00000000 00:00 0 
46700000-467ff000 rw-p 00000000 00:00 0 
467ff000-46800000 ---p 00000000 00:00 0 
46800000-468ff000 rw-p 00000000 00:00 0 
468ff000-46900000 ---p 00000000 00:00 0 
46900000-469ff000 rw-p 00000000 00:00 0 
469ff000-46a00000 ---p 00000000 00:00 0 
46a00000-46aff000 rw-p 00000000 00:00 0 
46aff000-46b00000 ---p 00000000 00:00 0 
46b00000-46bff000 rw-p 00000000 00:00 0 
46bff000-46c00000 ---p 00000000 00:00 0 
46c00000-46cff000 rw-p 00000000 00:00 0 
46cff000-46d00000 ---p 00000000 00:00 0 
46d00000-46dff000 rw-p 00000000 00:00 0 
46dff000-46e00000 ---p 00000000 00:00 0 
46e00000-46eff000 rw-p 00000000 00:00 0 
46eff000-46f00000 ---p 00000000 00:00 0 
46f00000-46fff000 rw-p 00000000 00:00 0 
46fff000-47000000 ---p 00000000 00:00 0 
47000000-470ff000 rw-p 00000000 00:00 0 
470ff000-47100000 ---p 00000000 00:00 0 
47100000-471ff000 rw-p 00000000 00:00 0 
471ff000-47200000 ---p 00000000 00:00 0 
47200000-472ff000 rw-p 00000000 00:00 0 
472ff000-47300000 ---p 00000000 00:00 0 
47300000-473ff000 rw-p 00000000 00:00 0 
473ff000-47400000 ---p 00000000 00:00 0 
47400000-474ff000 rw-p 00000000 00:00 0 
474ff000-47500000 ---p 00000000 00:00 0 
47500000-475ff000 rw-p 00000000 00:00 0 
475ff000-47600000 ---p 00000000 00:00 0 
47600000-476ff000 rw-p 00000000 00:00 0 
476ff000-47700000 ---p 00000000 00:00 0 
47700000-477ff000 rw-p 00000000 00:00 0 
477ff000-47800000 ---p 00000000 00:00 0 
47800000-478ff000 rw-p 00000000 00:00 0 
478ff000-47900000 ---p 00000000 00:00 0 
47900000-479ff000 rw-p 00000000 00:00 0 
479ff000-47a00000 ---p 00000000 00:00 0 
47a00000-47aff000 rw-p 00000000 00:00 0 
47aff000-47b00000 ---p 00000000 00:00 0 
47b00000-47bff000 rw-p 00000000 00:00 0 
47bff000-47c00000 ---p 00000000 00:00 0 
47c00000-47cff000 rw-p 00000000 00:00 0 
47cff000-47d00000 ---p 00000000 00:00 0 
47d00000-47dff000 rw-p 00000000 00:00 0 
47dff000-47e00000 ---p 00000000 00:00 0 
47e00000-47eff000 rw-p 00000000 00:00 0 
47eff000-47f00000 ---p 00000000 00:00 0 
47f00000-47fff000 rw-p 00000000 00:00 0 
47fff000-48000000 ---p 00000000 00:00 0 
48000000-480ff000 rw-p 00000000 00:00 0 
480ff000-48100000 ---p 00000000 00:00 0 
48100000-481ff000 rw-p 00000000 00:00 0 
481ff000-48200000 ---p 00000000 00:00 0 
48200000-482ff000 rw-p 00000000 00:00 0 
482ff000-48300000 ---p 00000000 00:00 0 
48300000-483ff000 rw-p 00000000 00:00 0 
483ff000-48400000 ---p 00000000 00:00 0 
48400000-484ff000 rw-p 00000000 00:00 0 
484ff000-48500000 ---p 00000000 00:00 0 
48500000-485ff000 rw-p 00000000 00:00 0 
485ff000-48600000 ---p 00000000 00:00 0 
48600000-486ff000 rw-p 00000000 00:00 0 
486ff000-48700000 ---p 00000000 00:00 0 
48700000-487ff000 rw-p 00000000 00:00 0 
487ff000-48800000 ---p 00000000 00:00 0 
48800000-488ff000 rw-p 00000000 00:00 0 
488ff000-48900000 ---p 00000000 00:00 0 
48900000-489ff000 rw-p 00000000 00:00 0 
489ff000-48a00000 ---p 00000000 00:00 0 
48a00000-48aff000 rw-p 00000000 00:00 0 
48aff000-48b00000 ---p 00000000 00:00 0 
48b00000-48bff000 rw-p 00000000 00:00 0 
48bff000-48c00000 ---p 00000000 00:00 0 
48c00000-48cff000 rw-p 00000000 00:00 0 
48cff000-48d00000 ---p 00000000 00:00 0 
48d00000-48dff000 rw-p 00000000 00:00 0 
48dff000-48e00000 ---p 00000000 00:00 0 
48e00000-48eff000 rw-p 00000000 00:00 0 
48eff000-48f00000 ---p 00000000 00:00 0 
48f00000-48fff000 rw-p 00000000 00:00 0 
48fff000-49000000 ---p 00000000 00:00 0 
49000000-490ff000 rw-p 00000000 00:00 0 
490ff000-49100000 ---p 00000000 00:00 0 
49100000-491ff000 rw-p 00000000 00:00 0 
491ff000-49200000 ---p 00000000 00:00 0 
49200000-492ff000 rw-p 00000000 00:00 0 
492ff000-49300000 ---p 00000000 00:00 0 
49300000-493ff000 rw-p 00000000 00:00 0 
493ff000-49400000 ---p 00000000 00:00 0 
49400000-494ff000 rw-p 00000000 00:00 0 
494ff000-49500000 ---p 00000000 00:00 0 
49500000-495ff000 rw-p 00000000 00:00 0 
495ff000-49600000 ---p 00000000 00:00 0 
49600000-496ff000 rw-p 00000000 00:00 0 
496ff000-49700000 ---p 00000000 00:00 0 
49700000-497ff000 rw-p 00000000 00:00 0 
497ff000-49800000 ---p 00000000 00:00 0 
49800000-498ff000 rw-p 00000000 00:00 0 
498ff000-49900000 ---p 00000000 00:00 0 
49900000-499ff000 rw-p 00000000 00:00 0 
499ff000-49a00000 ---p 00000000 00:00 0 
49a00000-49aff000 rw-p 00000000 00:00 0 
49aff000-49b00000 ---p 00000000 00:00 0 
49b00000-49bff000 rw-p 00000000 00:00 0 
49bff000-49c00000 ---p 00000000 00:00 0 
49c00000-49cff000 rw-p 00000000 00:00 0 
49cff000-49d00000 ---p 00000000 00:00 0 
49d00000-49dff000 rw-p 00000000 00:00 0 
49dff000-49e00000 ---p 00000000 00:00 0 
49e00000-49eff000 rw-p 00000000 00:00 0 
49eff000-49f00000 ---p 00000000 00:00 0 
49f00000-49fff000 rw-p 00000000 00:00 0 
49fff000-4a000000 ---p 00000000 00:00 0 
4a000000-4a0ff000 rw-p 00000000 00:00 0 
4a0ff000-4a100000 ---p 00000000 00:00 0 
4a100000-4a1ff000 rw-p 00000000 00:00 0 
4a1ff000-4a200000 ---p 00000000 00:00 0 
4a200000-4a2ff000 rw-p 00000000 00:00 0 
4a2ff000-4a300000 ---p 00000000 00:00 0 
4a300000-4a3ff000 rw-p 00000000 00:00 0 
4a3ff000-4a400000 ---p 00000000 00:00 0 
4a400000-4a4ff000 rw-p 00000000 00:00 0 
4a4ff000-4a500000 ---p 00000000 00:00 0 
4a500000-4a5ff000 rw-p 00000000 00:00 0 
4a5ff000-4a600000 ---p 00000000 00:00 0 
4a600000-4a6ff000 rw-p 00000000 00:00 0 
4a6ff000-4a700000 ---p 00000000 00:00 0 
4a700000-4a7ff000 rw-p 00000000 00:00 0 
4a7ff000-4a800000 ---p 00000000 00:00 0 
4a800000-4a8ff000 rw-p 00000000 00:00 0 
4a8ff000-4a900000 ---p 00000000 00:00 0 
4a900000-4a9ff000 rw-p 00000000 00:00 0 
4a9ff000-4aa00000 ---p 00000000 00:00 0 
4aa00000-4aaff000 rw-p 00000000 00:00 0 
4aaff000-4ab00000 ---p 00000000 00:00 0 
4ab00000-4abff000 rw-p 00000000 00:00 0 
4abff000-4ac00000 ---p 00000000 00:00 0 
4ac00000-4acff000 rw-p 00000000 00:00 0 
4acff000-4ad00000 ---p 00000000 00:00 0 
4ad00000-4adff000 rw-p 00000000 00:00 0 
4adff000-4ae00000 ---p 00000000 00:00 0 
4ae00000-4aeff000 rw-p 00000000 00:00 0 
4aeff000-4af00000 ---p 00000000 00:00 0 
4af00000-4afff000 rw-p 00000000 00:00 0 
4afff000-4b000000 ---p 00000000 00:00 0 
4b000000-4b0ff000 rw-p 00000000 00:00 0 
4b0ff000-4b100000 ---p 00000000 00:00 0 
4b100000-4b1ff000 rw-p 00000000 00:00 0 
4b1ff000-4b200000 ---p 00000000 00:00 0 
4b200000-4b2ff000 rw-p 00000000 00:00 0 
4b2ff000-4b300000 ---p 00000000 00:00 0 
4b300000-4b3ff000 rw-p 00000000 00:00 0 
4b3ff000-4b400000 ---p 00000000 00:00 0 
4b400000-4b4ff000 rw-p 00000000 00:00 0 
4b4ff000-4b500000 ---p 00000000 00:00 0 
4b500000-4b5ff000 rw-p 00000000 00:00 0 
4b5ff000-4b600000 ---p 00000000 00:00 0 
4b600000-4b6ff000 rw-p 00000000 00:00 0 
4b6ff000-4b700000 ---p 00000000 00:00 0 
4b700000-4b7ff000 rw-p 00000000 00:00 0 
4b7ff000-4b800000 ---p 00000000 00:00 0 
4b800000-4b8ff000 rw-p 00000000 00:00 0 
4b8ff000-4b900000 ---p 00000000 00:00 0 
4b900000-4b9ff000 rw-p 00000000 00:00 0 
4b9ff000-4ba00000 ---p 00000000 00:00 0 
4ba00000-4baff000 rw-p 00000000 00:00 0 
4baff000-4bb00000 ---p 00000000 00:00 0 
4bb00000-4bbff000 rw-p 00000000 00:00 0 
4bbff000-4bc00000 ---p 00000000 00:00 0 
4bc00000-4bcff000 rw-p 00000000 00:00 0 
4bcff000-4bd00000 ---p 00000000 00:00 0 
4bd00000-4bdff000 rw-p 00000000 00:00 0 
4bdff000-4be00000 ---p 00000000 00:00 0 
4be00000-4befb000 rw-p 00000000 00:00 0 
4befb000-4bf00000 ---p 00000000 00:00 0 
4bf00000-4bfff000 rw-p 00000000 00:00 0 
4bfff000-4c000000 ---p 00000000 00:00 0 
4c000000-4c0ff000 rw-p 00000000 00:00 0 
4c0ff000-4c100000 ---p 00000000 00:00 0 
4c100000-4c1ff000 rw-p 00000000 00:00 0 
4c1ff000-4c200000 ---p 00000000 00:00 0 
4c200000-4c2ff000 rw-p 00000000 00:00 0 
4c2ff000-4c300000 ---p 00000000 00:00 0 
4c300000-4c3ff000 rw-p 00000000 00:00 0 
4c3ff000-4c400000 ---p 00000000 00:00 0 
4c400000-4c4ff000 rw-p 00000000 00:00 0 
4c4ff000-4c500000 ---p 00000000 00:00 0 
4c500000-4c5ff000 rw-p 00000000 00:00 0 
4c5ff000-4c600000 ---p 00000000 00:00 0 
4c600000-4c6ff000 rw-p 00000000 00:00 0 
4c6ff000-4c700000 ---p 00000000 00:00 0 
4c700000-4c7ff000 rw-p 00000000 00:00 0 
4c7ff000-4c800000 ---p 00000000 00:00 0 
4c800000-4c8ff000 rw-p 00000000 00:00 0 
4c8ff000-4c900000 ---p 00000000 00:00 0 
4c900000-4c9ff000 rw-p 00000000 00:00 0 
4c9ff000-4ca00000 ---p 00000000 00:00 0 
4ca00000-4caff000 rw-p 00000000 00:00 0 
4caff000-4cb00000 ---p 00000000 00:00 0 
4cb00000-4cbff000 rw-p 00000000 00:00 0 
4cbff000-4cc00000 ---p 00000000 00:00 0 
4cc00000-4ccff000 rw-p 00000000 00:00 0 
4ccff000-4cd00000 ---p 00000000 00:00 0 
4cd00000-4cdff000 rw-p 00000000 00:00 0 
4cdff000-4ce00000 ---p 00000000 00:00 0 
4ce00000-4ceff000 rw-p 00000000 00:00 0 
4ceff000-4cf00000 ---p 00000000 00:00 0 
4cf00000-4cfff000 rw-p 00000000 00:00 0 
4cfff000-4d000000 ---p 00000000 00:00 0 
4d000000-4d0ff000 rw-p 00000000 00:00 0 
4d0ff000-4d100000 ---p 00000000 00:00 0 
4d100000-4d1ff000 rw-p 00000000 00:00 0 
4d1ff000-4d200000 ---p 00000000 00:00 0 
4d200000-4d2ff000 rw-p 00000000 00:00 0 
4d2ff000-4d300000 ---p 00000000 00:00 0 
4d300000-4d3ff000 rw-p 00000000 00:00 0 
4d3ff000-4d400000 ---p 00000000 00:00 0 
4d400000-4d4ff000 rw-p 00000000 00:00 0 
4d4ff000-4d500000 ---p 00000000 00:00 0 
4d500000-4d5ff000 rw-p 00000000 00:00 0 
4d5ff000-4d600000 ---p 00000000 00:00 0 
4d600000-4d6ff000 rw-p 00000000 00:00 0 
4d6ff000-4d700000 ---p 00000000 00:00 0 
4d700000-4d7ff000 rw-p 00000000 00:00 0 
4d7ff000-4d800000 ---p 00000000 00:00 0 
4d800000-4d8ff000 rw-p 00000000 00:00 0 
4d8ff000-4d900000 ---p 00000000 00:00 0 
4d900000-4d9ff000 rw-p 00000000 00:00 0 
4d9ff000-4da00000 ---p 00000000 00:00 0 
4da00000-4daff000 rw-p 00000000 00:00 0 
4daff000-4db00000 ---p 00000000 00:00 0 
4db00000-4dbff000 rw-p 00000000 00:00 0 
4dbff000-4dc00000 ---p 00000000 00:00 0 
4dc00000-4dcff000 rw-p 00000000 00:00 0 
4dcff000-4dd00000 ---p 00000000 00:00 0 
4dd00000-4ddff000 rw-p 00000000 00:00 0 
4ddff000-4de00000 ---p 00000000 00:00 0 
4de00000-4deff000 rw-p 00000000 00:00 0 
4deff000-4df00000 ---p 00000000 00:00 0 
4df00000-4dfff000 rw-p 00000000 00:00 0 
4dfff000-4e000000 ---p 00000000 00:00 0 
4e000000-4e0ff000 rw-p 00000000 00:00 0 
4e0ff000-4e100000 ---p 00000000 00:00 0 
4e100000-4e1ff000 rw-p 00000000 00:00 0 
4e1ff000-4e200000 ---p 00000000 00:00 0 
4e200000-4e2ff000 rw-p 00000000 00:00 0 
4e2ff000-4e300000 ---p 00000000 00:00 0 
4e300000-4e3ff000 rw-p 00000000 00:00 0 
4e3ff000-4e400000 ---p 00000000 00:00 0 
4e400000-4e4ff000 rw-p 00000000 00:00 0 
4e4ff000-4e500000 ---p 00000000 00:00 0 
4e500000-4e5ff000 rw-p 00000000 00:00 0 
4e5ff000-4e600000 ---p 00000000 00:00 0 
4e600000-4e6ff000 rw-p 00000000 00:00 0 
4e6ff000-4e700000 ---p 00000000 00:00 0 
4e700000-4e7ff000 rw-p 00000000 00:00 0 
4e7ff000-4e800000 ---p 00000000 00:00 0 
4e800000-4e8ff000 rw-p 00000000 00:00 0 
4e8ff000-4e900000 ---p 00000000 00:00 0 
4e900000-4e9ff000 rw-p 00000000 00:00 0 
4e9ff000-4ea00000 ---p 00000000 00:00 0 
4ea00000-4eaff000 rw-p 00000000 00:00 0 
4eaff000-4eb00000 ---p 00000000 00:00 0 
4eb00000-4ebff000 rw-p 00000000 00:00 0 
4ebff000-4ec00000 ---p 00000000 00:00 0 
4ec00000-4ecff000 rw-p 00000000 00:00 0 
4ecff000-4ed00000 ---p 00000000 00:00 0 
4ed00000-4edff000 rw-p 00000000 00:00 0 
4edff000-4ee00000 ---p 00000000 00:00 0 
4ee00000-4eeff000 rw-p 00000000 00:00 0 
4eeff000-4ef00000 ---p 00000000 00:00 0 
4ef00000-4efff000 rw-p 00000000 00:00 0 
4efff000-4f000000 ---p 00000000 00:00 0 
4f000000-4f0ff000 rw-p 00000000 00:00 0 
4f0ff000-4f100000 ---p 00000000 00:00 0 
4f100000-4f1ff000 rw-p 00000000 00:00 0 
4f1ff000-4f200000 ---p 00000000 00:00 0 
4f200000-4f2ff000 rw-p 00000000 00:00 0 
4f2ff000-4f300000 ---p 00000000 00:00 0 
4f300000-4f3ff000 rw-p 00000000 00:00 0 
4f3ff000-4f400000 ---p 00000000 00:00 0 
4f400000-4f4ff000 rw-p 00000000 00:00 0 
4f4ff000-4f500000 ---p 00000000 00:00 0 
4f500000-4f5ff000 rw-p 00000000 00:00 0 
4f5ff000-4f600000 ---p 00000000 00:00 0 
4f600000-4f6ff000 rw-p 00000000 00:00 0 
4f6ff000-4f700000 ---p 00000000 00:00 0 
4f700000-4f7ff000 rw-p 00000000 00:00 0 
4f7ff000-4f800000 ---p 00000000 00:00 0 
4f800000-4f8ff000 rw-p 00000000 00:00 0 
4f8ff000-4f900000 ---p 00000000 00:00 0 
4f900000-4f9ff000 rw-p 00000000 00:00 0 
4f9ff000-4fa00000 ---p 00000000 00:00 0 
4fa00000-4faff000 rw-p 00000000 00:00 0 
4faff000-4fb00000 ---p 00000000 00:00 0 
4fb00000-4fbff000 rw-p 00000000 00:00 0 
4fbff000-4fc00000 ---p 00000000 00:00 0 
4fc00000-4fcff000 rw-p 00000000 00:00 0 
4fcff000-4fd00000 ---p 00000000 00:00 0 
4fd00000-4fdff000 rw-p 00000000 00:00 0 
4fdff000-4fe00000 ---p 00000000 00:00 0 
4fe00000-4feff000 rw-p 00000000 00:00 0 
4feff000-4ff00000 ---p 00000000 00:00 0 
4ff00000-4ffff000 rw-p 00000000 00:00 0 
4ffff000-50000000 ---p 00000000 00:00 0 
50000000-500ff000 rw-p 00000000 00:00 0 
500ff000-50100000 ---p 00000000 00:00 0 
50100000-501ff000 rw-p 00000000 00:00 0 
501ff000-50200000 ---p 00000000 00:00 0 
50200000-502ff000 rw-p 00000000 00:00 0 
502ff000-50300000 ---p 00000000 00:00 0 
50300000-503ff000 rw-p 00000000 00:00 0 
503ff000-50400000 ---p 00000000 00:00 0 
50400000-504ff000 rw-p 00000000 00:00 0 
504ff000-50500000 ---p 00000000 00:00 0 
50500000-505ff000 rw-p 00000000 00:00 0 
505ff000-50600000 ---p 00000000 00:00 0 
50600000-506ff000 rw-p 00000000 00:00 0 
506ff000-50700000 ---p 00000000 00:00 0 
50700000-507ff000 rw-p 00000000 00:00 0 
507ff000-50800000 ---p 00000000 00:00 0 
50800000-508ff000 rw-p 00000000 00:00 0 
508ff000-50900000 ---p 00000000 00:00 0 
50900000-509ff000 rw-p 00000000 00:00 0 
509ff000-50a00000 ---p 00000000 00:00 0 
50a00000-50aff000 rw-p 00000000 00:00 0 
50aff000-50b00000 ---p 00000000 00:00 0 
50b00000-50bff000 rw-p 00000000 00:00 0 
50bff000-50c00000 ---p 00000000 00:00 0 
50c00000-50cff000 rw-p 00000000 00:00 0 
50cff000-50d00000 ---p 00000000 00:00 0 
50d00000-50dff000 rw-p 00000000 00:00 0 
50dff000-50e00000 ---p 00000000 00:00 0 
50e00000-50eff000 rw-p 00000000 00:00 0 
50eff000-50f00000 ---p 00000000 00:00 0 
50f00000-50fff000 rw-p 00000000 00:00 0 
50fff000-51000000 ---p 00000000 00:00 0 
51000000-510ff000 rw-p 00000000 00:00 0 
510ff000-51100000 ---p 00000000 00:00 0 
51100000-511ff000 rw-p 00000000 00:00 0 
511ff000-51200000 ---p 00000000 00:00 0 
51200000-512ff000 rw-p 00000000 00:00 0 
512ff000-51300000 ---p 00000000 00:00 0 
51300000-513ff000 rw-p 00000000 00:00 0 
513ff000-51400000 ---p 00000000 00:00 0 
51400000-514ff000 rw-p 00000000 00:00 0 
514ff000-51500000 ---p 00000000 00:00 0 
51500000-515ff000 rw-p 00000000 00:00 0 
515ff000-51600000 ---p 00000000 00:00 0 
51600000-516ff000 rw-p 00000000 00:00 0 
516ff000-51700000 ---p 00000000 00:00 0 
51700000-517ff000 rw-p 00000000 00:00 0 
517ff000-51800000 ---p 00000000 00:00 0 
51800000-518ff000 rw-p 00000000 00:00 0 
518ff000-51900000 ---p 00000000 00:00 0 
51900000-519ff000 rw-p 00000000 00:00 0 
519ff000-51a00000 ---p 00000000 00:00 0 
51a00000-51aff000 rw-p 00000000 00:00 0 
51aff000-51b00000 ---p 00000000 00:00 0 
51b00000-51bff000 rw-p 00000000 00:00 0 
51bff000-51c00000 ---p 00000000 00:00 0 
51c00000-51cff000 rw-p 00000000 00:00 0 
51cff000-51d00000 ---p 00000000 00:00 0 
51d00000-51dff000 rw-p 00000000 00:00 0 
51dff000-51e00000 ---p 00000000 00:00 0 
51e00000-51eff000 rw-p 00000000 00:00 0 
51eff000-51f00000 ---p 00000000 00:00 0 
51f00000-51fff000 rw-p 00000000 00:00 0 
51fff000-52000000 ---p 00000000 00:00 0 
52000000-520ff000 rw-p 00000000 00:00 0 
520ff000-52100000 ---p 00000000 00:00 0 
52100000-521ff000 rw-p 00000000 00:00 0 
521ff000-52200000 ---p 00000000 00:00 0 
52200000-522ff000 rw-p 00000000 00:00 0 
522ff000-52300000 ---p 00000000 00:00 0 
52300000-523ff000 rw-p 00000000 00:00 0 
523ff000-52400000 ---p 00000000 00:00 0 
52400000-524ff000 rw-p 00000000 00:00 0 
524ff000-52500000 ---p 00000000 00:00 0 
52500000-525ff000 rw-p 00000000 00:00 0 
525ff000-52600000 ---p 00000000 00:00 0 
52600000-526ff000 rw-p 00000000 00:00 0 
526ff000-52700000 ---p 00000000 00:00 0 
52700000-527ff000 rw-p 00000000 00:00 0 
527ff000-52800000 ---p 00000000 00:00 0 
52800000-528ff000 rw-p 00000000 00:00 0 
528ff000-52900000 ---p 00000000 00:00 0 
52900000-529ff000 rw-p 00000000 00:00 0 
529ff000-52a00000 ---p 00000000 00:00 0 
52a00000-52aff000 rw-p 00000000 00:00 0 
52aff000-52b00000 ---p 00000000 00:00 0 
52b00000-52bff000 rw-p 00000000 00:00 0 
52bff000-52c00000 ---p 00000000 00:00 0 
52c00000-52cff000 rw-p 00000000 00:00 0 
52cff000-52d00000 ---p 00000000 00:00 0 
52d00000-52dff000 rw-p 00000000 00:00 0 
52dff000-52e00000 ---p 00000000 00:00 0 
52e00000-52eff000 rw-p 00000000 00:00 0 
52eff000-52f00000 ---p 00000000 00:00 0 
52f00000-52fff000 rw-p 00000000 00:00 0 
52fff000-53000000 ---p 00000000 00:00 0 
53000000-530ff000 rw-p 00000000 00:00 0 
530ff000-53100000 ---p 00000000 00:00 0 
53100000-531ff000 rw-p 00000000 00:00 0 
531ff000-53200000 ---p 00000000 00:00 0 
53200000-532ff000 rw-p 00000000 00:00 0 
532ff000-53300000 ---p 00000000 00:00 0 
53300000-533ff000 rw-p 00000000 00:00 0 
533ff000-53400000 ---p 00000000 00:00 0 
53400000-534ff000 rw-p 00000000 00:00 0 
534ff000-53500000 ---p 00000000 00:00 0 
53500000-535ff000 rw-p 00000000 00:00 0 
535ff000-53600000 ---p 00000000 00:00 0 
53600000-536ff000 rw-p 00000000 00:00 0 
536ff000-53700000 ---p 00000000 00:00 0 
53700000-537ff000 rw-p 00000000 00:00 0 
537ff000-53800000 ---p 00000000 00:00 0 
53800000-538ff000 rw-p 00000000 00:00 0 
538ff000-53900000 ---p 00000000 00:00 0 
53900000-539ff000 rw-p 00000000 00:00 0 
539ff000-53a00000 ---p 00000000 00:00 0 
53a00000-53aff000 rw-p 00000000 00:00 0 
53aff000-53b00000 ---p 00000000 00:00 0 
53b00000-53bff000 rw-p 00000000 00:00 0 
53bff000-53c00000 ---p 00000000 00:00 0 
53c00000-53cff000 rw-p 00000000 00:00 0 
53cff000-53d00000 ---p 00000000 00:00 0 
53d00000-53dff000 rw-p 00000000 00:00 0 
53dff000-53e00000 ---p 00000000 00:00 0 
53e00000-53eff000 rw-p 00000000 00:00 0 
53eff000-53f00000 ---p 00000000 00:00 0 
53f00000-53fff000 rw-p 00000000 00:00 0 
53fff000-54000000 ---p 00000000 00:00 0 
54000000-540ff000 rw-p 00000000 00:00 0 
540ff000-54100000 ---p 00000000 00:00 0 
54100000-541ff000 rw-p 00000000 00:00 0 
541ff000-54200000 ---p 00000000 00:00 0 
54200000-542ff000 rw-p 00000000 00:00 0 
542ff000-54300000 ---p 00000000 00:00 0 
54300000-543ff000 rw-p 00000000 00:00 0 
543ff000-54400000 ---p 00000000 00:00 0 
54400000-544ff000 rw-p 00000000 00:00 0 
544ff000-54500000 ---p 00000000 00:00 0 
54500000-545ff000 rw-p 00000000 00:00 0 
545ff000-54600000 ---p 00000000 00:00 0 
54600000-546ff000 rw-p 00000000 00:00 0 
546ff000-54700000 ---p 00000000 00:00 0 
54700000-547ff000 rw-p 00000000 00:00 0 
547ff000-54800000 ---p 00000000 00:00 0 
54800000-548ff000 rw-p 00000000 00:00 0 
548ff000-54900000 ---p 00000000 00:00 0 
54900000-549ff000 rw-p 00000000 00:00 0 
549ff000-54a00000 ---p 00000000 00:00 0 
54a00000-54aff000 rw-p 00000000 00:00 0 
54aff000-54b00000 ---p 00000000 00:00 0 
54b00000-54bff000 rw-p 00000000 00:00 0 
54bff000-54c00000 ---p 00000000 00:00 0 
54c00000-54cff000 rw-p 00000000 00:00 0 
54cff000-54d00000 ---p 00000000 00:00 0 
54d00000-54dff000 rw-p 00000000 00:00 0 
54dff000-54e00000 ---p 00000000 00:00 0 
54e00000-54eff000 rw-p 00000000 00:00 0 
54eff000-54f00000 ---p 00000000 00:00 0 
54f00000-54fff000 rw-p 00000000 00:00 0 
54fff000-55000000 ---p 00000000 00:00 0 
55000000-550ff000 rw-p 00000000 00:00 0 
550ff000-55100000 ---p 00000000 00:00 0 
55100000-551ff000 rw-p 00000000 00:00 0 
551ff000-55200000 ---p 00000000 00:00 0 
55200000-552ff000 rw-p 00000000 00:00 0 
552ff000-55300000 ---p 00000000 00:00 0 
55300000-553ff000 rw-p 00000000 00:00 0 
553ff000-55400000 ---p 00000000 00:00 0 
55400000-554ff000 rw-p 00000000 00:00 0 
554ff000-55500000 ---p 00000000 00:00 0 
55500000-555ff000 rw-p 00000000 00:00 0 
555ff000-55600000 ---p 00000000 00:00 0 
55600000-556ff000 rw-p 00000000 00:00 0 
556ff000-55700000 ---p 00000000 00:00 0 
55700000-557ff000 rw-p 00000000 00:00 0 
557ff000-55800000 ---p 00000000 00:00 0 
55800000-558ff000 rw-p 00000000 00:00 0 
558ff000-55900000 ---p 00000000 00:00 0 
55900000-559ff000 rw-p 00000000 00:00 0 
559ff000-55a00000 ---p 00000000 00:00 0 
55a00000-55aff000 rw-p 00000000 00:00 0 
55aff000-55b00000 ---p 00000000 00:00 0 
55b00000-55bff000 rw-p 00000000 00:00 0 
55bff000-55c00000 ---p 00000000 00:00 0 
55c00000-55cff000 rw-p 00000000 00:00 0 
55cff000-55d00000 ---p 00000000 00:00 0 
55d00000-55dff000 rw-p 00000000 00:00 0 
55dff000-55e00000 ---p 00000000 00:00 0 
55e00000-55eff000 rw-p 00000000 00:00 0 
55eff000-55f00000 ---p 00000000 00:00 0 
55f00000-55fff000 rw-p 00000000 00:00 0 
55fff000-56000000 ---p 00000000 00:00 0 
56000000-560ff000 rw-p 00000000 00:00 0 
560ff000-56100000 ---p 00000000 00:00 0 
56100000-561ff000 rw-p 00000000 00:00 0 
561ff000-56200000 ---p 00000000 00:00 0 
56200000-562ff000 rw-p 00000000 00:00 0 
562ff000-56300000 ---p 00000000 00:00 0 
56300000-563ff000 rw-p 00000000 00:00 0 
563ff000-56400000 ---p 00000000 00:00 0 
56400000-564ff000 rw-p 00000000 00:00 0 
564ff000-56500000 ---p 00000000 00:00 0 
56500000-565ff000 rw-p 00000000 00:00 0 
565ff000-56600000 ---p 00000000 00:00 0 
56600000-566ff000 rw-p 00000000 00:00 0 
566ff000-56700000 ---p 00000000 00:00 0 
56700000-567ff000 rw-p 00000000 00:00 0 
567ff000-56800000 ---p 00000000 00:00 0 
56800000-568ff000 rw-p 00000000 00:00 0 
568ff000-56900000 ---p 00000000 00:00 0 
56900000-569ff000 rw-p 00000000 00:00 0 
569ff000-56a00000 ---p 00000000 00:00 0 
56a00000-56aff000 rw-p 00000000 00:00 0 
56aff000-56b00000 ---p 00000000 00:00 0 
56b00000-56cff000 rw-p 00000000 00:00 0 
56cff000-56d00000 ---p 00000000 00:00 0 
56d00000-56dff000 rw-p 00000000 00:00 0 
56dff000-56e00000 ---p 00000000 00:00 0 
56e00000-56ef9000 rw-p 00000000 00:00 0 
56ef9000-56f00000 ---p 00000000 00:00 0 
56f00000-56fff000 rw-p 00000000 00:00 0 
56fff000-57000000 ---p 00000000 00:00 0 
57000000-570f9000 rw-p 00000000 00:00 0 
570f9000-57100000 ---p 00000000 00:00 0 
57100000-571ff000 rw-p 00000000 00:00 0 
571ff000-57200000 ---p 00000000 00:00 0 
57200000-572ff000 rw-p 00000000 00:00 0 
572ff000-57300000 ---p 00000000 00:00 0 
57300000-573ff000 rw-p 00000000 00:00 0 
573ff000-57400000 ---p 00000000 00:00 0 
57400000-574ff000 rw-p 00000000 00:00 0 
574ff000-57500000 ---p 00000000 00:00 0 
57500000-575ff000 rw-p 00000000 00:00 0 
575ff000-57600000 ---p 00000000 00:00 0 
57600000-576ff000 rw-p 00000000 00:00 0 
576ff000-57700000 ---p 00000000 00:00 0 
57700000-577ff000 rw-p 00000000 00:00 0 
577ff000-57800000 ---p 00000000 00:00 0 
57800000-578ff000 rw-p 00000000 00:00 0 
578ff000-57900000 ---p 00000000 00:00 0 
57900000-579ff000 rw-p 00000000 00:00 0 
579ff000-57a00000 ---p 00000000 00:00 0 
57a00000-57aff000 rw-p 00000000 00:00 0 
57aff000-57b00000 ---p 00000000 00:00 0 
57b00000-57bff000 rw-p 00000000 00:00 0 
57bff000-57c00000 ---p 00000000 00:00 0 
57c00000-57cff000 rw-p 00000000 00:00 0 
57cff000-57d00000 ---p 00000000 00:00 0 
57d00000-57dff000 rw-p 00000000 00:00 0 
57dff000-57e00000 ---p 00000000 00:00 0 
57e00000-57eff000 rw-p 00000000 00:00 0 
57eff000-57f00000 ---p 00000000 00:00 0 
57f00000-57fff000 rw-p 00000000 00:00 0 
57fff000-58000000 ---p 00000000 00:00 0 
58000000-580ff000 rw-p 00000000 00:00 0 
580ff000-58100000 ---p 00000000 00:00 0 
58100000-581ff000 rw-p 00000000 00:00 0 
581ff000-58200000 ---p 00000000 00:00 0 
58200000-582ff000 rw-p 00000000 00:00 0 
582ff000-58300000 ---p 00000000 00:00 0 
58300000-583ff000 rw-p 00000000 00:00 0 
583ff000-58400000 ---p 00000000 00:00 0 
58400000-584ff000 rw-p 00000000 00:00 0 
584ff000-58500000 ---p 00000000 00:00 0 
58500000-585ff000 rw-p 00000000 00:00 0 
585ff000-58600000 ---p 00000000 00:00 0 
58600000-586ff000 rw-p 00000000 00:00 0 
586ff000-58700000 ---p 00000000 00:00 0 
58700000-587ff000 rw-p 00000000 00:00 0 
587ff000-58800000 ---p 00000000 00:00 0 
58800000-588ff000 rw-p 00000000 00:00 0 
588ff000-58900000 ---p 00000000 00:00 0 
58900000-589ff000 rw-p 00000000 00:00 0 
589ff000-58a00000 ---p 00000000 00:00 0 
58a00000-58aff000 rw-p 00000000 00:00 0 
58aff000-58b00000 ---p 00000000 00:00 0 
58b00000-58bff000 rw-p 00000000 00:00 0 
58bff000-58c00000 ---p 00000000 00:00 0 
58c00000-58cff000 rw-p 00000000 00:00 0 
58cff000-58d00000 ---p 00000000 00:00 0 
58d00000-58dff000 rw-p 00000000 00:00 0 
58dff000-58e00000 ---p 00000000 00:00 0 
58e00000-58eff000 rw-p 00000000 00:00 0 
58eff000-58f00000 ---p 00000000 00:00 0 
58f00000-58fff000 rw-p 00000000 00:00 0 
58fff000-59000000 ---p 00000000 00:00 0 
59000000-590ff000 rw-p 00000000 00:00 0 
590ff000-59100000 ---p 00000000 00:00 0 
59100000-591ff000 rw-p 00000000 00:00 0 
591ff000-59200000 ---p 00000000 00:00 0 
59200000-592ff000 rw-p 00000000 00:00 0 
592ff000-59300000 ---p 00000000 00:00 0 
59300000-593ff000 rw-p 00000000 00:00 0 
593ff000-59400000 ---p 00000000 00:00 0 
59400000-594ff000 rw-p 00000000 00:00 0 
594ff000-59500000 ---p 00000000 00:00 0 
59500000-595ff000 rw-p 00000000 00:00 0 
595ff000-59600000 ---p 00000000 00:00 0 
59600000-596ff000 rw-p 00000000 00:00 0 
596ff000-59700000 ---p 00000000 00:00 0 
59700000-597ff000 rw-p 00000000 00:00 0 
597ff000-59800000 ---p 00000000 00:00 0 
59800000-598ff000 rw-p 00000000 00:00 0 
598ff000-59900000 ---p 00000000 00:00 0 
59900000-599ff000 rw-p 00000000 00:00 0 
599ff000-59a00000 ---p 00000000 00:00 0 
59a00000-59aff000 rw-p 00000000 00:00 0 
59aff000-59b00000 ---p 00000000 00:00 0 
59b00000-59bff000 rw-p 00000000 00:00 0 
59bff000-59c00000 ---p 00000000 00:00 0 
59c00000-59cff000 rw-p 00000000 00:00 0 
59cff000-59d00000 ---p 00000000 00:00 0 
59d00000-59dff000 rw-p 00000000 00:00 0 
59dff000-59e00000 ---p 00000000 00:00 0 
59e00000-59eff000 rw-p 00000000 00:00 0 
59eff000-59f00000 ---p 00000000 00:00 0 
59f00000-59fff000 rw-p 00000000 00:00 0 
59fff000-5a000000 ---p 00000000 00:00 0 
5a000000-5a0ff000 rw-p 00000000 00:00 0 
5a0ff000-5a100000 ---p 00000000 00:00 0 
5a100000-5a1ff000 rw-p 00000000 00:00 0 
5a1ff000-5a200000 ---p 00000000 00:00 0 
5a200000-5a2ff000 rw-p 00000000 00:00 0 
5a2ff000-5a300000 ---p 00000000 00:00 0 
5a300000-5a3ff000 rw-p 00000000 00:00 0 
5a3ff000-5a400000 ---p 00000000 00:00 0 
5a400000-5a4ff000 rw-p 00000000 00:00 0 
5a4ff000-5a500000 ---p 00000000 00:00 0 
5a500000-5a5ff000 rw-p 00000000 00:00 0 
5a5ff000-5a600000 ---p 00000000 00:00 0 
5a600000-5a6ff000 rw-p 00000000 00:00 0 
5a6ff000-5a700000 ---p 00000000 00:00 0 
5a700000-5a7ff000 rw-p 00000000 00:00 0 
5a7ff000-5a800000 ---p 00000000 00:00 0 
5a800000-5a8ff000 rw-p 00000000 00:00 0 
5a8ff000-5a900000 ---p 00000000 00:00 0 
5a900000-5a9ff000 rw-p 00000000 00:00 0 
5a9ff000-5aa00000 ---p 00000000 00:00 0 
5aa00000-5aaff000 rw-p 00000000 00:00 0 
5aaff000-5ab00000 ---p 00000000 00:00 0 
5ab00000-5abff000 rw-p 00000000 00:00 0 
5abff000-5ac00000 ---p 00000000 00:00 0 
5ac00000-5acff000 rw-p 00000000 00:00 0 
5acff000-5ad00000 ---p 00000000 00:00 0 
5ad00000-5adff000 rw-p 00000000 00:00 0 
5adff000-5ae00000 ---p 00000000 00:00 0 
5ae00000-5aeff000 rw-p 00000000 00:00 0 
5aeff000-5af00000 ---p 00000000 00:00 0 
5af00000-5afff000 rw-p 00000000 00:00 0 
5afff000-5b000000 ---p 00000000 00:00 0 
5b000000-5b0ff000 rw-p 00000000 00:00 0 
5b0ff000-5b100000 ---p 00000000 00:00 0 
5b100000-5b1ff000 rw-p 00000000 00:00 0 
5b1ff000-5b200000 ---p 00000000 00:00 0 
5b200000-5b2ff000 rw-p 00000000 00:00 0 
5b2ff000-5b300000 ---p 00000000 00:00 0 
5b300000-5b3ff000 rw-p 00000000 00:00 0 
5b3ff000-5b400000 ---p 00000000 00:00 0 
5b400000-5b4ff000 rw-p 00000000 00:00 0 
5b4ff000-5b500000 ---p 00000000 00:00 0 
5b500000-5b5ff000 rw-p 00000000 00:00 0 
5b5ff000-5b600000 ---p 00000000 00:00 0 
5b600000-5b6ff000 rw-p 00000000 00:00 0 
5b6ff000-5b700000 ---p 00000000 00:00 0 
5b700000-5b7ff000 rw-p 00000000 00:00 0 
5b7ff000-5b800000 ---p 00000000 00:00 0 
5b800000-5b8ff000 rw-p 00000000 00:00 0 
5b8ff000-5b900000 ---p 00000000 00:00 0 
5b900000-5b9ff000 rw-p 00000000 00:00 0 
5b9ff000-5ba00000 ---p 00000000 00:00 0 
5ba00000-5baff000 rw-p 00000000 00:00 0 
5baff000-5bb00000 ---p 00000000 00:00 0 
5bb00000-5bbff000 rw-p 00000000 00:00 0 
5bbff000-5bc00000 ---p 00000000 00:00 0 
5bc00000-5bcff000 rw-p 00000000 00:00 0 
5bcff000-5bd00000 ---p 00000000 00:00 0 
5bd00000-5bdff000 rw-p 00000000 00:00 0 
5bdff000-5be00000 ---p 00000000 00:00 0 
5be00000-5beff000 rw-p 00000000 00:00 0 
5beff000-5bf00000 ---p 00000000 00:00 0 
5bf00000-5bfff000 rw-p 00000000 00:00 0 
5bfff000-5c000000 ---p 00000000 00:00 0 
5c000000-5c0ff000 rw-p 00000000 00:00 0 
5c0ff000-5c100000 ---p 00000000 00:00 0 
5c100000-5c2ff000 rw-p 00000000 00:00 0 
5c2ff000-5c300000 ---p 00000000 00:00 0 
5c300000-5c3ff000 rw-p 00000000 00:00 0 
5c3ff000-5c400000 ---p 00000000 00:00 0 
5c400000-5c4ff000 rw-p 00000000 00:00 0 
5c4ff000-5c500000 ---p 00000000 00:00 0 
5c500000-5c5ff000 rw-p 00000000 00:00 0 
5c5ff000-5c600000 ---p 00000000 00:00 0 
5c600000-5c6ff000 rw-p 00000000 00:00 0 
5c6ff000-5c700000 ---p 00000000 00:00 0 
5c700000-5c7ff000 rw-p 00000000 00:00 0 
5c7ff000-5c800000 ---p 00000000 00:00 0 
5c800000-5c8ff000 rw-p 00000000 00:00 0 
5c8ff000-5c900000 ---p 00000000 00:00 0 
5c900000-5c9ff000 rw-p 00000000 00:00 0 
5c9ff000-5ca00000 ---p 00000000 00:00 0 
5ca00000-5caff000 rw-p 00000000 00:00 0 
5caff000-5cb00000 ---p 00000000 00:00 0 
5cb00000-5cbff000 rw-p 00000000 00:00 0 
5cbff000-5cc00000 ---p 00000000 00:00 0 
5cc00000-5ccff000 rw-p 00000000 00:00 0 
5ccff000-5cd00000 ---p 00000000 00:00 0 
5cd00000-5cdff000 rw-p 00000000 00:00 0 
5cdff000-5ce00000 ---p 00000000 00:00 0 
5ce00000-5ceff000 rw-p 00000000 00:00 0 
5ceff000-5cf00000 ---p 00000000 00:00 0 
5cf00000-5cfff000 rw-p 00000000 00:00 0 
5cfff000-5d000000 ---p 00000000 00:00 0 
5d000000-5d0ff000 rw-p 00000000 00:00 0 
5d0ff000-5d100000 ---p 00000000 00:00 0 
5d100000-5d1ff000 rw-p 00000000 00:00 0 
5d1ff000-5d200000 ---p 00000000 00:00 0 
5d200000-5d2ff000 rw-p 00000000 00:00 0 
5d2ff000-5d300000 ---p 00000000 00:00 0 
5d300000-5d3ff000 rw-p 00000000 00:00 0 
5d3ff000-5d400000 ---p 00000000 00:00 0 
5d400000-5d4ff000 rw-p 00000000 00:00 0 
5d4ff000-5d500000 ---p 00000000 00:00 0 
5d500000-5d5ff000 rw-p 00000000 00:00 0 
5d5ff000-5d600000 ---p 00000000 00:00 0 
5d600000-5d6ff000 rw-p 00000000 00:00 0 
5d6ff000-5d700000 ---p 00000000 00:00 0 
5d700000-5d7ff000 rw-p 00000000 00:00 0 
5d7ff000-5d800000 ---p 00000000 00:00 0 
5d800000-5d8ff000 rw-p 00000000 00:00 0 
5d8ff000-5d900000 ---p 00000000 00:00 0 
5d900000-5d9ff000 rw-p 00000000 00:00 0 
5d9ff000-5da00000 ---p 00000000 00:00 0 
5da00000-5daff000 rw-p 00000000 00:00 0 
5daff000-5db00000 ---p 00000000 00:00 0 
5db00000-5dbff000 rw-p 00000000 00:00 0 
5dbff000-5dc00000 ---p 00000000 00:00 0 
5dc00000-5dcff000 rw-p 00000000 00:00 0 
5dcff000-5dd00000 ---p 00000000 00:00 0 
5dd00000-5ddff000 rw-p 00000000 00:00 0 
5ddff000-5de00000 ---p 00000000 00:00 0 
5de00000-5deff000 rw-p 00000000 00:00 0 
5deff000-5df00000 ---p 00000000 00:00 0 
5df00000-5dfff000 rw-p 00000000 00:00 0 
5dfff000-5e000000 ---p 00000000 00:00 0 
5e000000-5e0ff000 rw-p 00000000 00:00 0 
5e0ff000-5e100000 ---p 00000000 00:00 0 
5e100000-5e1ff000 rw-p 00000000 00:00 0 
5e1ff000-5e200000 ---p 00000000 00:00 0 
5e200000-5e2ff000 rw-p 00000000 00:00 0 
5e2ff000-5e300000 ---p 00000000 00:00 0 
5e300000-5e3ff000 rw-p 00000000 00:00 0 
5e3ff000-5e400000 ---p 00000000 00:00 0 
5e400000-5e4ff000 rw-p 00000000 00:00 0 
5e4ff000-5e500000 ---p 00000000 00:00 0 
5e500000-5e5ff000 rw-p 00000000 00:00 0 
5e5ff000-5e600000 ---p 00000000 00:00 0 
5e600000-5e6ff000 rw-p 00000000 00:00 0 
5e6ff000-5e700000 ---p 00000000 00:00 0 
5e700000-5e7ff000 rw-p 00000000 00:00 0 
5e7ff000-5e800000 ---p 00000000 00:00 0 
5e800000-5e8ff000 rw-p 00000000 00:00 0 
5e8ff000-5e900000 ---p 00000000 00:00 0 
5e900000-5e9ff000 rw-p 00000000 00:00 0 
5e9ff000-5ea00000 ---p 00000000 00:00 0 
5ea00000-5eaff000 rw-p 00000000 00:00 0 
5eaff000-5eb00000 ---p 00000000 00:00 0 
5eb00000-5ebff000 rw-p 00000000 00:00 0 
5ebff000-5ec00000 ---p 00000000 00:00 0 
5ec00000-5ecff000 rw-p 00000000 00:00 0 
5ecff000-5ed00000 ---p 00000000 00:00 0 
5ed00000-5edff000 rw-p 00000000 00:00 0 
5edff000-5ee00000 ---p 00000000 00:00 0 
5ee00000-5eeff000 rw-p 00000000 00:00 0 
5eeff000-5ef00000 ---p 00000000 00:00 0 
5ef00000-5efff000 rw-p 00000000 00:00 0 
5efff000-5f000000 ---p 00000000 00:00 0 
5f000000-5f0ff000 rw-p 00000000 00:00 0 
5f0ff000-5f100000 ---p 00000000 00:00 0 
5f100000-5f1ff000 rw-p 00000000 00:00 0 
5f1ff000-5f200000 ---p 00000000 00:00 0 
5f200000-5f2ff000 rw-p 00000000 00:00 0 
5f2ff000-5f300000 ---p 00000000 00:00 0 
5f300000-5f3ff000 rw-p 00000000 00:00 0 
5f3ff000-5f400000 ---p 00000000 00:00 0 
5f400000-5f4ff000 rw-p 00000000 00:00 0 
5f4ff000-5f500000 ---p 00000000 00:00 0 
5f500000-5f5ff000 rw-p 00000000 00:00 0 
5f5ff000-5f600000 ---p 00000000 00:00 0 
5f600000-5f6ff000 rw-p 00000000 00:00 0 
5f6ff000-5f700000 ---p 00000000 00:00 0 
5f700000-5f7ff000 rw-p 00000000 00:00 0 
5f7ff000-5f800000 ---p 00000000 00:00 0 
5f800000-5f8ff000 rw-p 00000000 00:00 0 
5f8ff000-5f900000 ---p 00000000 00:00 0 
5f900000-5f9ff000 rw-p 00000000 00:00 0 
5f9ff000-5fa00000 ---p 00000000 00:00 0 
5fa00000-5faff000 rw-p 00000000 00:00 0 
5faff000-5fb00000 ---p 00000000 00:00 0 
5fb00000-5fbff000 rw-p 00000000 00:00 0 
5fbff000-5fc00000 ---p 00000000 00:00 0 
5fc00000-5fcff000 rw-p 00000000 00:00 0 
5fcff000-5fd00000 ---p 00000000 00:00 0 
5fd00000-5fdff000 rw-p 00000000 00:00 0 
5fdff000-5fe00000 ---p 00000000 00:00 0 
5fe00000-5feff000 rw-p 00000000 00:00 0 
5feff000-5ff00000 ---p 00000000 00:00 0 
5ff00000-5ffff000 rw-p 00000000 00:00 0 
5ffff000-60000000 ---p 00000000 00:00 0 
60000000-600ff000 rw-p 00000000 00:00 0 
600ff000-60100000 ---p 00000000 00:00 0 
60100000-601ff000 rw-p 00000000 00:00 0 
601ff000-60200000 ---p 00000000 00:00 0 
60200000-602ff000 rw-p 00000000 00:00 0 
602ff000-60300000 ---p 00000000 00:00 0 
60300000-603ff000 rw-p 00000000 00:00 0 
603ff000-60400000 ---p 00000000 00:00 0 
60400000-604ff000 rw-p 00000000 00:00 0 
604ff000-60500000 ---p 00000000 00:00 0 
60500000-605ff000 rw-p 00000000 00:00 0 
605ff000-60600000 ---p 00000000 00:00 0 
60600000-606ff000 rw-p 00000000 00:00 0 
606ff000-60700000 ---p 00000000 00:00 0 
60700000-607ff000 rw-p 00000000 00:00 0 
607ff000-60800000 ---p 00000000 00:00 0 
60800000-608ff000 rw-p 00000000 00:00 0 
608ff000-60900000 ---p 00000000 00:00 0 
60900000-609ff000 rw-p 00000000 00:00 0 
609ff000-60a00000 ---p 00000000 00:00 0 
60a00000-60aff000 rw-p 00000000 00:00 0 
60aff000-60b00000 ---p 00000000 00:00 0 
60b00000-60bff000 rw-p 00000000 00:00 0 
60bff000-60c00000 ---p 00000000 00:00 0 
60c00000-60cff000 rw-p 00000000 00:00 0 
60cff000-60d00000 ---p 00000000 00:00 0 
60d00000-60dff000 rw-p 00000000 00:00 0 
60dff000-60e00000 ---p 00000000 00:00 0 
60e00000-60eff000 rw-p 00000000 00:00 0 
60eff000-60f00000 ---p 00000000 00:00 0 
60f00000-60fff000 rw-p 00000000 00:00 0 
60fff000-61000000 ---p 00000000 00:00 0 
61000000-610ff000 rw-p 00000000 00:00 0 
610ff000-61100000 ---p 00000000 00:00 0 
61100000-611ff000 rw-p 00000000 00:00 0 
611ff000-61200000 ---p 00000000 00:00 0 
61200000-612ff000 rw-p 00000000 00:00 0 
612ff000-61300000 ---p 00000000 00:00 0 
61300000-613ff000 rw-p 00000000 00:00 0 
613ff000-61400000 ---p 00000000 00:00 0 
61400000-614ff000 rw-p 00000000 00:00 0 
614ff000-61500000 ---p 00000000 00:00 0 
61500000-615ff000 rw-p 00000000 00:00 0 
615ff000-61600000 ---p 00000000 00:00 0 
61600000-61700000 rw-p 00000000 00:00 0 
61700000-617ff000 rw-p 00000000 00:00 0 
617ff000-61800000 ---p 00000000 00:00 0 
61800000-618ff000 rw-p 00000000 00:00 0 
618ff000-61900000 ---p 00000000 00:00 0 
61900000-619ff000 rw-p 00000000 00:00 0 
619ff000-61a00000 ---p 00000000 00:00 0 
61a00000-61aff000 rw-p 00000000 00:00 0 
61aff000-61b00000 ---p 00000000 00:00 0 
61b00000-61bff000 rw-p 00000000 00:00 0 
61bff000-61c00000 ---p 00000000 00:00 0 
61c00000-61cff000 rw-p 00000000 00:00 0 
61cff000-61d00000 ---p 00000000 00:00 0 
61d00000-61eff000 rw-p 00000000 00:00 0 
61eff000-61f00000 ---p 00000000 00:00 0 
61f00000-61fff000 rw-p 00000000 00:00 0 
61fff000-62000000 ---p 00000000 00:00 0 
62000000-620ff000 rw-p 00000000 00:00 0 
620ff000-62100000 ---p 00000000 00:00 0 
62100000-621ff000 rw-p 00000000 00:00 0 
621ff000-62200000 ---p 00000000 00:00 0 
62200000-622ff000 rw-p 00000000 00:00 0 
622ff000-62300000 ---p 00000000 00:00 0 
62300000-623ff000 rw-p 00000000 00:00 0 
623ff000-62400000 ---p 00000000 00:00 0 
62400000-624ff000 rw-p 00000000 00:00 0 
624ff000-62500000 ---p 00000000 00:00 0 
62500000-625ff000 rw-p 00000000 00:00 0 
625ff000-62600000 ---p 00000000 00:00 0 
62600000-626ff000 rw-p 00000000 00:00 0 
626ff000-62700000 ---p 00000000 00:00 0 
62700000-627ff000 rw-p 00000000 00:00 0 
627ff000-62800000 ---p 00000000 00:00 0 
62800000-628ff000 rw-p 00000000 00:00 0 
628ff000-62900000 ---p 00000000 00:00 0 
62900000-629ff000 rw-p 00000000 00:00 0 
629ff000-62a00000 ---p 00000000 00:00 0 
62a00000-62aff000 rw-p 00000000 00:00 0 
62aff000-62b00000 ---p 00000000 00:00 0 
62b00000-62bff000 rw-p 00000000 00:00 0 
62bff000-62c00000 ---p 00000000 00:00 0 
62c00000-62cff000 rw-p 00000000 00:00 0 
62cff000-62d00000 ---p 00000000 00:00 0 
62d00000-62dff000 rw-p 00000000 00:00 0 
62dff000-62e00000 ---p 00000000 00:00 0 
62e00000-62eff000 rw-p 00000000 00:00 0 
62eff000-62f00000 ---p 00000000 00:00 0 
62f00000-62fff000 rw-p 00000000 00:00 0 
62fff000-63000000 ---p 00000000 00:00 0 
63000000-630ff000 rw-p 00000000 00:00 0 
630ff000-63100000 ---p 00000000 00:00 0 
63100000-631ff000 rw-p 00000000 00:00 0 
631ff000-63200000 ---p 00000000 00:00 0 
63200000-632ff000 rw-p 00000000 00:00 0 
632ff000-63300000 ---p 00000000 00:00 0 
63300000-633ff000 rw-p 00000000 00:00 0 
633ff000-63400000 ---p 00000000 00:00 0 
63400000-634ff000 rw-p 00000000 00:00 0 
634ff000-63500000 ---p 00000000 00:00 0 
63500000-635ff000 rw-p 00000000 00:00 0 
635ff000-63600000 ---p 00000000 00:00 0 
63600000-636ff000 rw-p 00000000 00:00 0 
636ff000-63700000 ---p 00000000 00:00 0 
63700000-637ff000 rw-p 00000000 00:00 0 
637ff000-63800000 ---p 00000000 00:00 0 
63800000-638ff000 rw-p 00000000 00:00 0 
638ff000-63900000 ---p 00000000 00:00 0 
63900000-639ff000 rw-p 00000000 00:00 0 
639ff000-63a00000 ---p 00000000 00:00 0 
63a00000-63aff000 rw-p 00000000 00:00 0 
63aff000-63b00000 ---p 00000000 00:00 0 
63b00000-63bff000 rw-p 00000000 00:00 0 
63bff000-63c00000 ---p 00000000 00:00 0 
63c00000-63cff000 rw-p 00000000 00:00 0 
63cff000-63d00000 ---p 00000000 00:00 0 
63d00000-63dff000 rw-p 00000000 00:00 0 
63dff000-63e00000 ---p 00000000 00:00 0 
63e00000-63eff000 rw-p 00000000 00:00 0 
63eff000-63f00000 ---p 00000000 00:00 0 
63f00000-63fff000 rw-p 00000000 00:00 0 
63fff000-64000000 ---p 00000000 00:00 0 
64000000-640ff000 rw-p 00000000 00:00 0 
640ff000-64100000 ---p 00000000 00:00 0 
64100000-641ff000 rw-p 00000000 00:00 0 
641ff000-64200000 ---p 00000000 00:00 0 
64200000-642ff000 rw-p 00000000 00:00 0 
642ff000-64300000 ---p 00000000 00:00 0 
64300000-643ff000 rw-p 00000000 00:00 0 
643ff000-64400000 ---p 00000000 00:00 0 
64400000-644ff000 rw-p 00000000 00:00 0 
644ff000-64500000 ---p 00000000 00:00 0 
64500000-645ff000 rw-p 00000000 00:00 0 
645ff000-64600000 ---p 00000000 00:00 0 
64600000-646ff000 rw-p 00000000 00:00 0 
646ff000-64700000 ---p 00000000 00:00 0 
64700000-648ff000 rw-p 00000000 00:00 0 
648ff000-64900000 ---p 00000000 00:00 0 
64900000-649ff000 rw-p 00000000 00:00 0 
649ff000-64a00000 ---p 00000000 00:00 0 
64a00000-64aff000 rw-p 00000000 00:00 0 
64aff000-64b00000 ---p 00000000 00:00 0 
64b00000-64bff000 rw-p 00000000 00:00 0 
64bff000-64c00000 ---p 00000000 00:00 0 
64c00000-64cff000 rw-p 00000000 00:00 0 
64cff000-64d00000 ---p 00000000 00:00 0 
64d00000-64dff000 rw-p 00000000 00:00 0 
64dff000-64e00000 ---p 00000000 00:00 0 
64e00000-64eff000 rw-p 00000000 00:00 0 
64eff000-64f00000 ---p 00000000 00:00 0 
64f00000-64fff000 rw-p 00000000 00:00 0 
64fff000-65000000 ---p 00000000 00:00 0 
65000000-650ff000 rw-p 00000000 00:00 0 
650ff000-65100000 ---p 00000000 00:00 0 
65100000-651ff000 rw-p 00000000 00:00 0 
651ff000-65200000 ---p 00000000 00:00 0 
65200000-652ff000 rw-p 00000000 00:00 0 
652ff000-65300000 ---p 00000000 00:00 0 
65300000-653ff000 rw-p 00000000 00:00 0 
653ff000-65400000 ---p 00000000 00:00 0 
65400000-654ff000 rw-p 00000000 00:00 0 
654ff000-65500000 ---p 00000000 00:00 0 
65500000-655ff000 rw-p 00000000 00:00 0 
655ff000-65600000 ---p 00000000 00:00 0 
65600000-656ff000 rw-p 00000000 00:00 0 
656ff000-65700000 ---p 00000000 00:00 0 
65700000-657ff000 rw-p 00000000 00:00 0 
657ff000-65800000 ---p 00000000 00:00 0 
65800000-658ff000 rw-p 00000000 00:00 0 
658ff000-65900000 ---p 00000000 00:00 0 
65900000-659ff000 rw-p 00000000 00:00 0 
659ff000-65a00000 ---p 00000000 00:00 0 
65a00000-65b00000 rw-p 00000000 00:00 0 
65b00000-65bff000 rw-p 00000000 00:00 0 
65bff000-65c00000 ---p 00000000 00:00 0 
65c00000-65cff000 rw-p 00000000 00:00 0 
65cff000-65d00000 ---p 00000000 00:00 0 
65d00000-65dff000 rw-p 00000000 00:00 0 
65dff000-65e00000 ---p 00000000 00:00 0 
65e00000-65eff000 rw-p 00000000 00:00 0 
65eff000-65f00000 ---p 00000000 00:00 0 
65f00000-65fff000 rw-p 00000000 00:00 0 
65fff000-66000000 ---p 00000000 00:00 0 
66000000-660ff000 rw-p 00000000 00:00 0 
660ff000-66100000 ---p 00000000 00:00 0 
66100000-661ff000 rw-p 00000000 00:00 0 
661ff000-66200000 ---p 00000000 00:00 0 
66200000-662ff000 rw-p 00000000 00:00 0 
662ff000-66300000 ---p 00000000 00:00 0 
66300000-663ff000 rw-p 00000000 00:00 0 
663ff000-66400000 ---p 00000000 00:00 0 
66400000-664ff000 rw-p 00000000 00:00 0 
664ff000-66500000 ---p 00000000 00:00 0 
66500000-665ff000 rw-p 00000000 00:00 0 
665ff000-66600000 ---p 00000000 00:00 0 
66600000-666ff000 rw-p 00000000 00:00 0 
666ff000-66700000 ---p 00000000 00:00 0 
66700000-667ff000 rw-p 00000000 00:00 0 
667ff000-66800000 ---p 00000000 00:00 0 
66800000-668ff000 rw-p 00000000 00:00 0 
668ff000-66900000 ---p 00000000 00:00 0 
66900000-66aff000 rw-p 00000000 00:00 0 
66aff000-66b00000 ---p 00000000 00:00 0 
66b00000-66bff000 rw-p 00000000 00:00 0 
66bff000-66c00000 ---p 00000000 00:00 0 
66c00000-66cff000 rw-p 00000000 00:00 0 
66cff000-66d00000 ---p 00000000 00:00 0 
66d00000-66dff000 rw-p 00000000 00:00 0 
66dff000-66e00000 ---p 00000000 00:00 0 
66e00000-66eff000 rw-p 00000000 00:00 0 
66eff000-66f00000 ---p 00000000 00:00 0 
66f00000-66fff000 rw-p 00000000 00:00 0 
66fff000-67000000 ---p 00000000 00:00 0 
67000000-670ff000 rw-p 00000000 00:00 0 
670ff000-67100000 ---p 00000000 00:00 0 
67100000-671ff000 rw-p 00000000 00:00 0 
671ff000-67200000 ---p 00000000 00:00 0 
67200000-672ff000 rw-p 00000000 00:00 0 
672ff000-67300000 ---p 00000000 00:00 0 
67300000-673ff000 rw-p 00000000 00:00 0 
673ff000-67400000 ---p 00000000 00:00 0 
67400000-674ff000 rw-p 00000000 00:00 0 
674ff000-67500000 ---p 00000000 00:00 0 
67500000-675ff000 rw-p 00000000 00:00 0 
675ff000-67600000 ---p 00000000 00:00 0 
67600000-676ff000 rw-p 00000000 00:00 0 
676ff000-67700000 ---p 00000000 00:00 0 
67700000-677ff000 rw-p 00000000 00:00 0 
677ff000-67800000 ---p 00000000 00:00 0 
67800000-678ff000 rw-p 00000000 00:00 0 
678ff000-67900000 ---p 00000000 00:00 0 
67900000-67aff000 rw-p 00000000 00:00 0 
67aff000-67b00000 ---p 00000000 00:00 0 
67b00000-67bff000 rw-p 00000000 00:00 0 
67bff000-67c00000 ---p 00000000 00:00 0 
67c00000-67cff000 rw-p 00000000 00:00 0 
67cff000-67d00000 ---p 00000000 00:00 0 
67d00000-67dff000 rw-p 00000000 00:00 0 
67dff000-67e00000 ---p 00000000 00:00 0 
67e00000-67eff000 rw-p 00000000 00:00 0 
67eff000-67f00000 ---p 00000000 00:00 0 
67f00000-67fff000 rw-p 00000000 00:00 0 
67fff000-68000000 ---p 00000000 00:00 0 
68000000-680ff000 rw-p 00000000 00:00 0 
680ff000-68100000 ---p 00000000 00:00 0 
68100000-681ff000 rw-p 00000000 00:00 0 
681ff000-68200000 ---p 00000000 00:00 0 
68200000-682ff000 rw-p 00000000 00:00 0 
682ff000-68300000 ---p 00000000 00:00 0 
68300000-683ff000 rw-p 00000000 00:00 0 
683ff000-68400000 ---p 00000000 00:00 0 
68400000-684ff000 rw-p 00000000 00:00 0 
684ff000-68500000 ---p 00000000 00:00 0 
68500000-685ff000 rw-p 00000000 00:00 0 
685ff000-68600000 ---p 00000000 00:00 0 
68600000-686ff000 rw-p 00000000 00:00 0 
686ff000-68700000 ---p 00000000 00:00 0 
68700000-687ff000 rw-p 00000000 00:00 0 
687ff000-68800000 ---p 00000000 00:00 0 
68800000-688ff000 rw-p 00000000 00:00 0 
688ff000-68900000 ---p 00000000 00:00 0 
68900000-68aff000 rw-p 00000000 00:00 0 
68aff000-68b00000 ---p 00000000 00:00 0 
68b00000-68bff000 rw-p 00000000 00:00 0 
68bff000-68c00000 ---p 00000000 00:00 0 
68c00000-68cff000 rw-p 00000000 00:00 0 
68cff000-68d00000 ---p 00000000 00:00 0 
68d00000-68dff000 rw-p 00000000 00:00 0 
68dff000-68e00000 ---p 00000000 00:00 0 
68e00000-68eff000 rw-p 00000000 00:00 0 
68eff000-68f00000 ---p 00000000 00:00 0 
68f00000-68fff000 rw-p 00000000 00:00 0 
68fff000-69000000 ---p 00000000 00:00 0 
69000000-690ff000 rw-p 00000000 00:00 0 
690ff000-69100000 ---p 00000000 00:00 0 
69100000-691ff000 rw-p 00000000 00:00 0 
691ff000-69200000 ---p 00000000 00:00 0 
69200000-692ff000 rw-p 00000000 00:00 0 
692ff000-69300000 ---p 00000000 00:00 0 
69300000-693ff000 rw-p 00000000 00:00 0 
693ff000-69400000 ---p 00000000 00:00 0 
69400000-694ff000 rw-p 00000000 00:00 0 
694ff000-69500000 ---p 00000000 00:00 0 
69500000-695ff000 rw-p 00000000 00:00 0 
695ff000-69600000 ---p 00000000 00:00 0 
69600000-696ff000 rw-p 00000000 00:00 0 
696ff000-69700000 ---p 00000000 00:00 0 
69700000-697ff000 rw-p 00000000 00:00 0 
697ff000-69800000 ---p 00000000 00:00 0 
69800000-698ff000 rw-p 00000000 00:00 0 
698ff000-69900000 ---p 00000000 00:00 0 
69900000-699ff000 rw-p 00000000 00:00 0 
699ff000-69a00000 ---p 00000000 00:00 0 
69a00000-69aff000 rw-p 00000000 00:00 0 
69aff000-69b00000 ---p 00000000 00:00 0 
69b00000-69bff000 rw-p 00000000 00:00 0 
69bff000-69c00000 ---p 00000000 00:00 0 
69c00000-69d00000 rw-p 00000000 00:00 0 
69d00000-69dff000 rw-p 00000000 00:00 0 
69dff000-69e00000 ---p 00000000 00:00 0 
69e00000-69eff000 rw-p 00000000 00:00 0 
69eff000-69f00000 ---p 00000000 00:00 0 
69f00000-69fff000 rw-p 00000000 00:00 0 
69fff000-6a000000 ---p 00000000 00:00 0 
6a000000-6a0ff000 rw-p 00000000 00:00 0 
6a0ff000-6a100000 ---p 00000000 00:00 0 
6a100000-6a1ff000 rw-p 00000000 00:00 0 
6a1ff000-6a200000 ---p 00000000 00:00 0 
6a200000-6a2ff000 rw-p 00000000 00:00 0 
6a2ff000-6a300000 ---p 00000000 00:00 0 
6a300000-6a3ff000 rw-p 00000000 00:00 0 
6a3ff000-6a400000 ---p 00000000 00:00 0 
6a400000-6a4ff000 rw-p 00000000 00:00 0 
6a4ff000-6a500000 ---p 00000000 00:00 0 
6a500000-6a5ff000 rw-p 00000000 00:00 0 
6a5ff000-6a600000 ---p 00000000 00:00 0 
6a600000-6a6ff000 rw-p 00000000 00:00 0 
6a6ff000-6a700000 ---p 00000000 00:00 0 
6a700000-6a7ff000 rw-p 00000000 00:00 0 
6a7ff000-6a800000 ---p 00000000 00:00 0 
6a800000-6a8ff000 rw-p 00000000 00:00 0 
6a8ff000-6a900000 ---p 00000000 00:00 0 
6a900000-6a9ff000 rw-p 00000000 00:00 0 
6a9ff000-6aa00000 ---p 00000000 00:00 0 
6aa00000-6aaff000 rw-p 00000000 00:00 0 
6aaff000-6ab00000 ---p 00000000 00:00 0 
6ab00000-6abff000 rw-p 00000000 00:00 0 
6abff000-6ac00000 ---p 00000000 00:00 0 
6ac00000-6acff000 rw-p 00000000 00:00 0 
6acff000-6ad00000 ---p 00000000 00:00 0 
6ad00000-6adff000 rw-p 00000000 00:00 0 
6adff000-6ae00000 ---p 00000000 00:00 0 
6ae00000-6aeff000 rw-p 00000000 00:00 0 
6aeff000-6af00000 ---p 00000000 00:00 0 
6af00000-6afff000 rw-p 00000000 00:00 0 
6afff000-6b000000 ---p 00000000 00:00 0 
6b000000-6b0ff000 rw-p 00000000 00:00 0 
6b0ff000-6b100000 ---p 00000000 00:00 0 
6b100000-6b1ff000 rw-p 00000000 00:00 0 
6b1ff000-6b200000 ---p 00000000 00:00 0 
6b200000-6b2ff000 rw-p 00000000 00:00 0 
6b2ff000-6b300000 ---p 00000000 00:00 0 
6b300000-6b3ff000 rw-p 00000000 00:00 0 
6b3ff000-6b400000 ---p 00000000 00:00 0 
6b400000-6b500000 rw-p 00000000 00:00 0 
6b500000-6b5ff000 rw-p 00000000 00:00 0 
6b5ff000-6b600000 ---p 00000000 00:00 0 
6b600000-6b6ff000 rw-p 00000000 00:00 0 
6b6ff000-6b700000 ---p 00000000 00:00 0 
6b700000-6b7ff000 rw-p 00000000 00:00 0 
6b7ff000-6b800000 ---p 00000000 00:00 0 
6b800000-6b8ff000 rw-p 00000000 00:00 0 
6b8ff000-6b900000 ---p 00000000 00:00 0 
6b900000-6b9ff000 rw-p 00000000 00:00 0 
6b9ff000-6ba00000 ---p 00000000 00:00 0 
6ba00000-6baff000 rw-p 00000000 00:00 0 
6baff000-6bb00000 ---p 00000000 00:00 0 
6bb00000-6bbff000 rw-p 00000000 00:00 0 
6bbff000-6bc00000 ---p 00000000 00:00 0 
6bc00000-6bcff000 rw-p 00000000 00:00 0 
6bcff000-6bd00000 ---p 00000000 00:00 0 
6bd00000-6bf00000 rw-p 00000000 00:00 0 
6bf00000-6bfff000 rw-p 00000000 00:00 0 
6bfff000-6c000000 ---p 00000000 00:00 0 
6c000000-6c0ff000 rw-p 00000000 00:00 0 
6c0ff000-6c100000 ---p 00000000 00:00 0 
6c100000-6c1ff000 rw-p 00000000 00:00 0 
6c1ff000-6c200000 ---p 00000000 00:00 0 
6c200000-6c2ff000 rw-p 00000000 00:00 0 
6c2ff000-6c300000 ---p 00000000 00:00 0 
6c300000-6c3ff000 rw-p 00000000 00:00 0 
6c3ff000-6c400000 ---p 00000000 00:00 0 
6c400000-6c4ff000 rw-p 00000000 00:00 0 
6c4ff000-6c500000 ---p 00000000 00:00 0 
6c500000-6c5ff000 rw-p 00000000 00:00 0 
6c5ff000-6c600000 ---p 00000000 00:00 0 
6c700000-6c7ff000 rw-p 00000000 00:00 0 
6c7ff000-6c800000 ---p 00000000 00:00 0 
6c900000-6c9fd000 rw-p 00000000 00:00 0 
6c9fd000-6ca00000 ---p 00000000 00:00 0 
6cb00000-6cbff000 rw-p 00000000 00:00 0 
6cbff000-6cc00000 ---p 00000000 00:00 0 
6cd00000-6cdff000 rw-p 00000000 00:00 0 
6cdff000-6ce00000 ---p 00000000 00:00 0 
6cf00000-6cfff000 rw-p 00000000 00:00 0 
6cfff000-6d000000 ---p 00000000 00:00 0 
6d100000-6d1fe000 rw-p 00000000 00:00 0 
6d1fe000-6d200000 ---p 00000000 00:00 0 
6d300000-6d400000 rw-p 00000000 00:00 0 
6d400000-6d4ff000 rw-p 00000000 00:00 0 
6d4ff000-6d500000 ---p 00000000 00:00 0 
6d500000-6d5fd000 rw-p 00000000 00:00 0 
6d5fd000-6d600000 ---p 00000000 00:00 0 
6d600000-6d6ff000 rw-p 00000000 00:00 0 
6d6ff000-6d700000 ---p 00000000 00:00 0 
6d700000-6d7ff000 rw-p 00000000 00:00 0 
6d7ff000-6d800000 ---p 00000000 00:00 0 
6d82e000-6d8af000 rw-p 00000000 00:00 0 
6d8af000-6d8b2000 ---p 00000000 00:00 0 
6d8b2000-6d900000 rw-p 00000000 00:00 0          [stack:8497]
6d900000-6d9ff000 rw-p 00000000 00:00 0 
6d9ff000-6da00000 ---p 00000000 00:00 0 
6da00000-6db00000 rw-p 00000000 00:00 0 
6db00000-6dc00000 rw-p 00000000 00:00 0 
6dc0d000-6dc10000 ---p 00000000 00:00 0 
6dc10000-6dc5e000 rw-p 00000000 00:00 0          [stack:8499]
6dc5e000-6dc61000 ---p 00000000 00:00 0 
6dc61000-6dcaf000 rw-p 00000000 00:00 0          [stack:8494]
6dcaf000-6dcb2000 ---p 00000000 00:00 0 
6dcb2000-6dd00000 rw-p 00000000 00:00 0          [stack:8495]
6dd00000-6ddfe000 rw-p 00000000 00:00 0 
6ddfe000-6de00000 ---p 00000000 00:00 0 
6de00000-6defd000 rw-p 00000000 00:00 0 
6defd000-6df00000 ---p 00000000 00:00 0 
6df00000-6dfff000 rw-p 00000000 00:00 0 
6dfff000-6e000000 ---p 00000000 00:00 0 
6e000000-6e0f9000 rw-p 00000000 00:00 0 
6e0f9000-6e100000 ---p 00000000 00:00 0 
6e100000-6e1f7000 rw-p 00000000 00:00 0 
6e1f7000-6e200000 ---p 00000000 00:00 0 
6e22e000-6e231000 ---p 00000000 00:00 0 
6e231000-6e27f000 rw-p 00000000 00:00 0          [stack:8498]
6e27f000-6e282000 ---p 00000000 00:00 0 
6e282000-6e2d0000 rw-p 00000000 00:00 0          [stack:8496]
6e2d0000-6e2d3000 ---p 00000000 00:00 0 
6e2d3000-6e321000 rw-p 00000000 00:00 0          [stack:8130]
6e321000-6e600000 rw-s 00000000 00:04 26443800   /SYSV00000000 (deleted)
6e600000-6e700000 rw-p 00000000 00:00 0 
6e70c000-6e731000 r-xp 00000000 08:05 920948     /usr/local/jdk1.7.0_25/jre/lib/i386/libdcpr.so
6e731000-6e734000 rw-p 00024000 08:05 920948     /usr/local/jdk1.7.0_25/jre/lib/i386/libdcpr.so
6e734000-6e73e000 r--s 00000000 08:05 160038     /var/cache/fontconfig/6aa41aa22e18b8fa06a12da28ea9c28b-le32d4.cache-4
6e73e000-6e73f000 r--s 00000000 08:05 135350     /var/cache/fontconfig/c05880de57d1f5e948fdfacc138775d9-le32d4.cache-4
6e73f000-6e747000 r--s 00000000 08:05 132383     /var/cache/fontconfig/945677eb7aeaf62f1d50efc3fb3ec7d8-le32d4.cache-4
6e747000-6e749000 r--s 00000000 08:05 135346     /var/cache/fontconfig/99e8ed0e538f840c565b6ed5dad60d56-le32d4.cache-4
6e749000-6e74d000 r--s 00000000 08:05 135345     /var/cache/fontconfig/2cd17615ca594fa2959ae173292e504c-le32d4.cache-4
6e74d000-6e74e000 r--s 00000000 08:05 135343     /var/cache/fontconfig/e7071f4a29fa870f4323321c154eba04-le32d4.cache-4
6e74e000-6e753000 r--s 00000000 08:05 135336     /var/cache/fontconfig/6eb3985aa4124903f6ff08ba781cd364-le32d4.cache-4
6e753000-6e754000 r--s 00000000 08:05 135335     /var/cache/fontconfig/0d8c3b2ac0904cb8a57a757ad11a4a08-le32d4.cache-4
6e754000-6e759000 r--s 00000000 08:05 135332     /var/cache/fontconfig/a755afe4a08bf5b97852ceb7400b47bc-le32d4.cache-4
6e759000-6e762000 r--s 00000000 08:05 135331     /var/cache/fontconfig/6d41288fd70b0be22e8c3a91e032eec0-le32d4.cache-4
6e762000-6e765000 r--s 00000000 08:05 135330     /var/cache/fontconfig/de156ccd2eddbdc19d37a45b8b2aac9c-le32d4.cache-4
6e765000-6e774000 r--s 00000000 08:05 135327     /var/cache/fontconfig/04aabc0a78ac019cf9454389977116d2-le32d4.cache-4
6e774000-6e775000 r--s 00000000 08:05 135326     /var/cache/fontconfig/1ac9eb803944fde146138c791f5cc56a-le32d4.cache-4
6e775000-6e778000 r--s 00000000 08:05 135324     /var/cache/fontconfig/385c0604a188198f04d133e54aba7fe7-le32d4.cache-4
6e778000-6e779000 r--s 00000000 08:05 135322     /var/cache/fontconfig/dc05db6664285cc2f12bf69c139ae4c3-le32d4.cache-4
6e779000-6e77b000 r--s 00000000 08:05 135288     /var/cache/fontconfig/767a8244fc0220cfb567a839d0392e0b-le32d4.cache-4
6e77b000-6e77c000 r--s 00000000 08:05 136533     /var/cache/fontconfig/4794a0821666d79190d59a36cb4f44b5-le32d4.cache-4
6e77c000-6e780000 r--s 00000000 08:05 135312     /var/cache/fontconfig/8801497958630a81b71ace7c5f9b32a8-le32d4.cache-4
6e780000-6e7af000 r--s 00000000 08:05 135309     /var/cache/fontconfig/365b55f210c0a22e9a19e35191240f32-le32d4.cache-4
6e7af000-6e7bf000 r--s 00000000 08:05 135301     /var/cache/fontconfig/d52a8644073d54c13679302ca1180695-le32d4.cache-4
6e7bf000-6e7c8000 r--s 00000000 08:05 135294     /var/cache/fontconfig/d589a48862398ed80a3d6066f4f56f4c-le32d4.cache-4
6e7c8000-6e7d9000 r--s 00000000 08:05 160036     /var/cache/fontconfig/e13b20fdb08344e0e664864cc2ede53d-le32d4.cache-4
6e7d9000-6e7e3000 r--s 00000000 08:05 132260     /var/cache/fontconfig/8f02d4cb045bd6ce15663e43f347c9f8-le32d4.cache-4
6e7ee000-6e7f2000 r--s 0008a000 08:05 801676     /usr/local/jdk1.7.0_25/jre/lib/jsse.jar
6e7f2000-6e7f6000 r--s 000f7000 08:05 920736     /usr/local/jdk1.7.0_25/jre/lib/ext/localedata.jar
6e7f6000-6e856000 r-xp 00000000 08:05 921007     /usr/local/jdk1.7.0_25/jre/lib/i386/libt2k.so
6e856000-6e85a000 rw-p 0005f000 08:05 921007     /usr/local/jdk1.7.0_25/jre/lib/i386/libt2k.so
6e85a000-6e85e000 rw-p 00000000 00:00 0 
6e85e000-6e861000 ---p 00000000 00:00 0 
6e861000-6e8af000 rw-p 00000000 00:00 0          [stack:8129]
6e8af000-6e8b2000 ---p 00000000 00:00 0 
6e8b2000-6e900000 rw-p 00000000 00:00 0          [stack:8128]
6e900000-6e9f9000 rw-p 00000000 00:00 0 
6e9f9000-6ea00000 ---p 00000000 00:00 0 
6ea00000-6ea03000 r--s 00000000 08:05 158659     /var/cache/fontconfig/c57959a16110560c8d0fcea73374aeeb-le32d4.cache-4
6ea03000-6ea08000 r--s 00000000 08:05 135306     /var/cache/fontconfig/3047814df9a2f067bd2d96a2b9c36e5a-le32d4.cache-4
6ea09000-6ea10000 r-xp 00000000 08:05 920580     /usr/local/jdk1.7.0_25/jre/lib/i386/libmanagement.so
6ea10000-6ea11000 rw-p 00006000 08:05 920580     /usr/local/jdk1.7.0_25/jre/lib/i386/libmanagement.so
6ea11000-6ea14000 ---p 00000000 00:00 0 
6ea14000-6ea22000 rw-p 00000000 00:00 0 
6ea22000-6ea30000 r-xp 00000000 08:05 921004     /usr/local/jdk1.7.0_25/jre/lib/i386/libnio.so
6ea30000-6ea31000 rw-p 0000e000 08:05 921004     /usr/local/jdk1.7.0_25/jre/lib/i386/libnio.so
6ea31000-6ea38000 r--s 00000000 08:05 137339     /var/cache/fontconfig/3f7329c5293ffd510edef78f73874cfd-le32d4.cache-4
6ea38000-6ea4e000 r--s 00000000 08:05 132160     /var/cache/fontconfig/467c019e582ee353435ea5c21d137ef6-le32d4.cache-4
6ea4e000-6ea6a000 r-xp 00000000 08:05 1308309    /lib/i386-linux-gnu/libgcc_s.so.1
6ea6a000-6ea6b000 rw-p 0001b000 08:05 1308309    /lib/i386-linux-gnu/libgcc_s.so.1
6ea6b000-6eac7000 r-xp 00000000 08:05 920544     /usr/local/jdk1.7.0_25/jre/lib/i386/libfontmanager.so
6eac7000-6eaca000 rw-p 0005b000 08:05 920544     /usr/local/jdk1.7.0_25/jre/lib/i386/libfontmanager.so
6eaca000-6eace000 rw-p 00000000 00:00 0 
6eace000-6ead1000 ---p 00000000 00:00 0 
6ead1000-6eb1f000 rw-p 00000000 00:00 0          [stack:8127]
6eb1f000-6eb23000 r-xp 00000000 08:05 1308763    /usr/lib/i386-linux-gnu/libXfixes.so.3.1.0
6eb23000-6eb24000 r--p 00003000 08:05 1308763    /usr/lib/i386-linux-gnu/libXfixes.so.3.1.0
6eb24000-6eb25000 rw-p 00004000 08:05 1308763    /usr/lib/i386-linux-gnu/libXfixes.so.3.1.0
6eb25000-6eb2e000 r-xp 00000000 08:05 1327605    /usr/lib/i386-linux-gnu/libXcursor.so.1.0.2
6eb2e000-6eb2f000 r--p 00008000 08:05 1327605    /usr/lib/i386-linux-gnu/libXcursor.so.1.0.2
6eb2f000-6eb30000 rw-p 00009000 08:05 1327605    /usr/lib/i386-linux-gnu/libXcursor.so.1.0.2
6eb30000-6eb31000 r--s 00000000 08:05 135305     /var/cache/fontconfig/56cf4f4769d0f4abc89a4895d7bd3ae1-le32d4.cache-4
6eb31000-6eb35000 r--s 00000000 08:05 135302     /var/cache/fontconfig/b47c4e1ecd0709278f4910c18777a504-le32d4.cache-4
6eb35000-6eb38000 r--s 00000000 08:05 132933     /var/cache/fontconfig/7ef2298fde41cc6eeb7af42e48b7d293-le32d4.cache-4
6eb38000-6eb4c000 r-xp 00000000 08:05 921005     /usr/local/jdk1.7.0_25/jre/lib/i386/libnet.so
6eb4c000-6eb4d000 rw-p 00014000 08:05 921005     /usr/local/jdk1.7.0_25/jre/lib/i386/libnet.so
6eb4d000-6eb50000 ---p 00000000 00:00 0 
6eb50000-6eb9e000 rw-p 00000000 00:00 0          [stack:8126]
6eb9e000-6eba5000 r--s 00000000 08:05 1345900    /usr/lib/i386-linux-gnu/gconv/gconv-modules.cache
6eba5000-6ebaa000 r-xp 00000000 08:05 1314515    /usr/lib/i386-linux-gnu/libXdmcp.so.6.0.0
6ebaa000-6ebab000 r--p 00004000 08:05 1314515    /usr/lib/i386-linux-gnu/libXdmcp.so.6.0.0
6ebab000-6ebac000 rw-p 00005000 08:05 1314515    /usr/lib/i386-linux-gnu/libXdmcp.so.6.0.0
6ebac000-6ebcc000 r-xp 00000000 08:05 1321788    /usr/lib/i386-linux-gnu/libxcb.so.1.1.0
6ebcc000-6ebcd000 r--p 0001f000 08:05 1321788    /usr/lib/i386-linux-gnu/libxcb.so.1.1.0
6ebcd000-6ebce000 rw-p 00020000 08:05 1321788    /usr/lib/i386-linux-gnu/libxcb.so.1.1.0
6ebce000-6ecfe000 r-xp 00000000 08:05 1314520    /usr/lib/i386-linux-gnu/libX11.so.6.3.0
6ecfe000-6ecff000 r--p 00130000 08:05 1314520    /usr/lib/i386-linux-gnu/libX11.so.6.3.0
6ecff000-6ed01000 rw-p 00131000 08:05 1314520    /usr/lib/i386-linux-gnu/libX11.so.6.3.0
6ed01000-6ed02000 rw-p 00000000 00:00 0 
6ed02000-6ed4b000 r-xp 00000000 08:05 920620     /usr/local/jdk1.7.0_25/jre/lib/i386/xawt/libmawt.so
6ed4b000-6ed4d000 rw-p 00049000 08:05 920620     /usr/local/jdk1.7.0_25/jre/lib/i386/xawt/libmawt.so
6ed4d000-6ed4e000 rw-p 00000000 00:00 0 
6ed4e000-6edd5000 r-xp 00000000 08:05 921010     /usr/local/jdk1.7.0_25/jre/lib/i386/libawt.so
6edd5000-6eddc000 rw-p 00086000 08:05 921010     /usr/local/jdk1.7.0_25/jre/lib/i386/libawt.so
6eddc000-6ee00000 rw-p 00000000 00:00 0 
6ee00000-6eef8000 rw-p 00000000 00:00 0 
6eef8000-6ef00000 ---p 00000000 00:00 0 
6ef00000-6ef01000 r--s 00000000 08:05 135304     /var/cache/fontconfig/b9d506c9ac06c20b433354fa67a72993-le32d4.cache-4
6ef01000-6ef02000 r--s 00000000 08:05 135293     /var/cache/fontconfig/0c9eb80ebd1c36541ebe2852d3bb0c49-le32d4.cache-4
6ef02000-6ef10000 r-xp 00000000 08:05 1308727    /usr/lib/i386-linux-gnu/libXi.so.6.1.0
6ef10000-6ef11000 r--p 0000e000 08:05 1308727    /usr/lib/i386-linux-gnu/libXi.so.6.1.0
6ef11000-6ef12000 rw-p 0000f000 08:05 1308727    /usr/lib/i386-linux-gnu/libXi.so.6.1.0
6ef12000-6ef1b000 r-xp 00000000 08:05 1308620    /usr/lib/i386-linux-gnu/libXrender.so.1.3.0
6ef1b000-6ef1c000 r--p 00008000 08:05 1308620    /usr/lib/i386-linux-gnu/libXrender.so.1.3.0
6ef1c000-6ef1d000 rw-p 00009000 08:05 1308620    /usr/lib/i386-linux-gnu/libXrender.so.1.3.0
6ef1d000-6ef2e000 r-xp 00000000 08:05 1310443    /usr/lib/i386-linux-gnu/libXext.so.6.4.0
6ef2e000-6ef2f000 r--p 00010000 08:05 1310443    /usr/lib/i386-linux-gnu/libXext.so.6.4.0
6ef2f000-6ef30000 rw-p 00011000 08:05 1310443    /usr/lib/i386-linux-gnu/libXext.so.6.4.0
6ef30000-6f002000 r--s 00912000 08:05 1475206    /home/edimar/.m2/repository/org/neo4j/neo4j-cypher-compiler-2.2/2.2.3/neo4j-cypher-compiler-2.2-2.2.3.jar
6f002000-6f0a2000 r--s 006df000 08:05 1475248    /home/edimar/.m2/repository/org/neo4j/neo4j-cypher-compiler-2.1/2.1.8/neo4j-cypher-compiler-2.1-2.1.8.jar
6f0a2000-6f114000 r--s 004c5000 08:05 1475246    /home/edimar/.m2/repository/org/neo4j/neo4j-cypher-compiler-2.0/2.0.4/neo4j-cypher-compiler-2.0-2.0.4.jar
6f114000-6f159000 r--s 002a1000 08:05 1475242    /home/edimar/.m2/repository/org/neo4j/neo4j-cypher-compiler-1.9/2.0.4/neo4j-cypher-compiler-1.9-2.0.4.jar
6f159000-6f18e000 r--s 002da000 08:05 1475238    /home/edimar/.m2/repository/org/scala-lang/scala-reflect/2.10.5/scala-reflect-2.10.5.jar
6f18e000-6f200000 r--s 0065b000 08:05 1475232    /home/edimar/.m2/repository/org/scala-lang/scala-library/2.10.5/scala-library-2.10.5.jar
6f200000-6f300000 rw-p 00000000 00:00 0 
6f300000-6f322000 r--p 00000000 08:05 1444886    /usr/share/locale-langpack/pt_BR/LC_MESSAGES/libc.mo
6f322000-6f36b000 r--s 002dc000 08:05 1475189    /home/edimar/.m2/repository/org/neo4j/neo4j-kernel/2.2.3/neo4j-kernel-2.2.3.jar
6f36b000-6f36c000 ---p 00000000 00:00 0 
6f36c000-6f3ec000 rw-p 00000000 00:00 0          [stack:8125]
6f3ec000-6f3ef000 ---p 00000000 00:00 0 
6f3ef000-6f43d000 rw-p 00000000 00:00 0          [stack:8124]
6f43d000-6f440000 ---p 00000000 00:00 0 
6f440000-6f4be000 rw-p 00000000 00:00 0          [stack:8123]
6f4be000-6f4c1000 ---p 00000000 00:00 0 
6f4c1000-6f53f000 rw-p 00000000 00:00 0          [stack:8122]
6f53f000-6f542000 ---p 00000000 00:00 0 
6f542000-6f590000 rw-p 00000000 00:00 0          [stack:8121]
6f590000-6f700000 r--p 002ca000 08:05 793784     /usr/lib/locale/locale-archive
6f700000-6f900000 r--p 00000000 08:05 793784     /usr/lib/locale/locale-archive
6f900000-6f9fe000 rw-p 00000000 00:00 0 
6f9fe000-6fa00000 ---p 00000000 00:00 0 
6fa00000-6fa02000 r-xp 00000000 08:05 1314511    /usr/lib/i386-linux-gnu/libXau.so.6.0.0
6fa02000-6fa03000 r--p 00001000 08:05 1314511    /usr/lib/i386-linux-gnu/libXau.so.6.0.0
6fa03000-6fa04000 rw-p 00002000 08:05 1314511    /usr/lib/i386-linux-gnu/libXau.so.6.0.0
6fa04000-6fa1d000 r--s 00135000 08:05 1476993    /home/edimar/.m2/repository/xerces/xercesImpl/2.11.0/xercesImpl-2.11.0.jar
6fa1d000-6fa20000 ---p 00000000 00:00 0 
6fa20000-6fa6e000 rw-p 00000000 00:00 0          [stack:8120]
6fa6e000-6fa6f000 ---p 00000000 00:00 0 
6fa6f000-6faef000 rw-p 00000000 00:00 0          [stack:8118]
6faef000-6fcac000 r--s 039f9000 08:05 801680     /usr/local/jdk1.7.0_25/jre/lib/rt.jar
6fcac000-72700000 rw-p 00000000 00:00 0 
72700000-727fb000 rw-p 00000000 00:00 0 
727fb000-72800000 ---p 00000000 00:00 0 
72800000-72801000 r--s 00000000 08:05 132636     /var/cache/fontconfig/16326683038b281783a0ef8c680e3a10-le32d4.cache-4
72801000-72802000 r--s 00000000 08:05 132250     /var/cache/fontconfig/e0aa53bcfa504e64f87823c16bc01eb6-le32d4.cache-4
72802000-72807000 r-xp 00000000 08:05 1310579    /usr/lib/i386-linux-gnu/libXtst.so.6.1.0
72807000-72808000 r--p 00004000 08:05 1310579    /usr/lib/i386-linux-gnu/libXtst.so.6.1.0
72808000-72809000 rw-p 00005000 08:05 1310579    /usr/lib/i386-linux-gnu/libXtst.so.6.1.0
72809000-72812000 r--s 0002d000 08:05 1476992    /home/edimar/.m2/repository/xml-apis/xml-apis/1.4.01/xml-apis-1.4.01.jar
72812000-72814000 r--s 0001d000 08:05 1476991    /home/edimar/.m2/repository/net/sourceforge/nekohtml/nekohtml/1.9.22/nekohtml-1.9.22.jar
72814000-72818000 r--s 00016000 08:05 1476964    /home/edimar/.m2/repository/javax/xml/bind/jaxb-api/2.2.12/jaxb-api-2.2.12.jar
72818000-7281b000 r--s 0001b000 08:05 1476955    /home/edimar/.m2/repository/xpp3/xpp3/1.1.4c/xpp3-1.1.4c.jar
7281b000-72821000 r--s 00033000 08:05 1476951    /home/edimar/.m2/repository/jaxen/jaxen/1.1.6/jaxen-1.1.6.jar
72821000-72824000 r--s 00017000 08:05 1476952    /home/edimar/.m2/repository/pull-parser/pull-parser/2/pull-parser-2.jar
72824000-72829000 r--s 00034000 08:05 1476966    /home/edimar/.m2/repository/net/java/dev/msv/xsdlib/2013.6.1/xsdlib-2013.6.1.jar
72829000-7282e000 r--s 00048000 08:05 1476965    /home/edimar/.m2/repository/org/dom4j/dom4j/2.0.0-RC1/dom4j-2.0.0-RC1.jar
7282e000-72831000 ---p 00000000 00:00 0 
72831000-7287f000 rw-p 00000000 00:00 0          [stack:8119]
7287f000-72880000 ---p 00000000 00:00 0 
72880000-72900000 rw-p 00000000 00:00 0          [stack:8117]
72900000-7295a000 rw-p 00000000 00:00 0 
7295a000-72a00000 ---p 00000000 00:00 0 
72a00000-72a02000 r--s 00004000 08:05 1476957    /home/edimar/.m2/repository/javax/xml/stream/stax-api/1.0-2/stax-api-1.0-2.jar
72a02000-72a04000 r--s 00008000 08:05 1445117    /home/edimar/.m2/repository/org/apache/commons/commons-csv/1.2/commons-csv-1.2.jar
72a04000-72a06000 r--s 00003000 08:05 1477612    /home/edimar/.m2/repository/br/edimarmanica/Dataset/1.0-SNAPSHOT/Dataset-1.0-SNAPSHOT.jar
72a06000-72a0e000 r--s 00049000 08:05 1475268    /home/edimar/.m2/repository/org/neo4j/neo4j-consistency-check/2.2.3/neo4j-consistency-check-2.2.3.jar
72a0e000-72a12000 r--s 00019000 08:05 1475260    /home/edimar/.m2/repository/com/googlecode/concurrentlinkedhashmap/concurrentlinkedhashmap-lru/1.4/concurrentlinkedhashmap-lru-1.4.jar
72a12000-72a17000 r--s 00029000 08:05 1475254    /home/edimar/.m2/repository/org/parboiled/parboiled-core/1.1.7/parboiled-core-1.1.7.jar
72a17000-72a1c000 r--s 00035000 08:05 1475272    /home/edimar/.m2/repository/org/parboiled/parboiled-scala_2.10/1.1.7/parboiled-scala_2.10-1.1.7.jar
72a1c000-72a2c000 r--s 000af000 08:05 1475230    /home/edimar/.m2/repository/org/neo4j/neo4j-cypher/2.2.3/neo4j-cypher-2.2.3.jar
72a2c000-72a77000 rw-p 00000000 00:00 0 
72a77000-72a78000 ---p 00000000 00:00 0 
72a78000-72bd6000 rw-p 00000000 00:00 0          [stack:8116]
72bd6000-72c3b000 rw-p 00000000 00:00 0 
72c3b000-72c52000 rw-p 00000000 00:00 0 
72c52000-72c54000 ---p 00000000 00:00 0 
72c54000-72c5b000 rw-p 00000000 00:00 0 
72c5b000-72d39000 rw-p 00000000 00:00 0 
72d39000-72d9d000 rw-p 00000000 00:00 0 
72d9d000-72e3f000 rw-p 00000000 00:00 0 
72e3f000-75a80000 rw-p 00000000 00:00 0 
75a80000-75e80000 ---p 00000000 00:00 0 
75e80000-76e40000 rw-p 00000000 00:00 0 
76e40000-928a0000 rw-p 00000000 00:00 0 
9f3a0000-b3640000 rw-p 00000000 00:00 0 
b3640000-b3652000 rw-p 00000000 00:00 0 
b3652000-b3700000 rw-p 00000000 00:00 0 
b3700000-b3b80000 rwxp 00000000 00:00 0 
b3b80000-b67f9000 rw-p 00000000 00:00 0 
b67f9000-b6800000 ---p 00000000 00:00 0 
b6800000-b6801000 r--s 00004000 08:05 1476950    /home/edimar/.m2/repository/relaxngDatatype/relaxngDatatype/20020414/relaxngDatatype-20020414.jar
b6801000-b6803000 r--s 0000a000 08:05 1475262    /home/edimar/.m2/repository/org/neo4j/neo4j-jmx/2.2.3/neo4j-jmx-2.2.3.jar
b6803000-b6805000 r--s 0000b000 08:05 1475223    /home/edimar/.m2/repository/org/neo4j/neo4j-graph-matching/2.2.3/neo4j-graph-matching-2.2.3.jar
b6805000-b6807000 r--s 00008000 08:05 1475224    /home/edimar/.m2/repository/org/neo4j/neo4j-udc/2.2.3/neo4j-udc-2.2.3.jar
b6807000-b680b000 r--s 00024000 08:05 1475208    /home/edimar/.m2/repository/org/neo4j/neo4j-graph-algo/2.2.3/neo4j-graph-algo-2.2.3.jar
b680b000-b6824000 r--s 0015f000 08:05 1475220    /home/edimar/.m2/repository/org/apache/lucene/lucene-core/3.6.2/lucene-core-3.6.2.jar
b6824000-b6829000 r--s 00036000 08:05 1475217    /home/edimar/.m2/repository/org/neo4j/neo4j-lucene-index/2.2.3/neo4j-lucene-index-2.2.3.jar
b6829000-b6840000 rw-p 00000000 00:00 0 
b6840000-b6842000 ---p 00000000 00:00 0 
b6842000-b6849000 rw-p 00000000 00:00 0 
b6849000-b6860000 r-xp 00000000 08:05 921011     /usr/local/jdk1.7.0_25/jre/lib/i386/libzip.so
b6860000-b6861000 rw-p 00017000 08:05 921011     /usr/local/jdk1.7.0_25/jre/lib/i386/libzip.so
b6861000-b686c000 r-xp 00000000 08:05 1345962    /lib/i386-linux-gnu/libnss_files-2.19.so
b686c000-b686d000 r--p 0000a000 08:05 1345962    /lib/i386-linux-gnu/libnss_files-2.19.so
b686d000-b686e000 rw-p 0000b000 08:05 1345962    /lib/i386-linux-gnu/libnss_files-2.19.so
b686e000-b6878000 r-xp 00000000 08:05 1345948    /lib/i386-linux-gnu/libnss_nis-2.19.so
b6878000-b6879000 r--p 00009000 08:05 1345948    /lib/i386-linux-gnu/libnss_nis-2.19.so
b6879000-b687a000 rw-p 0000a000 08:05 1345948    /lib/i386-linux-gnu/libnss_nis-2.19.so
b687a000-b688f000 r-xp 00000000 08:05 1345949    /lib/i386-linux-gnu/libnsl-2.19.so
b688f000-b6890000 r--p 00015000 08:05 1345949    /lib/i386-linux-gnu/libnsl-2.19.so
b6890000-b6891000 rw-p 00016000 08:05 1345949    /lib/i386-linux-gnu/libnsl-2.19.so
b6891000-b6893000 rw-p 00000000 00:00 0 
b6893000-b6894000 r--s 00003000 08:05 1463223    /home/edimar/.m2/repository/br/edimarmanica/HTMLtoNeo4j/1.0-SNAPSHOT/HTMLtoNeo4j-1.0-SNAPSHOT.jar
b6894000-b6897000 r--s 0000f000 08:05 1475216    /home/edimar/.m2/repository/org/neo4j/neo4j-csv/2.2.3/neo4j-csv-2.2.3.jar
b6897000-b689e000 r--s 00028000 08:05 1475203    /home/edimar/.m2/repository/org/neo4j/neo4j-primitive-collections/2.2.3/neo4j-primitive-collections-2.2.3.jar
b689e000-b68a8000 r--s 00371000 08:05 801668     /usr/local/jdk1.7.0_25/jre/lib/charsets.jar
b68a8000-b68b0000 rw-s 00000000 08:05 2135485    /tmp/hsperfdata_edimar/8111
b68b0000-b68d3000 r-xp 00000000 08:05 920949     /usr/local/jdk1.7.0_25/jre/lib/i386/libjava.so
b68d3000-b68d4000 rw-p 00022000 08:05 920949     /usr/local/jdk1.7.0_25/jre/lib/i386/libjava.so
b68d4000-b68db000 r-xp 00000000 08:05 1345963    /lib/i386-linux-gnu/librt-2.19.so
b68db000-b68dc000 r--p 00006000 08:05 1345963    /lib/i386-linux-gnu/librt-2.19.so
b68dc000-b68dd000 rw-p 00007000 08:05 1345963    /lib/i386-linux-gnu/librt-2.19.so
b68dd000-b68e0000 ---p 00000000 00:00 0 
b68e0000-b692e000 rw-p 00000000 00:00 0          [stack:8115]
b692e000-b6972000 r-xp 00000000 08:05 1345953    /lib/i386-linux-gnu/libm-2.19.so
b6972000-b6973000 r--p 00043000 08:05 1345953    /lib/i386-linux-gnu/libm-2.19.so
b6973000-b6974000 rw-p 00044000 08:05 1345953    /lib/i386-linux-gnu/libm-2.19.so
b6974000-b7127000 r-xp 00000000 08:05 920577     /usr/local/jdk1.7.0_25/jre/lib/i386/server/libjvm.so
b7127000-b717a000 rw-p 007b2000 08:05 920577     /usr/local/jdk1.7.0_25/jre/lib/i386/server/libjvm.so
b717a000-b759c000 rw-p 00000000 00:00 0 
b759c000-b7744000 r-xp 00000000 08:05 1345945    /lib/i386-linux-gnu/libc-2.19.so
b7744000-b7746000 r--p 001a8000 08:05 1345945    /lib/i386-linux-gnu/libc-2.19.so
b7746000-b7747000 rw-p 001aa000 08:05 1345945    /lib/i386-linux-gnu/libc-2.19.so
b7747000-b774a000 rw-p 00000000 00:00 0 
b774a000-b774d000 r-xp 00000000 08:05 1345946    /lib/i386-linux-gnu/libdl-2.19.so
b774d000-b774e000 r--p 00002000 08:05 1345946    /lib/i386-linux-gnu/libdl-2.19.so
b774e000-b774f000 rw-p 00003000 08:05 1345946    /lib/i386-linux-gnu/libdl-2.19.so
b774f000-b7762000 r-xp 00000000 08:05 920734     /usr/local/jdk1.7.0_25/jre/lib/i386/jli/libjli.so
b7762000-b7763000 rw-p 00012000 08:05 920734     /usr/local/jdk1.7.0_25/jre/lib/i386/jli/libjli.so
b7763000-b7764000 rw-p 00000000 00:00 0 
b7764000-b777c000 r-xp 00000000 08:05 1345958    /lib/i386-linux-gnu/libpthread-2.19.so
b777c000-b777d000 r--p 00018000 08:05 1345958    /lib/i386-linux-gnu/libpthread-2.19.so
b777d000-b777e000 rw-p 00019000 08:05 1345958    /lib/i386-linux-gnu/libpthread-2.19.so
b777e000-b7780000 rw-p 00000000 00:00 0 
b7780000-b7781000 r--s 00004000 08:05 1475258    /home/edimar/.m2/repository/net/sf/opencsv/opencsv/2.3/opencsv-2.3.jar
b7781000-b7784000 r--s 00017000 08:05 1475210    /home/edimar/.m2/repository/org/neo4j/neo4j-io/2.2.3/neo4j-io-2.2.3.jar
b7784000-b7785000 r--s 00002000 08:05 1475209    /home/edimar/.m2/repository/org/neo4j/neo4j-unsafe/2.2.3/neo4j-unsafe-2.2.3.jar
b7785000-b7786000 r--s 00005000 08:05 1475213    /home/edimar/.m2/repository/org/neo4j/neo4j/2.2.3/neo4j-2.2.3.jar
b7786000-b778d000 r-xp 00000000 08:05 1345954    /lib/i386-linux-gnu/libnss_compat-2.19.so
b778d000-b778e000 r--p 00006000 08:05 1345954    /lib/i386-linux-gnu/libnss_compat-2.19.so
b778e000-b778f000 rw-p 00007000 08:05 1345954    /lib/i386-linux-gnu/libnss_compat-2.19.so
b778f000-b7790000 rw-p 00000000 00:00 0 
b7790000-b7791000 r--p 00000000 00:00 0 
b7791000-b779c000 r-xp 00000000 08:05 920805     /usr/local/jdk1.7.0_25/jre/lib/i386/libverify.so
b779c000-b779d000 rw-p 0000b000 08:05 920805     /usr/local/jdk1.7.0_25/jre/lib/i386/libverify.so
b779d000-b779f000 rw-p 00000000 00:00 0 
b779f000-b77a0000 r-xp 00000000 00:00 0          [vdso]
b77a0000-b77c0000 r-xp 00000000 08:05 1345947    /lib/i386-linux-gnu/ld-2.19.so
b77c0000-b77c1000 r--p 0001f000 08:05 1345947    /lib/i386-linux-gnu/ld-2.19.so
b77c1000-b77c2000 rw-p 00020000 08:05 1345947    /lib/i386-linux-gnu/ld-2.19.so
bf971000-bf993000 rw-p 00000000 00:00 0          [stack]

VM Arguments:
java_command: br.edimarmanica.expressiveness.tool.Tela
Launcher Type: SUN_STANDARD

Environment Variables:
JAVA_HOME=/usr/local/jdk1.7.0_25
PATH=/usr/local/sbin:/usr/local/bin:/usr/sbin:/usr/bin:/sbin:/bin:/usr/games:/usr/local/games
LD_LIBRARY_PATH=/usr/local/jdk1.7.0_25/jre/lib/amd64:/usr/local/jdk1.7.0_25/jre/lib/i386:
SHELL=/bin/bash
DISPLAY=:0

Signal Handlers:
SIGSEGV: [libjvm.so+0x71d560], sa_mask[0]=0x7ffbfeff, sa_flags=0x10000004
SIGBUS: [libjvm.so+0x71d560], sa_mask[0]=0x7ffbfeff, sa_flags=0x10000004
SIGFPE: [libjvm.so+0x5d74f0], sa_mask[0]=0x7ffbfeff, sa_flags=0x10000004
SIGPIPE: [libjvm.so+0x5d74f0], sa_mask[0]=0x7ffbfeff, sa_flags=0x10000004
SIGXFSZ: [libjvm.so+0x5d74f0], sa_mask[0]=0x7ffbfeff, sa_flags=0x10000004
SIGILL: [libjvm.so+0x5d74f0], sa_mask[0]=0x7ffbfeff, sa_flags=0x10000004
SIGUSR1: SIG_DFL, sa_mask[0]=0x00000000, sa_flags=0x00000000
SIGUSR2: [libjvm.so+0x5d6dd0], sa_mask[0]=0x00000004, sa_flags=0x10000004
SIGHUP: [libjvm.so+0x5d93c0], sa_mask[0]=0x7ffbfeff, sa_flags=0x10000004
SIGINT: SIG_IGN, sa_mask[0]=0x00000000, sa_flags=0x00000000
SIGTERM: [libjvm.so+0x5d93c0], sa_mask[0]=0x7ffbfeff, sa_flags=0x10000004
SIGQUIT: [libjvm.so+0x5d93c0], sa_mask[0]=0x7ffbfeff, sa_flags=0x10000004


---------------  S Y S T E M  ---------------

OS:jessie/sid

uname:Linux 3.13.0-62-generic #102-Ubuntu SMP Tue Aug 11 14:28:35 UTC 2015 i686
libc:glibc 2.19 NPTL 2.19 
rlimit: STACK 8192k, CORE 0k, NPROC 30761, NOFILE 4096, AS infinity
load average:16,98 10,15 6,54

/proc/meminfo:
MemTotal:        3964180 kB
MemFree:          209752 kB
Buffers:             772 kB
Cached:           639928 kB
SwapCached:        35560 kB
Active:          2690088 kB
Inactive:         961804 kB
Active(anon):    2681612 kB
Inactive(anon):   910828 kB
Active(file):       8476 kB
Inactive(file):    50976 kB
Unevictable:         164 kB
Mlocked:             164 kB
HighTotal:       3110916 kB
HighFree:          39108 kB
LowTotal:         853264 kB
LowFree:          170644 kB
SwapTotal:       1724412 kB
SwapFree:           1352 kB
Dirty:               120 kB
Writeback:             0 kB
AnonPages:       2977232 kB
Mapped:           129340 kB
Shmem:            581028 kB
Slab:              49036 kB
SReclaimable:      19700 kB
SUnreclaim:        29336 kB
KernelStack:        5944 kB
PageTables:        27800 kB
NFS_Unstable:          0 kB
Bounce:                0 kB
WritebackTmp:          0 kB
CommitLimit:     3706500 kB
Committed_AS:   11744588 kB
VmallocTotal:     122880 kB
VmallocUsed:       18172 kB
VmallocChunk:      96568 kB
HardwareCorrupted:     0 kB
AnonHugePages:    741376 kB
HugePages_Total:       0
HugePages_Free:        0
HugePages_Rsvd:        0
HugePages_Surp:        0
Hugepagesize:       2048 kB
DirectMap4k:       43000 kB
DirectMap2M:      870400 kB


CPU:total 2 (2 cores per cpu, 1 threads per core) family 6 model 23 stepping 10, cmov, cx8, fxsr, mmx, sse, sse2, sse3, ssse3, sse4.1, tsc

/proc/cpuinfo:
processor	: 0
vendor_id	: GenuineIntel
cpu family	: 6
model		: 23
model name	: Intel(R) Core(TM)2 Duo CPU     E8600  @ 3.33GHz
stepping	: 10
microcode	: 0xa07
cpu MHz		: 3333.000
cache size	: 6144 KB
physical id	: 0
siblings	: 2
core id		: 0
cpu cores	: 2
apicid		: 0
initial apicid	: 0
fdiv_bug	: no
f00f_bug	: no
coma_bug	: no
fpu		: yes
fpu_exception	: yes
cpuid level	: 13
wp		: yes
flags		: fpu vme de pse tsc msr pae mce cx8 apic sep mtrr pge mca cmov pat pse36 clflush dts acpi mmx fxsr sse sse2 ss ht tm pbe nx lm constant_tsc arch_perfmon pebs bts aperfmperf pni dtes64 monitor ds_cpl vmx smx est tm2 ssse3 cx16 xtpr pdcm sse4_1 xsave lahf_lm dtherm tpr_shadow vnmi flexpriority
bogomips	: 6650.03
clflush size	: 64
cache_alignment	: 64
address sizes	: 36 bits physical, 48 bits virtual
power management:

processor	: 1
vendor_id	: GenuineIntel
cpu family	: 6
model		: 23
model name	: Intel(R) Core(TM)2 Duo CPU     E8600  @ 3.33GHz
stepping	: 10
microcode	: 0xa07
cpu MHz		: 3333.000
cache size	: 6144 KB
physical id	: 0
siblings	: 2
core id		: 1
cpu cores	: 2
apicid		: 1
initial apicid	: 1
fdiv_bug	: no
f00f_bug	: no
coma_bug	: no
fpu		: yes
fpu_exception	: yes
cpuid level	: 13
wp		: yes
flags		: fpu vme de pse tsc msr pae mce cx8 apic sep mtrr pge mca cmov pat pse36 clflush dts acpi mmx fxsr sse sse2 ss ht tm pbe nx lm constant_tsc arch_perfmon pebs bts aperfmperf pni dtes64 monitor ds_cpl vmx smx est tm2 ssse3 cx16 xtpr pdcm sse4_1 xsave lahf_lm dtherm tpr_shadow vnmi flexpriority
bogomips	: 6650.03
clflush size	: 64
cache_alignment	: 64
address sizes	: 36 bits physical, 48 bits virtual
power management:



Memory: 4k page, physical 3964180k(209628k free), swap 1724412k(1356k free)

vm_info: Java HotSpot(TM) Server VM (23.25-b01) for linux-x86 JRE (1.7.0_25-b15), built on Jun  5 2013 20:53:39 by "java_re" with gcc 4.3.0 20080428 (Red Hat 4.3.0-8)

time: Mon Sep 14 15:36:43 2015
elapsed time: 1227 seconds

